-------------------------------------------------------------------------------
Test set: org.apache.commons.complex.QuaternionTest
-------------------------------------------------------------------------------
Tests run: 19, Failures: 0, Errors: 3, Skipped: 0, Time elapsed: 0.016 sec <<< FAILURE! - in org.apache.commons.complex.QuaternionTest
testIsUnitQuaternion(org.apache.commons.complex.QuaternionTest)  Time elapsed: 0.005 sec  <<< ERROR!
java.lang.StackOverflowError: null
	at org.apache.commons.complex.Quaternion.equals(Quaternion.java)
	at org.apache.commons.complex.Quaternion.equals(Quaternion.java:480)
	at org.apache.commons.complex.Quaternion.equals(Quaternion.java:480)
	at org.apache.commons.complex.Quaternion.equals(Quaternion.java:480)
	at org.apache.commons.complex.Quaternion.equals(Quaternion.java:480)
	at org.apache.commons.complex.Quaternion.equals(Quaternion.java:480)
	at org.apache.commons.complex.Quaternion.equals(Quaternion.java:480)
	at org.apache.commons.complex.Quaternion.equals(Quaternion.java:480)
	at org.apache.commons.complex.Quaternion.equals(Quaternion.java:480)
	at org.apache.commons.complex.Quaternion.equals(Quaternion.java:480)
	at org.apache.commons.complex.Quaternion.equals(Quaternion.java:480)
	at org.apache.commons.complex.Quaternion.equals(Quaternion.java:480)
	at org.apache.commons.complex.Quaternion.equals(Quaternion.java:480)
	at org.apache.commons.complex.Quaternion.equals(Quaternion.java:480)
	at org.apache.commons.complex.Quaternion.equals(Quaternion.java:480)
	at org.apache.commons.complex.Quaternion.equals(Quaternion.java:480)
	at org.apache.commons.complex.Quaternion.equals(Quaternion.java:480)
	at org.apache.commons.complex.Quaternion.equals(Quaternion.java:480)
	at org.apache.commons.complex.Quaternion.equals(Quaternion.java:480)
	at org.apache.commons.complex.Quaternion.equals(Quaternion.java:480)
	at org.apache.commons.complex.Quaternion.equals(Quaternion.java:480)
	at org.apache.commons.complex.Quaternion.equals(Quaternion.java:480)
	at org.apache.commons.complex.Quaternion.equals(Quaternion.java:480)
	at org.apache.commons.complex.Quaternion.equals(Quaternion.java:480)
	at org.apache.commons.complex.Quaternion.equals(Quaternion.java:480)
	at org.apache.commons.complex.Quaternion.equals(Quaternion.java:480)
	at org.apache.commons.complex.Quaternion.equals(Quaternion.java:480)
	at org.apache.commons.complex.Quaternion.equals(Quaternion.java:480)
	at org.apache.commons.complex.Quaternion.equals(Quaternion.java:480)
	at org.apache.commons.complex.Quaternion.equals(Quaternion.java:480)
	at org.apache.commons.complex.Quaternion.equals(Quaternion.java:480)
	at org.apache.commons.complex.Quaternion.equals(Quaternion.java:480)
	at org.apache.commons.complex.Quaternion.equals(Quaternion.java:480)
	at org.apache.commons.complex.Quaternion.equals(Quaternion.java:480)
	at org.apache.commons.complex.Quaternion.equals(Quaternion.java:480)
	at org.apache.commons.complex.Quaternion.equals(Quaternion.java:480)
	at org.apache.commons.complex.Quaternion.equals(Quaternion.java:480)
	at org.apache.commons.complex.Quaternion.equals(Quaternion.java:480)
	at org.apache.commons.complex.Quaternion.equals(Quaternion.java:480)
	at org.apache.commons.complex.Quaternion.equals(Quaternion.java:480)
	at org.apache.commons.complex.Quaternion.equals(Quaternion.java:480)
	at org.apache.commons.complex.Quaternion.equals(Quaternion.java:480)
	at org.apache.commons.complex.Quaternion.equals(Quaternion.java:480)
	at org.apache.commons.complex.Quaternion.equals(Quaternion.java:480)
	at org.apache.commons.complex.Quaternion.equals(Quaternion.java:480)
	at org.apache.commons.complex.Quaternion.equals(Quaternion.java:480)
	at org.apache.commons.complex.Quaternion.equals(Quaternion.java:480)
	at org.apache.commons.complex.Quaternion.equals(Quaternion.java:480)
	at org.apache.commons.complex.Quaternion.equals(Quaternion.java:480)
	at org.apache.commons.complex.Quaternion.equals(Quaternion.java:480)
	at org.apache.commons.complex.Quaternion.equals(Quaternion.java:480)
	at org.apache.commons.complex.Quaternion.equals(Quaternion.java:480)
	at org.apache.commons.complex.Quaternion.equals(Quaternion.java:480)
	at org.apache.commons.complex.Quaternion.equals(Quaternion.java:480)
	at org.apache.commons.complex.Quaternion.equals(Quaternion.java:480)
	at org.apache.commons.complex.Quaternion.equals(Quaternion.java:480)
	at org.apache.commons.complex.Quaternion.equals(Quaternion.java:480)
	at org.apache.commons.complex.Quaternion.equals(Quaternion.java:480)
	at org.apache.commons.complex.Quaternion.equals(Quaternion.java:480)
	at org.apache.commons.complex.Quaternion.equals(Quaternion.java:480)
	at org.apache.commons.complex.Quaternion.equals(Quaternion.java:480)
	at org.apache.commons.complex.Quaternion.equals(Quaternion.java:480)
	at org.apache.commons.complex.Quaternion.equals(Quaternion.java:480)
	at org.apache.commons.complex.Quaternion.equals(Quaternion.java:480)
	at org.apache.commons.complex.Quaternion.equals(Quaternion.java:480)
	at org.apache.commons.complex.Quaternion.equals(Quaternion.java:480)
	at org.apache.commons.complex.Quaternion.equals(Quaternion.java:480)
	at org.apache.commons.complex.Quaternion.equals(Quaternion.java:480)
	at org.apache.commons.complex.Quaternion.equals(Quaternion.java:480)
	at org.apache.commons.complex.Quaternion.equals(Quaternion.java:480)
	at org.apache.commons.complex.Quaternion.equals(Quaternion.java:480)
	at org.apache.commons.complex.Quaternion.equals(Quaternion.java:480)
	at org.apache.commons.complex.Quaternion.equals(Quaternion.java:480)
	at org.apache.commons.complex.Quaternion.equals(Quaternion.java:480)
	at org.apache.commons.complex.Quaternion.equals(Quaternion.java:480)
	at org.apache.commons.complex.Quaternion.equals(Quaternion.java:480)
	at org.apache.commons.complex.Quaternion.equals(Quaternion.java:480)
	at org.apache.commons.complex.Quaternion.equals(Quaternion.java:480)
	at org.apache.commons.complex.Quaternion.equals(Quaternion.java:480)
	at org.apache.commons.complex.Quaternion.equals(Quaternion.java:480)
	at org.apache.commons.complex.Quaternion.equals(Quaternion.java:480)
	at org.apache.commons.complex.Quaternion.equals(Quaternion.java:480)
	at org.apache.commons.complex.Quaternion.equals(Quaternion.java:480)
	at org.apache.commons.complex.Quaternion.equals(Quaternion.java:480)
	at org.apache.commons.complex.Quaternion.equals(Quaternion.java:480)
	at org.apache.commons.complex.Quaternion.equals(Quaternion.java:480)
	at org.apache.commons.complex.Quaternion.equals(Quaternion.java:480)
	at org.apache.commons.complex.Quaternion.equals(Quaternion.java:480)
	at org.apache.commons.complex.Quaternion.equals(Quaternion.java:480)
	at org.apache.commons.complex.Quaternion.equals(Quaternion.java:480)
	at org.apache.commons.complex.Quaternion.equals(Quaternion.java:480)
	at org.apache.commons.complex.Quaternion.equals(Quaternion.java:480)
	at org.apache.commons.complex.Quaternion.equals(Quaternion.java:480)
	at org.apache.commons.complex.Quaternion.equals(Quaternion.java:480)
	at org.apache.commons.complex.Quaternion.equals(Quaternion.java:480)
	at org.apache.commons.complex.Quaternion.equals(Quaternion.java:480)
	at org.apache.commons.complex.Quaternion.equals(Quaternion.java:480)
	at org.apache.commons.complex.Quaternion.equals(Quaternion.java:480)
	at org.apache.commons.complex.Quaternion.equals(Quaternion.java:480)
	at org.apache.commons.complex.Quaternion.equals(Quaternion.java:480)
	at org.apache.commons.complex.Quaternion.equals(Quaternion.java:480)
	at org.apache.commons.complex.Quaternion.equals(Quaternion.java:480)
	at org.apache.commons.complex.Quaternion.equals(Quaternion.java:480)
	at org.apache.commons.complex.Quaternion.equals(Quaternion.java:480)
	at org.apache.commons.complex.Quaternion.equals(Quaternion.java:480)
	at org.apache.commons.complex.Quaternion.equals(Quaternion.java:480)
	at org.apache.commons.complex.Quaternion.equals(Quaternion.java:480)
	at org.apache.commons.complex.Quaternion.equals(Quaternion.java:480)
	at org.apache.commons.complex.Quaternion.equals(Quaternion.java:480)
	at org.apache.commons.complex.Quaternion.equals(Quaternion.java:480)
	at org.apache.commons.complex.Quaternion.equals(Quaternion.java:480)
	at org.apache.commons.complex.Quaternion.equals(Quaternion.java:480)
	at org.apache.commons.complex.Quaternion.equals(Quaternion.java:480)
	at org.apache.commons.complex.Quaternion.equals(Quaternion.java:480)
	at org.apache.commons.complex.Quaternion.equals(Quaternion.java:480)
	at org.apache.commons.complex.Quaternion.equals(Quaternion.java:480)
	at org.apache.commons.complex.Quaternion.equals(Quaternion.java:480)
	at org.apache.commons.complex.Quaternion.equals(Quaternion.java:480)
	at org.apache.commons.complex.Quaternion.equals(Quaternion.java:480)
	at org.apache.commons.complex.Quaternion.equals(Quaternion.java:480)
	at org.apache.commons.complex.Quaternion.equals(Quaternion.java:480)
	at org.apache.commons.complex.Quaternion.equals(Quaternion.java:480)
	at org.apache.commons.complex.Quaternion.equals(Quaternion.java:480)
	at org.apache.commons.complex.Quaternion.equals(Quaternion.java:480)
	at org.apache.commons.complex.Quaternion.equals(Quaternion.java:480)
	at org.apache.commons.complex.Quaternion.equals(Quaternion.java:480)
	at org.apache.commons.complex.Quaternion.equals(Quaternion.java:480)
	at org.apache.commons.complex.Quaternion.equals(Quaternion.java:480)
	at org.apache.commons.complex.Quaternion.equals(Quaternion.java:480)
	at org.apache.commons.complex.Quaternion.equals(Quaternion.java:480)
	at org.apache.commons.complex.Quaternion.equals(Quaternion.java:480)
	at org.apache.commons.complex.Quaternion.equals(Quaternion.java:480)
	at org.apache.commons.complex.Quaternion.equals(Quaternion.java:480)
	at org.apache.commons.complex.Quaternion.equals(Quaternion.java:480)
	at org.apache.commons.complex.Quaternion.equals(Quaternion.java:480)
	at org.apache.commons.complex.Quaternion.equals(Quaternion.java:480)
	at org.apache.commons.complex.Quaternion.equals(Quaternion.java:480)
	at org.apache.commons.complex.Quaternion.equals(Quaternion.java:480)
	at org.apache.commons.complex.Quaternion.equals(Quaternion.java:480)
	at org.apache.commons.complex.Quaternion.equals(Quaternion.java:480)
	at org.apache.commons.complex.Quaternion.equals(Quaternion.java:480)
	at org.apache.commons.complex.Quaternion.equals(Quaternion.java:480)
	at org.apache.commons.complex.Quaternion.equals(Quaternion.java:480)
	at org.apache.commons.complex.Quaternion.equals(Quaternion.java:480)
	at org.apache.commons.complex.Quaternion.equals(Quaternion.java:480)
	at org.apache.commons.complex.Quaternion.equals(Quaternion.java:480)
	at org.apache.commons.complex.Quaternion.equals(Quaternion.java:480)
	at org.apache.commons.complex.Quaternion.equals(Quaternion.java:480)
	at org.apache.commons.complex.Quaternion.equals(Quaternion.java:480)
	at org.apache.commons.complex.Quaternion.equals(Quaternion.java:480)
	at org.apache.commons.complex.Quaternion.equals(Quaternion.java:480)
	at org.apache.commons.complex.Quaternion.equals(Quaternion.java:480)
	at org.apache.commons.complex.Quaternion.equals(Quaternion.java:480)
	at org.apache.commons.complex.Quaternion.equals(Quaternion.java:480)
	at org.apache.commons.complex.Quaternion.equals(Quaternion.java:480)
	at org.apache.commons.complex.Quaternion.equals(Quaternion.java:480)
	at org.apache.commons.complex.Quaternion.equals(Quaternion.java:480)
	at org.apache.commons.complex.Quaternion.equals(Quaternion.java:480)
	at org.apache.commons.complex.Quaternion.equals(Quaternion.java:480)
	at org.apache.commons.complex.Quaternion.equals(Quaternion.java:480)
	at org.apache.commons.complex.Quaternion.equals(Quaternion.java:480)
	at org.apache.commons.complex.Quaternion.equals(Quaternion.java:480)
	at org.apache.commons.complex.Quaternion.equals(Quaternion.java:480)
	at org.apache.commons.complex.Quaternion.equals(Quaternion.java:480)
	at org.apache.commons.complex.Quaternion.equals(Quaternion.java:480)
	at org.apache.commons.complex.Quaternion.equals(Quaternion.java:480)
	at org.apache.commons.complex.Quaternion.equals(Quaternion.java:480)
	at org.apache.commons.complex.Quaternion.equals(Quaternion.java:480)
	at org.apache.commons.complex.Quaternion.equals(Quaternion.java:480)
	at org.apache.commons.complex.Quaternion.equals(Quaternion.java:480)
	at org.apache.commons.complex.Quaternion.equals(Quaternion.java:480)
	at org.apache.commons.complex.Quaternion.equals(Quaternion.java:480)
	at org.apache.commons.complex.Quaternion.equals(Quaternion.java:480)
	at org.apache.commons.complex.Quaternion.equals(Quaternion.java:480)
	at org.apache.commons.complex.Quaternion.equals(Quaternion.java:480)
	at org.apache.commons.complex.Quaternion.equals(Quaternion.java:480)
	at org.apache.commons.complex.Quaternion.equals(Quaternion.java:480)
	at org.apache.commons.complex.Quaternion.equals(Quaternion.java:480)
	at org.apache.commons.complex.Quaternion.equals(Quaternion.java:480)
	at org.apache.commons.complex.Quaternion.equals(Quaternion.java:480)
	at org.apache.commons.complex.Quaternion.equals(Quaternion.java:480)
	at org.apache.commons.complex.Quaternion.equals(Quaternion.java:480)
	at org.apache.commons.complex.Quaternion.equals(Quaternion.java:480)
	at org.apache.commons.complex.Quaternion.equals(Quaternion.java:480)
	at org.apache.commons.complex.Quaternion.equals(Quaternion.java:480)
	at org.apache.commons.complex.Quaternion.equals(Quaternion.java:480)
	at org.apache.commons.complex.Quaternion.equals(Quaternion.java:480)
	at org.apache.commons.complex.Quaternion.equals(Quaternion.java:480)
	at org.apache.commons.complex.Quaternion.equals(Quaternion.java:480)
	at org.apache.commons.complex.Quaternion.equals(Quaternion.java:480)
	at org.apache.commons.complex.Quaternion.equals(Quaternion.java:480)
	at org.apache.commons.complex.Quaternion.equals(Quaternion.java:480)
	at org.apache.commons.complex.Quaternion.equals(Quaternion.java:480)
	at org.apache.commons.complex.Quaternion.equals(Quaternion.java:480)
	at org.apache.commons.complex.Quaternion.equals(Quaternion.java:480)
	at org.apache.commons.complex.Quaternion.equals(Quaternion.java:480)
	at org.apache.commons.complex.Quaternion.equals(Quaternion.java:480)
	at org.apache.commons.complex.Quaternion.equals(Quaternion.java:480)
	at org.apache.commons.complex.Quaternion.equals(Quaternion.java:480)
	at org.apache.commons.complex.Quaternion.equals(Quaternion.java:480)
	at org.apache.commons.complex.Quaternion.equals(Quaternion.java:480)
	at org.apache.commons.complex.Quaternion.equals(Quaternion.java:480)
	at org.apache.commons.complex.Quaternion.equals(Quaternion.java:480)
	at org.apache.commons.complex.Quaternion.equals(Quaternion.java:480)
	at org.apache.commons.complex.Quaternion.equals(Quaternion.java:480)
	at org.apache.commons.complex.Quaternion.equals(Quaternion.java:480)
	at org.apache.commons.complex.Quaternion.equals(Quaternion.java:480)
	at org.apache.commons.complex.Quaternion.equals(Quaternion.java:480)
	at org.apache.commons.complex.Quaternion.equals(Quaternion.java:480)
	at org.apache.commons.complex.Quaternion.equals(Quaternion.java:480)
	at org.apache.commons.complex.Quaternion.equals(Quaternion.java:480)
	at org.apache.commons.complex.Quaternion.equals(Quaternion.java:480)
	at org.apache.commons.complex.Quaternion.equals(Quaternion.java:480)
	at org.apache.commons.complex.Quaternion.equals(Quaternion.java:480)
	at org.apache.commons.complex.Quaternion.equals(Quaternion.java:480)
	at org.apache.commons.complex.Quaternion.equals(Quaternion.java:480)
	at org.apache.commons.complex.Quaternion.equals(Quaternion.java:480)
	at org.apache.commons.complex.Quaternion.equals(Quaternion.java:480)
	at org.apache.commons.complex.Quaternion.equals(Quaternion.java:480)
	at org.apache.commons.complex.Quaternion.equals(Quaternion.java:480)
	at org.apache.commons.complex.Quaternion.equals(Quaternion.java:480)
	at org.apache.commons.complex.Quaternion.equals(Quaternion.java:480)
	at org.apache.commons.complex.Quaternion.equals(Quaternion.java:480)
	at org.apache.commons.complex.Quaternion.equals(Quaternion.java:480)
	at org.apache.commons.complex.Quaternion.equals(Quaternion.java:480)
	at org.apache.commons.complex.Quaternion.equals(Quaternion.java:480)
	at org.apache.commons.complex.Quaternion.equals(Quaternion.java:480)
	at org.apache.commons.complex.Quaternion.equals(Quaternion.java:480)
	at org.apache.commons.complex.Quaternion.equals(Quaternion.java:480)
	at org.apache.commons.complex.Quaternion.equals(Quaternion.java:480)
	at org.apache.commons.complex.Quaternion.equals(Quaternion.java:480)
	at org.apache.commons.complex.Quaternion.equals(Quaternion.java:480)
	at org.apache.commons.complex.Quaternion.equals(Quaternion.java:480)
	at org.apache.commons.complex.Quaternion.equals(Quaternion.java:480)
	at org.apache.commons.complex.Quaternion.equals(Quaternion.java:480)
	at org.apache.commons.complex.Quaternion.equals(Quaternion.java:480)
	at org.apache.commons.complex.Quaternion.equals(Quaternion.java:480)
	at org.apache.commons.complex.Quaternion.equals(Quaternion.java:480)
	at org.apache.commons.complex.Quaternion.equals(Quaternion.java:480)
	at org.apache.commons.complex.Quaternion.equals(Quaternion.java:480)
	at org.apache.commons.complex.Quaternion.equals(Quaternion.java:480)
	at org.apache.commons.complex.Quaternion.equals(Quaternion.java:480)
	at org.apache.commons.complex.Quaternion.equals(Quaternion.java:480)
	at org.apache.commons.complex.Quaternion.equals(Quaternion.java:480)
	at org.apache.commons.complex.Quaternion.equals(Quaternion.java:480)
	at org.apache.commons.complex.Quaternion.equals(Quaternion.java:480)
	at org.apache.commons.complex.Quaternion.equals(Quaternion.java:480)
	at org.apache.commons.complex.Quaternion.equals(Quaternion.java:480)
	at org.apache.commons.complex.Quaternion.equals(Quaternion.java:480)
	at org.apache.commons.complex.Quaternion.equals(Quaternion.java:480)
	at org.apache.commons.complex.Quaternion.equals(Quaternion.java:480)
	at org.apache.commons.complex.Quaternion.equals(Quaternion.java:480)
	at org.apache.commons.complex.Quaternion.equals(Quaternion.java:480)
	at org.apache.commons.complex.Quaternion.equals(Quaternion.java:480)
	at org.apache.commons.complex.Quaternion.equals(Quaternion.java:480)
	at org.apache.commons.complex.Quaternion.equals(Quaternion.java:480)
	at org.apache.commons.complex.Quaternion.equals(Quaternion.java:480)
	at org.apache.commons.complex.Quaternion.equals(Quaternion.java:480)
	at org.apache.commons.complex.Quaternion.equals(Quaternion.java:480)
	at org.apache.commons.complex.Quaternion.equals(Quaternion.java:480)
	at org.apache.commons.complex.Quaternion.equals(Quaternion.java:480)
	at org.apache.commons.complex.Quaternion.equals(Quaternion.java:480)
	at org.apache.commons.complex.Quaternion.equals(Quaternion.java:480)
	at org.apache.commons.complex.Quaternion.equals(Quaternion.java:480)
	at org.apache.commons.complex.Quaternion.equals(Quaternion.java:480)
	at org.apache.commons.complex.Quaternion.equals(Quaternion.java:480)
	at org.apache.commons.complex.Quaternion.equals(Quaternion.java:480)
	at org.apache.commons.complex.Quaternion.equals(Quaternion.java:480)
	at org.apache.commons.complex.Quaternion.equals(Quaternion.java:480)
	at org.apache.commons.complex.Quaternion.equals(Quaternion.java:480)
	at org.apache.commons.complex.Quaternion.equals(Quaternion.java:480)
	at org.apache.commons.complex.Quaternion.equals(Quaternion.java:480)
	at org.apache.commons.complex.Quaternion.equals(Quaternion.java:480)
	at org.apache.commons.complex.Quaternion.equals(Quaternion.java:480)
	at org.apache.commons.complex.Quaternion.equals(Quaternion.java:480)
	at org.apache.commons.complex.Quaternion.equals(Quaternion.java:480)
	at org.apache.commons.complex.Quaternion.equals(Quaternion.java:480)
	at org.apache.commons.complex.Quaternion.equals(Quaternion.java:480)
	at org.apache.commons.complex.Quaternion.equals(Quaternion.java:480)
	at org.apache.commons.complex.Quaternion.equals(Quaternion.java:480)
	at org.apache.commons.complex.Quaternion.equals(Quaternion.java:480)
	at org.apache.commons.complex.Quaternion.equals(Quaternion.java:480)
	at org.apache.commons.complex.Quaternion.equals(Quaternion.java:480)
	at org.apache.commons.complex.Quaternion.equals(Quaternion.java:480)
	at org.apache.commons.complex.Quaternion.equals(Quaternion.java:480)
	at org.apache.commons.complex.Quaternion.equals(Quaternion.java:480)
	at org.apache.commons.complex.Quaternion.equals(Quaternion.java:480)
	at org.apache.commons.complex.Quaternion.equals(Quaternion.java:480)
	at org.apache.commons.complex.Quaternion.equals(Quaternion.java:480)
	at org.apache.commons.complex.Quaternion.equals(Quaternion.java:480)
	at org.apache.commons.complex.Quaternion.equals(Quaternion.java:480)
	at org.apache.commons.complex.Quaternion.equals(Quaternion.java:480)
	at org.apache.commons.complex.Quaternion.equals(Quaternion.java:480)
	at org.apache.commons.complex.Quaternion.equals(Quaternion.java:480)
	at org.apache.commons.complex.Quaternion.equals(Quaternion.java:480)
	at org.apache.commons.complex.Quaternion.equals(Quaternion.java:480)
	at org.apache.commons.complex.Quaternion.equals(Quaternion.java:480)
	at org.apache.commons.complex.Quaternion.equals(Quaternion.java:480)
	at org.apache.commons.complex.Quaternion.equals(Quaternion.java:480)
	at org.apache.commons.complex.Quaternion.equals(Quaternion.java:480)
	at org.apache.commons.complex.Quaternion.equals(Quaternion.java:480)
	at org.apache.commons.complex.Quaternion.equals(Quaternion.java:480)
	at org.apache.commons.complex.Quaternion.equals(Quaternion.java:480)
	at org.apache.commons.complex.Quaternion.equals(Quaternion.java:480)
	at org.apache.commons.complex.Quaternion.equals(Quaternion.java:480)
	at org.apache.commons.complex.Quaternion.equals(Quaternion.java:480)
	at org.apache.commons.complex.Quaternion.equals(Quaternion.java:480)
	at org.apache.commons.complex.Quaternion.equals(Quaternion.java:480)
	at org.apache.commons.complex.Quaternion.equals(Quaternion.java:480)
	at org.apache.commons.complex.Quaternion.equals(Quaternion.java:480)
	at org.apache.commons.complex.Quaternion.equals(Quaternion.java:480)
	at org.apache.commons.complex.Quaternion.equals(Quaternion.java:480)
	at org.apache.commons.complex.Quaternion.equals(Quaternion.java:480)
	at org.apache.commons.complex.Quaternion.equals(Quaternion.java:480)
	at org.apache.commons.complex.Quaternion.equals(Quaternion.java:480)
	at org.apache.commons.complex.Quaternion.equals(Quaternion.java:480)
	at org.apache.commons.complex.Quaternion.equals(Quaternion.java:480)
	at org.apache.commons.complex.Quaternion.equals(Quaternion.java:480)
	at org.apache.commons.complex.Quaternion.equals(Quaternion.java:480)
	at org.apache.commons.complex.Quaternion.equals(Quaternion.java:480)
	at org.apache.commons.complex.Quaternion.equals(Quaternion.java:480)
	at org.apache.commons.complex.Quaternion.equals(Quaternion.java:480)
	at org.apache.commons.complex.Quaternion.equals(Quaternion.java:480)
	at org.apache.commons.complex.Quaternion.equals(Quaternion.java:480)
	at org.apache.commons.complex.Quaternion.equals(Quaternion.java:480)
	at org.apache.commons.complex.Quaternion.equals(Quaternion.java:480)
	at org.apache.commons.complex.Quaternion.equals(Quaternion.java:480)
	at org.apache.commons.complex.Quaternion.equals(Quaternion.java:480)
	at org.apache.commons.complex.Quaternion.equals(Quaternion.java:480)
	at org.apache.commons.complex.Quaternion.equals(Quaternion.java:480)
	at org.apache.commons.complex.Quaternion.equals(Quaternion.java:480)
	at org.apache.commons.complex.Quaternion.equals(Quaternion.java:480)
	at org.apache.commons.complex.Quaternion.equals(Quaternion.java:480)
	at org.apache.commons.complex.Quaternion.equals(Quaternion.java:480)
	at org.apache.commons.complex.Quaternion.equals(Quaternion.java:480)
	at org.apache.commons.complex.Quaternion.equals(Quaternion.java:480)
	at org.apache.commons.complex.Quaternion.equals(Quaternion.java:480)
	at org.apache.commons.complex.Quaternion.equals(Quaternion.java:480)
	at org.apache.commons.complex.Quaternion.equals(Quaternion.java:480)
	at org.apache.commons.complex.Quaternion.equals(Quaternion.java:480)
	at org.apache.commons.complex.Quaternion.equals(Quaternion.java:480)
	at org.apache.commons.complex.Quaternion.equals(Quaternion.java:480)
	at org.apache.commons.complex.Quaternion.equals(Quaternion.java:480)
	at org.apache.commons.complex.Quaternion.equals(Quaternion.java:480)
	at org.apache.commons.complex.Quaternion.equals(Quaternion.java:480)
	at org.apache.commons.complex.Quaternion.equals(Quaternion.java:480)
	at org.apache.commons.complex.Quaternion.equals(Quaternion.java:480)
	at org.apache.commons.complex.Quaternion.equals(Quaternion.java:480)
	at org.apache.commons.complex.Quaternion.equals(Quaternion.java:480)
	at org.apache.commons.complex.Quaternion.equals(Quaternion.java:480)
	at org.apache.commons.complex.Quaternion.equals(Quaternion.java:480)
	at org.apache.commons.complex.Quaternion.equals(Quaternion.java:480)
	at org.apache.commons.complex.Quaternion.equals(Quaternion.java:480)
	at org.apache.commons.complex.Quaternion.equals(Quaternion.java:480)
	at org.apache.commons.complex.Quaternion.equals(Quaternion.java:480)
	at org.apache.commons.complex.Quaternion.equals(Quaternion.java:480)
	at org.apache.commons.complex.Quaternion.equals(Quaternion.java:480)
	at org.apache.commons.complex.Quaternion.equals(Quaternion.java:480)
	at org.apache.commons.complex.Quaternion.equals(Quaternion.java:480)
	at org.apache.commons.complex.Quaternion.equals(Quaternion.java:480)
	at org.apache.commons.complex.Quaternion.equals(Quaternion.java:480)
	at org.apache.commons.complex.Quaternion.equals(Quaternion.java:480)
	at org.apache.commons.complex.Quaternion.equals(Quaternion.java:480)
	at org.apache.commons.complex.Quaternion.equals(Quaternion.java:480)
	at org.apache.commons.complex.Quaternion.equals(Quaternion.java:480)
	at org.apache.commons.complex.Quaternion.equals(Quaternion.java:480)
	at org.apache.commons.complex.Quaternion.equals(Quaternion.java:480)
	at org.apache.commons.complex.Quaternion.equals(Quaternion.java:480)
	at org.apache.commons.complex.Quaternion.equals(Quaternion.java:480)
	at org.apache.commons.complex.Quaternion.equals(Quaternion.java:480)
	at org.apache.commons.complex.Quaternion.equals(Quaternion.java:480)
	at org.apache.commons.complex.Quaternion.equals(Quaternion.java:480)
	at org.apache.commons.complex.Quaternion.equals(Quaternion.java:480)
	at org.apache.commons.complex.Quaternion.equals(Quaternion.java:480)
	at org.apache.commons.complex.Quaternion.equals(Quaternion.java:480)
	at org.apache.commons.complex.Quaternion.equals(Quaternion.java:480)
	at org.apache.commons.complex.Quaternion.equals(Quaternion.java:480)
	at org.apache.commons.complex.Quaternion.equals(Quaternion.java:480)
	at org.apache.commons.complex.Quaternion.equals(Quaternion.java:480)
	at org.apache.commons.complex.Quaternion.equals(Quaternion.java:480)
	at org.apache.commons.complex.Quaternion.equals(Quaternion.java:480)
	at org.apache.commons.complex.Quaternion.equals(Quaternion.java:480)
	at org.apache.commons.complex.Quaternion.equals(Quaternion.java:480)
	at org.apache.commons.complex.Quaternion.equals(Quaternion.java:480)
	at org.apache.commons.complex.Quaternion.equals(Quaternion.java:480)
	at org.apache.commons.complex.Quaternion.equals(Quaternion.java:480)
	at org.apache.commons.complex.Quaternion.equals(Quaternion.java:480)
	at org.apache.commons.complex.Quaternion.equals(Quaternion.java:480)
	at org.apache.commons.complex.Quaternion.equals(Quaternion.java:480)
	at org.apache.commons.complex.Quaternion.equals(Quaternion.java:480)
	at org.apache.commons.complex.Quaternion.equals(Quaternion.java:480)
	at org.apache.commons.complex.Quaternion.equals(Quaternion.java:480)
	at org.apache.commons.complex.Quaternion.equals(Quaternion.java:480)
	at org.apache.commons.complex.Quaternion.equals(Quaternion.java:480)
	at org.apache.commons.complex.Quaternion.equals(Quaternion.java:480)
	at org.apache.commons.complex.Quaternion.equals(Quaternion.java:480)
	at org.apache.commons.complex.Quaternion.equals(Quaternion.java:480)
	at org.apache.commons.complex.Quaternion.equals(Quaternion.java:480)
	at org.apache.commons.complex.Quaternion.equals(Quaternion.java:480)
	at org.apache.commons.complex.Quaternion.equals(Quaternion.java:480)
	at org.apache.commons.complex.Quaternion.equals(Quaternion.java:480)
	at org.apache.commons.complex.Quaternion.equals(Quaternion.java:480)
	at org.apache.commons.complex.Quaternion.equals(Quaternion.java:480)
	at org.apache.commons.complex.Quaternion.equals(Quaternion.java:480)
	at org.apache.commons.complex.Quaternion.equals(Quaternion.java:480)
	at org.apache.commons.complex.Quaternion.equals(Quaternion.java:480)
	at org.apache.commons.complex.Quaternion.equals(Quaternion.java:480)
	at org.apache.commons.complex.Quaternion.equals(Quaternion.java:480)
	at org.apache.commons.complex.Quaternion.equals(Quaternion.java:480)
	at org.apache.commons.complex.Quaternion.equals(Quaternion.java:480)
	at org.apache.commons.complex.Quaternion.equals(Quaternion.java:480)
	at org.apache.commons.complex.Quaternion.equals(Quaternion.java:480)
	at org.apache.commons.complex.Quaternion.equals(Quaternion.java:480)
	at org.apache.commons.complex.Quaternion.equals(Quaternion.java:480)
	at org.apache.commons.complex.Quaternion.equals(Quaternion.java:480)
	at org.apache.commons.complex.Quaternion.equals(Quaternion.java:480)
	at org.apache.commons.complex.Quaternion.equals(Quaternion.java:480)
	at org.apache.commons.complex.Quaternion.equals(Quaternion.java:480)
	at org.apache.commons.complex.Quaternion.equals(Quaternion.java:480)
	at org.apache.commons.complex.Quaternion.equals(Quaternion.java:480)
	at org.apache.commons.complex.Quaternion.equals(Quaternion.java:480)
	at org.apache.commons.complex.Quaternion.equals(Quaternion.java:480)
	at org.apache.commons.complex.Quaternion.equals(Quaternion.java:480)
	at org.apache.commons.complex.Quaternion.equals(Quaternion.java:480)
	at org.apache.commons.complex.Quaternion.equals(Quaternion.java:480)
	at org.apache.commons.complex.Quaternion.equals(Quaternion.java:480)
	at org.apache.commons.complex.Quaternion.equals(Quaternion.java:480)
	at org.apache.commons.complex.Quaternion.equals(Quaternion.java:480)
	at org.apache.commons.complex.Quaternion.equals(Quaternion.java:480)
	at org.apache.commons.complex.Quaternion.equals(Quaternion.java:480)
	at org.apache.commons.complex.Quaternion.equals(Quaternion.java:480)
	at org.apache.commons.complex.Quaternion.equals(Quaternion.java:480)
	at org.apache.commons.complex.Quaternion.equals(Quaternion.java:480)
	at org.apache.commons.complex.Quaternion.equals(Quaternion.java:480)
	at org.apache.commons.complex.Quaternion.equals(Quaternion.java:480)
	at org.apache.commons.complex.Quaternion.equals(Quaternion.java:480)
	at org.apache.commons.complex.Quaternion.equals(Quaternion.java:480)
	at org.apache.commons.complex.Quaternion.equals(Quaternion.java:480)
	at org.apache.commons.complex.Quaternion.equals(Quaternion.java:480)
	at org.apache.commons.complex.Quaternion.equals(Quaternion.java:480)
	at org.apache.commons.complex.Quaternion.equals(Quaternion.java:480)
	at org.apache.commons.complex.Quaternion.equals(Quaternion.java:480)
	at org.apache.commons.complex.Quaternion.equals(Quaternion.java:480)
	at org.apache.commons.complex.Quaternion.equals(Quaternion.java:480)
	at org.apache.commons.complex.Quaternion.equals(Quaternion.java:480)
	at org.apache.commons.complex.Quaternion.equals(Quaternion.java:480)
	at org.apache.commons.complex.Quaternion.equals(Quaternion.java:480)
	at org.apache.commons.complex.Quaternion.equals(Quaternion.java:480)
	at org.apache.commons.complex.Quaternion.equals(Quaternion.java:480)
	at org.apache.commons.complex.Quaternion.equals(Quaternion.java:480)
	at org.apache.commons.complex.Quaternion.equals(Quaternion.java:480)
	at org.apache.commons.complex.Quaternion.equals(Quaternion.java:480)
	at org.apache.commons.complex.Quaternion.equals(Quaternion.java:480)
	at org.apache.commons.complex.Quaternion.equals(Quaternion.java:480)
	at org.apache.commons.complex.Quaternion.equals(Quaternion.java:480)
	at org.apache.commons.complex.Quaternion.equals(Quaternion.java:480)
	at org.apache.commons.complex.Quaternion.equals(Quaternion.java:480)
	at org.apache.commons.complex.Quaternion.equals(Quaternion.java:480)
	at org.apache.commons.complex.Quaternion.equals(Quaternion.java:480)
	at org.apache.commons.complex.Quaternion.equals(Quaternion.java:480)
	at org.apache.commons.complex.Quaternion.equals(Quaternion.java:480)
	at org.apache.commons.complex.Quaternion.equals(Quaternion.java:480)
	at org.apache.commons.complex.Quaternion.equals(Quaternion.java:480)
	at org.apache.commons.complex.Quaternion.equals(Quaternion.java:480)
	at org.apache.commons.complex.Quaternion.equals(Quaternion.java:480)
	at org.apache.commons.complex.Quaternion.equals(Quaternion.java:480)
	at org.apache.commons.complex.Quaternion.equals(Quaternion.java:480)
	at org.apache.commons.complex.Quaternion.equals(Quaternion.java:480)
	at org.apache.commons.complex.Quaternion.equals(Quaternion.java:480)
	at org.apache.commons.complex.Quaternion.equals(Quaternion.java:480)
	at org.apache.commons.complex.Quaternion.equals(Quaternion.java:480)
	at org.apache.commons.complex.Quaternion.equals(Quaternion.java:480)
	at org.apache.commons.complex.Quaternion.equals(Quaternion.java:480)
	at org.apache.commons.complex.Quaternion.equals(Quaternion.java:480)
	at org.apache.commons.complex.Quaternion.equals(Quaternion.java:480)
	at org.apache.commons.complex.Quaternion.equals(Quaternion.java:480)
	at org.apache.commons.complex.Quaternion.equals(Quaternion.java:480)
	at org.apache.commons.complex.Quaternion.equals(Quaternion.java:480)
	at org.apache.commons.complex.Quaternion.equals(Quaternion.java:480)
	at org.apache.commons.complex.Quaternion.equals(Quaternion.java:480)
	at org.apache.commons.complex.Quaternion.equals(Quaternion.java:480)
	at org.apache.commons.complex.Quaternion.equals(Quaternion.java:480)
	at org.apache.commons.complex.Quaternion.equals(Quaternion.java:480)
	at org.apache.commons.complex.Quaternion.equals(Quaternion.java:480)
	at org.apache.commons.complex.Quaternion.equals(Quaternion.java:480)
	at org.apache.commons.complex.Quaternion.equals(Quaternion.java:480)
	at org.apache.commons.complex.Quaternion.equals(Quaternion.java:480)
	at org.apache.commons.complex.Quaternion.equals(Quaternion.java:480)
	at org.apache.commons.complex.Quaternion.equals(Quaternion.java:480)
	at org.apache.commons.complex.Quaternion.equals(Quaternion.java:480)
	at org.apache.commons.complex.Quaternion.equals(Quaternion.java:480)
	at org.apache.commons.complex.Quaternion.equals(Quaternion.java:480)
	at org.apache.commons.complex.Quaternion.equals(Quaternion.java:480)
	at org.apache.commons.complex.Quaternion.equals(Quaternion.java:480)
	at org.apache.commons.complex.Quaternion.equals(Quaternion.java:480)
	at org.apache.commons.complex.Quaternion.equals(Quaternion.java:480)
	at org.apache.commons.complex.Quaternion.equals(Quaternion.java:480)
	at org.apache.commons.complex.Quaternion.equals(Quaternion.java:480)
	at org.apache.commons.complex.Quaternion.equals(Quaternion.java:480)
	at org.apache.commons.complex.Quaternion.equals(Quaternion.java:480)
	at org.apache.commons.complex.Quaternion.equals(Quaternion.java:480)
	at org.apache.commons.complex.Quaternion.equals(Quaternion.java:480)
	at org.apache.commons.complex.Quaternion.equals(Quaternion.java:480)
	at org.apache.commons.complex.Quaternion.equals(Quaternion.java:480)
	at org.apache.commons.complex.Quaternion.equals(Quaternion.java:480)
	at org.apache.commons.complex.Quaternion.equals(Quaternion.java:480)
	at org.apache.commons.complex.Quaternion.equals(Quaternion.java:480)
	at org.apache.commons.complex.Quaternion.equals(Quaternion.java:480)
	at org.apache.commons.complex.Quaternion.equals(Quaternion.java:480)
	at org.apache.commons.complex.Quaternion.equals(Quaternion.java:480)
	at org.apache.commons.complex.Quaternion.equals(Quaternion.java:480)
	at org.apache.commons.complex.Quaternion.equals(Quaternion.java:480)
	at org.apache.commons.complex.Quaternion.equals(Quaternion.java:480)
	at org.apache.commons.complex.Quaternion.equals(Quaternion.java:480)
	at org.apache.commons.complex.Quaternion.equals(Quaternion.java:480)
	at org.apache.commons.complex.Quaternion.equals(Quaternion.java:480)
	at org.apache.commons.complex.Quaternion.equals(Quaternion.java:480)
	at org.apache.commons.complex.Quaternion.equals(Quaternion.java:480)
	at org.apache.commons.complex.Quaternion.equals(Quaternion.java:480)
	at org.apache.commons.complex.Quaternion.equals(Quaternion.java:480)
	at org.apache.commons.complex.Quaternion.equals(Quaternion.java:480)
	at org.apache.commons.complex.Quaternion.equals(Quaternion.java:480)
	at org.apache.commons.complex.Quaternion.equals(Quaternion.java:480)
	at org.apache.commons.complex.Quaternion.equals(Quaternion.java:480)
	at org.apache.commons.complex.Quaternion.equals(Quaternion.java:480)
	at org.apache.commons.complex.Quaternion.equals(Quaternion.java:480)
	at org.apache.commons.complex.Quaternion.equals(Quaternion.java:480)
	at org.apache.commons.complex.Quaternion.equals(Quaternion.java:480)
	at org.apache.commons.complex.Quaternion.equals(Quaternion.java:480)
	at org.apache.commons.complex.Quaternion.equals(Quaternion.java:480)
	at org.apache.commons.complex.Quaternion.equals(Quaternion.java:480)
	at org.apache.commons.complex.Quaternion.equals(Quaternion.java:480)
	at org.apache.commons.complex.Quaternion.equals(Quaternion.java:480)
	at org.apache.commons.complex.Quaternion.equals(Quaternion.java:480)
	at org.apache.commons.complex.Quaternion.equals(Quaternion.java:480)
	at org.apache.commons.complex.Quaternion.equals(Quaternion.java:480)
	at org.apache.commons.complex.Quaternion.equals(Quaternion.java:480)
	at org.apache.commons.complex.Quaternion.equals(Quaternion.java:480)
	at org.apache.commons.complex.Quaternion.equals(Quaternion.java:480)
	at org.apache.commons.complex.Quaternion.equals(Quaternion.java:480)
	at org.apache.commons.complex.Quaternion.equals(Quaternion.java:480)
	at org.apache.commons.complex.Quaternion.equals(Quaternion.java:480)
	at org.apache.commons.complex.Quaternion.equals(Quaternion.java:480)
	at org.apache.commons.complex.Quaternion.equals(Quaternion.java:480)
	at org.apache.commons.complex.Quaternion.equals(Quaternion.java:480)
	at org.apache.commons.complex.Quaternion.equals(Quaternion.java:480)
	at org.apache.commons.complex.Quaternion.equals(Quaternion.java:480)
	at org.apache.commons.complex.Quaternion.equals(Quaternion.java:480)
	at org.apache.commons.complex.Quaternion.equals(Quaternion.java:480)
	at org.apache.commons.complex.Quaternion.equals(Quaternion.java:480)
	at org.apache.commons.complex.Quaternion.equals(Quaternion.java:480)
	at org.apache.commons.complex.Quaternion.equals(Quaternion.java:480)
	at org.apache.commons.complex.Quaternion.equals(Quaternion.java:480)
	at org.apache.commons.complex.Quaternion.equals(Quaternion.java:480)
	at org.apache.commons.complex.Quaternion.equals(Quaternion.java:480)
	at org.apache.commons.complex.Quaternion.equals(Quaternion.java:480)
	at org.apache.commons.complex.Quaternion.equals(Quaternion.java:480)
	at org.apache.commons.complex.Quaternion.equals(Quaternion.java:480)
	at org.apache.commons.complex.Quaternion.equals(Quaternion.java:480)
	at org.apache.commons.complex.Quaternion.equals(Quaternion.java:480)
	at org.apache.commons.complex.Quaternion.equals(Quaternion.java:480)
	at org.apache.commons.complex.Quaternion.equals(Quaternion.java:480)
	at org.apache.commons.complex.Quaternion.equals(Quaternion.java:480)
	at org.apache.commons.complex.Quaternion.equals(Quaternion.java:480)
	at org.apache.commons.complex.Quaternion.equals(Quaternion.java:480)
	at org.apache.commons.complex.Quaternion.equals(Quaternion.java:480)
	at org.apache.commons.complex.Quaternion.equals(Quaternion.java:480)
	at org.apache.commons.complex.Quaternion.equals(Quaternion.java:480)
	at org.apache.commons.complex.Quaternion.equals(Quaternion.java:480)
	at org.apache.commons.complex.Quaternion.equals(Quaternion.java:480)
	at org.apache.commons.complex.Quaternion.equals(Quaternion.java:480)
	at org.apache.commons.complex.Quaternion.equals(Quaternion.java:480)
	at org.apache.commons.complex.Quaternion.equals(Quaternion.java:480)
	at org.apache.commons.complex.Quaternion.equals(Quaternion.java:480)
	at org.apache.commons.complex.Quaternion.equals(Quaternion.java:480)
	at org.apache.commons.complex.Quaternion.equals(Quaternion.java:480)
	at org.apache.commons.complex.Quaternion.equals(Quaternion.java:480)
	at org.apache.commons.complex.Quaternion.equals(Quaternion.java:480)
	at org.apache.commons.complex.Quaternion.equals(Quaternion.java:480)
	at org.apache.commons.complex.Quaternion.equals(Quaternion.java:480)
	at org.apache.commons.complex.Quaternion.equals(Quaternion.java:480)
	at org.apache.commons.complex.Quaternion.equals(Quaternion.java:480)
	at org.apache.commons.complex.Quaternion.equals(Quaternion.java:480)
	at org.apache.commons.complex.Quaternion.equals(Quaternion.java:480)
	at org.apache.commons.complex.Quaternion.equals(Quaternion.java:480)
	at org.apache.commons.complex.Quaternion.equals(Quaternion.java:480)
	at org.apache.commons.complex.Quaternion.equals(Quaternion.java:480)
	at org.apache.commons.complex.Quaternion.equals(Quaternion.java:480)
	at org.apache.commons.complex.Quaternion.equals(Quaternion.java:480)
	at org.apache.commons.complex.Quaternion.equals(Quaternion.java:480)
	at org.apache.commons.complex.Quaternion.equals(Quaternion.java:480)
	at org.apache.commons.complex.Quaternion.equals(Quaternion.java:480)
	at org.apache.commons.complex.Quaternion.equals(Quaternion.java:480)
	at org.apache.commons.complex.Quaternion.equals(Quaternion.java:480)
	at org.apache.commons.complex.Quaternion.equals(Quaternion.java:480)
	at org.apache.commons.complex.Quaternion.equals(Quaternion.java:480)
	at org.apache.commons.complex.Quaternion.equals(Quaternion.java:480)
	at org.apache.commons.complex.Quaternion.equals(Quaternion.java:480)
	at org.apache.commons.complex.Quaternion.equals(Quaternion.java:480)
	at org.apache.commons.complex.Quaternion.equals(Quaternion.java:480)
	at org.apache.commons.complex.Quaternion.equals(Quaternion.java:480)
	at org.apache.commons.complex.Quaternion.equals(Quaternion.java:480)
	at org.apache.commons.complex.Quaternion.equals(Quaternion.java:480)
	at org.apache.commons.complex.Quaternion.equals(Quaternion.java:480)
	at org.apache.commons.complex.Quaternion.equals(Quaternion.java:480)
	at org.apache.commons.complex.Quaternion.equals(Quaternion.java:480)
	at org.apache.commons.complex.Quaternion.equals(Quaternion.java:480)
	at org.apache.commons.complex.Quaternion.equals(Quaternion.java:480)
	at org.apache.commons.complex.Quaternion.equals(Quaternion.java:480)
	at org.apache.commons.complex.Quaternion.equals(Quaternion.java:480)
	at org.apache.commons.complex.Quaternion.equals(Quaternion.java:480)
	at org.apache.commons.complex.Quaternion.equals(Quaternion.java:480)
	at org.apache.commons.complex.Quaternion.equals(Quaternion.java:480)
	at org.apache.commons.complex.Quaternion.equals(Quaternion.java:480)
	at org.apache.commons.complex.Quaternion.equals(Quaternion.java:480)
	at org.apache.commons.complex.Quaternion.equals(Quaternion.java:480)
	at org.apache.commons.complex.Quaternion.equals(Quaternion.java:480)
	at org.apache.commons.complex.Quaternion.equals(Quaternion.java:480)
	at org.apache.commons.complex.Quaternion.equals(Quaternion.java:480)
	at org.apache.commons.complex.Quaternion.equals(Quaternion.java:480)
	at org.apache.commons.complex.Quaternion.equals(Quaternion.java:480)
	at org.apache.commons.complex.Quaternion.equals(Quaternion.java:480)
	at org.apache.commons.complex.Quaternion.equals(Quaternion.java:480)
	at org.apache.commons.complex.Quaternion.equals(Quaternion.java:480)
	at org.apache.commons.complex.Quaternion.equals(Quaternion.java:480)
	at org.apache.commons.complex.Quaternion.equals(Quaternion.java:480)
	at org.apache.commons.complex.Quaternion.equals(Quaternion.java:480)
	at org.apache.commons.complex.Quaternion.equals(Quaternion.java:480)
	at org.apache.commons.complex.Quaternion.equals(Quaternion.java:480)
	at org.apache.commons.complex.Quaternion.equals(Quaternion.java:480)
	at org.apache.commons.complex.Quaternion.equals(Quaternion.java:480)
	at org.apache.commons.complex.Quaternion.equals(Quaternion.java:480)
	at org.apache.commons.complex.Quaternion.equals(Quaternion.java:480)
	at org.apache.commons.complex.Quaternion.equals(Quaternion.java:480)
	at org.apache.commons.complex.Quaternion.equals(Quaternion.java:480)
	at org.apache.commons.complex.Quaternion.equals(Quaternion.java:480)
	at org.apache.commons.complex.Quaternion.equals(Quaternion.java:480)
	at org.apache.commons.complex.Quaternion.equals(Quaternion.java:480)
	at org.apache.commons.complex.Quaternion.equals(Quaternion.java:480)
	at org.apache.commons.complex.Quaternion.equals(Quaternion.java:480)
	at org.apache.commons.complex.Quaternion.equals(Quaternion.java:480)
	at org.apache.commons.complex.Quaternion.equals(Quaternion.java:480)
	at org.apache.commons.complex.Quaternion.equals(Quaternion.java:480)
	at org.apache.commons.complex.Quaternion.equals(Quaternion.java:480)
	at org.apache.commons.complex.Quaternion.equals(Quaternion.java:480)
	at org.apache.commons.complex.Quaternion.equals(Quaternion.java:480)
	at org.apache.commons.complex.Quaternion.equals(Quaternion.java:480)
	at org.apache.commons.complex.Quaternion.equals(Quaternion.java:480)
	at org.apache.commons.complex.Quaternion.equals(Quaternion.java:480)
	at org.apache.commons.complex.Quaternion.equals(Quaternion.java:480)
	at org.apache.commons.complex.Quaternion.equals(Quaternion.java:480)
	at org.apache.commons.complex.Quaternion.equals(Quaternion.java:480)
	at org.apache.commons.complex.Quaternion.equals(Quaternion.java:480)
	at org.apache.commons.complex.Quaternion.equals(Quaternion.java:480)
	at org.apache.commons.complex.Quaternion.equals(Quaternion.java:480)
	at org.apache.commons.complex.Quaternion.equals(Quaternion.java:480)
	at org.apache.commons.complex.Quaternion.equals(Quaternion.java:480)
	at org.apache.commons.complex.Quaternion.equals(Quaternion.java:480)
	at org.apache.commons.complex.Quaternion.equals(Quaternion.java:480)
	at org.apache.commons.complex.Quaternion.equals(Quaternion.java:480)
	at org.apache.commons.complex.Quaternion.equals(Quaternion.java:480)
	at org.apache.commons.complex.Quaternion.equals(Quaternion.java:480)
	at org.apache.commons.complex.Quaternion.equals(Quaternion.java:480)
	at org.apache.commons.complex.Quaternion.equals(Quaternion.java:480)
	at org.apache.commons.complex.Quaternion.equals(Quaternion.java:480)
	at org.apache.commons.complex.Quaternion.equals(Quaternion.java:480)
	at org.apache.commons.complex.Quaternion.equals(Quaternion.java:480)
	at org.apache.commons.complex.Quaternion.equals(Quaternion.java:480)
	at org.apache.commons.complex.Quaternion.equals(Quaternion.java:480)
	at org.apache.commons.complex.Quaternion.equals(Quaternion.java:480)
	at org.apache.commons.complex.Quaternion.equals(Quaternion.java:480)
	at org.apache.commons.complex.Quaternion.equals(Quaternion.java:480)
	at org.apache.commons.complex.Quaternion.equals(Quaternion.java:480)
	at org.apache.commons.complex.Quaternion.equals(Quaternion.java:480)
	at org.apache.commons.complex.Quaternion.equals(Quaternion.java:480)
	at org.apache.commons.complex.Quaternion.equals(Quaternion.java:480)
	at org.apache.commons.complex.Quaternion.equals(Quaternion.java:480)
	at org.apache.commons.complex.Quaternion.equals(Quaternion.java:480)
	at org.apache.commons.complex.Quaternion.equals(Quaternion.java:480)
	at org.apache.commons.complex.Quaternion.equals(Quaternion.java:480)
	at org.apache.commons.complex.Quaternion.equals(Quaternion.java:480)
	at org.apache.commons.complex.Quaternion.equals(Quaternion.java:480)
	at org.apache.commons.complex.Quaternion.equals(Quaternion.java:480)
	at org.apache.commons.complex.Quaternion.equals(Quaternion.java:480)
	at org.apache.commons.complex.Quaternion.equals(Quaternion.java:480)
	at org.apache.commons.complex.Quaternion.equals(Quaternion.java:480)
	at org.apache.commons.complex.Quaternion.equals(Quaternion.java:480)
	at org.apache.commons.complex.Quaternion.equals(Quaternion.java:480)
	at org.apache.commons.complex.Quaternion.equals(Quaternion.java:480)
	at org.apache.commons.complex.Quaternion.equals(Quaternion.java:480)
	at org.apache.commons.complex.Quaternion.equals(Quaternion.java:480)
	at org.apache.commons.complex.Quaternion.equals(Quaternion.java:480)
	at org.apache.commons.complex.Quaternion.equals(Quaternion.java:480)
	at org.apache.commons.complex.Quaternion.equals(Quaternion.java:480)
	at org.apache.commons.complex.Quaternion.equals(Quaternion.java:480)
	at org.apache.commons.complex.Quaternion.equals(Quaternion.java:480)
	at org.apache.commons.complex.Quaternion.equals(Quaternion.java:480)
	at org.apache.commons.complex.Quaternion.equals(Quaternion.java:480)
	at org.apache.commons.complex.Quaternion.equals(Quaternion.java:480)
	at org.apache.commons.complex.Quaternion.equals(Quaternion.java:480)
	at org.apache.commons.complex.Quaternion.equals(Quaternion.java:480)
	at org.apache.commons.complex.Quaternion.equals(Quaternion.java:480)
	at org.apache.commons.complex.Quaternion.equals(Quaternion.java:480)
	at org.apache.commons.complex.Quaternion.equals(Quaternion.java:480)
	at org.apache.commons.complex.Quaternion.equals(Quaternion.java:480)
	at org.apache.commons.complex.Quaternion.equals(Quaternion.java:480)
	at org.apache.commons.complex.Quaternion.equals(Quaternion.java:480)
	at org.apache.commons.complex.Quaternion.equals(Quaternion.java:480)
	at org.apache.commons.complex.Quaternion.equals(Quaternion.java:480)
	at org.apache.commons.complex.Quaternion.equals(Quaternion.java:480)
	at org.apache.commons.complex.Quaternion.equals(Quaternion.java:480)
	at org.apache.commons.complex.Quaternion.equals(Quaternion.java:480)
	at org.apache.commons.complex.Quaternion.equals(Quaternion.java:480)
	at org.apache.commons.complex.Quaternion.equals(Quaternion.java:480)
	at org.apache.commons.complex.Quaternion.equals(Quaternion.java:480)
	at org.apache.commons.complex.Quaternion.equals(Quaternion.java:480)
	at org.apache.commons.complex.Quaternion.equals(Quaternion.java:480)
	at org.apache.commons.complex.Quaternion.equals(Quaternion.java:480)
	at org.apache.commons.complex.Quaternion.equals(Quaternion.java:480)
	at org.apache.commons.complex.Quaternion.equals(Quaternion.java:480)
	at org.apache.commons.complex.Quaternion.equals(Quaternion.java:480)
	at org.apache.commons.complex.Quaternion.equals(Quaternion.java:480)
	at org.apache.commons.complex.Quaternion.equals(Quaternion.java:480)
	at org.apache.commons.complex.Quaternion.equals(Quaternion.java:480)
	at org.apache.commons.complex.Quaternion.equals(Quaternion.java:480)
	at org.apache.commons.complex.Quaternion.equals(Quaternion.java:480)
	at org.apache.commons.complex.Quaternion.equals(Quaternion.java:480)
	at org.apache.commons.complex.Quaternion.equals(Quaternion.java:480)
	at org.apache.commons.complex.Quaternion.equals(Quaternion.java:480)
	at org.apache.commons.complex.Quaternion.equals(Quaternion.java:480)
	at org.apache.commons.complex.Quaternion.equals(Quaternion.java:480)
	at org.apache.commons.complex.Quaternion.equals(Quaternion.java:480)
	at org.apache.commons.complex.Quaternion.equals(Quaternion.java:480)
	at org.apache.commons.complex.Quaternion.equals(Quaternion.java:480)
	at org.apache.commons.complex.Quaternion.equals(Quaternion.java:480)
	at org.apache.commons.complex.Quaternion.equals(Quaternion.java:480)
	at org.apache.commons.complex.Quaternion.equals(Quaternion.java:480)
	at org.apache.commons.complex.Quaternion.equals(Quaternion.java:480)
	at org.apache.commons.complex.Quaternion.equals(Quaternion.java:480)
	at org.apache.commons.complex.Quaternion.equals(Quaternion.java:480)
	at org.apache.commons.complex.Quaternion.equals(Quaternion.java:480)
	at org.apache.commons.complex.Quaternion.equals(Quaternion.java:480)
	at org.apache.commons.complex.Quaternion.equals(Quaternion.java:480)
	at org.apache.commons.complex.Quaternion.equals(Quaternion.java:480)
	at org.apache.commons.complex.Quaternion.equals(Quaternion.java:480)
	at org.apache.commons.complex.Quaternion.equals(Quaternion.java:480)
	at org.apache.commons.complex.Quaternion.equals(Quaternion.java:480)
	at org.apache.commons.complex.Quaternion.equals(Quaternion.java:480)
	at org.apache.commons.complex.Quaternion.equals(Quaternion.java:480)
	at org.apache.commons.complex.Quaternion.equals(Quaternion.java:480)
	at org.apache.commons.complex.Quaternion.equals(Quaternion.java:480)
	at org.apache.commons.complex.Quaternion.equals(Quaternion.java:480)
	at org.apache.commons.complex.Quaternion.equals(Quaternion.java:480)
	at org.apache.commons.complex.Quaternion.equals(Quaternion.java:480)
	at org.apache.commons.complex.Quaternion.equals(Quaternion.java:480)
	at org.apache.commons.complex.Quaternion.equals(Quaternion.java:480)
	at org.apache.commons.complex.Quaternion.equals(Quaternion.java:480)
	at org.apache.commons.complex.Quaternion.equals(Quaternion.java:480)
	at org.apache.commons.complex.Quaternion.equals(Quaternion.java:480)
	at org.apache.commons.complex.Quaternion.equals(Quaternion.java:480)
	at org.apache.commons.complex.Quaternion.equals(Quaternion.java:480)
	at org.apache.commons.complex.Quaternion.equals(Quaternion.java:480)
	at org.apache.commons.complex.Quaternion.equals(Quaternion.java:480)
	at org.apache.commons.complex.Quaternion.equals(Quaternion.java:480)
	at org.apache.commons.complex.Quaternion.equals(Quaternion.java:480)
	at org.apache.commons.complex.Quaternion.equals(Quaternion.java:480)
	at org.apache.commons.complex.Quaternion.equals(Quaternion.java:480)
	at org.apache.commons.complex.Quaternion.equals(Quaternion.java:480)
	at org.apache.commons.complex.Quaternion.equals(Quaternion.java:480)
	at org.apache.commons.complex.Quaternion.equals(Quaternion.java:480)
	at org.apache.commons.complex.Quaternion.equals(Quaternion.java:480)
	at org.apache.commons.complex.Quaternion.equals(Quaternion.java:480)
	at org.apache.commons.complex.Quaternion.equals(Quaternion.java:480)
	at org.apache.commons.complex.Quaternion.equals(Quaternion.java:480)
	at org.apache.commons.complex.Quaternion.equals(Quaternion.java:480)
	at org.apache.commons.complex.Quaternion.equals(Quaternion.java:480)
	at org.apache.commons.complex.Quaternion.equals(Quaternion.java:480)
	at org.apache.commons.complex.Quaternion.equals(Quaternion.java:480)
	at org.apache.commons.complex.Quaternion.equals(Quaternion.java:480)
	at org.apache.commons.complex.Quaternion.equals(Quaternion.java:480)
	at org.apache.commons.complex.Quaternion.equals(Quaternion.java:480)
	at org.apache.commons.complex.Quaternion.equals(Quaternion.java:480)
	at org.apache.commons.complex.Quaternion.equals(Quaternion.java:480)
	at org.apache.commons.complex.Quaternion.equals(Quaternion.java:480)
	at org.apache.commons.complex.Quaternion.equals(Quaternion.java:480)
	at org.apache.commons.complex.Quaternion.equals(Quaternion.java:480)
	at org.apache.commons.complex.Quaternion.equals(Quaternion.java:480)
	at org.apache.commons.complex.Quaternion.equals(Quaternion.java:480)
	at org.apache.commons.complex.Quaternion.equals(Quaternion.java:480)
	at org.apache.commons.complex.Quaternion.equals(Quaternion.java:480)
	at org.apache.commons.complex.Quaternion.equals(Quaternion.java:480)
	at org.apache.commons.complex.Quaternion.equals(Quaternion.java:480)
	at org.apache.commons.complex.Quaternion.equals(Quaternion.java:480)
	at org.apache.commons.complex.Quaternion.equals(Quaternion.java:480)
	at org.apache.commons.complex.Quaternion.equals(Quaternion.java:480)
	at org.apache.commons.complex.Quaternion.equals(Quaternion.java:480)
	at org.apache.commons.complex.Quaternion.equals(Quaternion.java:480)
	at org.apache.commons.complex.Quaternion.equals(Quaternion.java:480)
	at org.apache.commons.complex.Quaternion.equals(Quaternion.java:480)
	at org.apache.commons.complex.Quaternion.equals(Quaternion.java:480)
	at org.apache.commons.complex.Quaternion.equals(Quaternion.java:480)
	at org.apache.commons.complex.Quaternion.equals(Quaternion.java:480)
	at org.apache.commons.complex.Quaternion.equals(Quaternion.java:480)
	at org.apache.commons.complex.Quaternion.equals(Quaternion.java:480)
	at org.apache.commons.complex.Quaternion.equals(Quaternion.java:480)
	at org.apache.commons.complex.Quaternion.equals(Quaternion.java:480)
	at org.apache.commons.complex.Quaternion.equals(Quaternion.java:480)
	at org.apache.commons.complex.Quaternion.equals(Quaternion.java:480)
	at org.apache.commons.complex.Quaternion.equals(Quaternion.java:480)
	at org.apache.commons.complex.Quaternion.equals(Quaternion.java:480)
	at org.apache.commons.complex.Quaternion.equals(Quaternion.java:480)
	at org.apache.commons.complex.Quaternion.equals(Quaternion.java:480)
	at org.apache.commons.complex.Quaternion.equals(Quaternion.java:480)
	at org.apache.commons.complex.Quaternion.equals(Quaternion.java:480)
	at org.apache.commons.complex.Quaternion.equals(Quaternion.java:480)
	at org.apache.commons.complex.Quaternion.equals(Quaternion.java:480)
	at org.apache.commons.complex.Quaternion.equals(Quaternion.java:480)
	at org.apache.commons.complex.Quaternion.equals(Quaternion.java:480)
	at org.apache.commons.complex.Quaternion.equals(Quaternion.java:480)
	at org.apache.commons.complex.Quaternion.equals(Quaternion.java:480)
	at org.apache.commons.complex.Quaternion.equals(Quaternion.java:480)
	at org.apache.commons.complex.Quaternion.equals(Quaternion.java:480)
	at org.apache.commons.complex.Quaternion.equals(Quaternion.java:480)
	at org.apache.commons.complex.Quaternion.equals(Quaternion.java:480)
	at org.apache.commons.complex.Quaternion.equals(Quaternion.java:480)
	at org.apache.commons.complex.Quaternion.equals(Quaternion.java:480)
	at org.apache.commons.complex.Quaternion.equals(Quaternion.java:480)
	at org.apache.commons.complex.Quaternion.equals(Quaternion.java:480)
	at org.apache.commons.complex.Quaternion.equals(Quaternion.java:480)
	at org.apache.commons.complex.Quaternion.equals(Quaternion.java:480)
	at org.apache.commons.complex.Quaternion.equals(Quaternion.java:480)
	at org.apache.commons.complex.Quaternion.equals(Quaternion.java:480)
	at org.apache.commons.complex.Quaternion.equals(Quaternion.java:480)
	at org.apache.commons.complex.Quaternion.equals(Quaternion.java:480)
	at org.apache.commons.complex.Quaternion.equals(Quaternion.java:480)
	at org.apache.commons.complex.Quaternion.equals(Quaternion.java:480)
	at org.apache.commons.complex.Quaternion.equals(Quaternion.java:480)
	at org.apache.commons.complex.Quaternion.equals(Quaternion.java:480)
	at org.apache.commons.complex.Quaternion.equals(Quaternion.java:480)
	at org.apache.commons.complex.Quaternion.equals(Quaternion.java:480)
	at org.apache.commons.complex.Quaternion.equals(Quaternion.java:480)
	at org.apache.commons.complex.Quaternion.equals(Quaternion.java:480)
	at org.apache.commons.complex.Quaternion.equals(Quaternion.java:480)
	at org.apache.commons.complex.Quaternion.equals(Quaternion.java:480)
	at org.apache.commons.complex.Quaternion.equals(Quaternion.java:480)
	at org.apache.commons.complex.Quaternion.equals(Quaternion.java:480)
	at org.apache.commons.complex.Quaternion.equals(Quaternion.java:480)
	at org.apache.commons.complex.Quaternion.equals(Quaternion.java:480)
	at org.apache.commons.complex.Quaternion.equals(Quaternion.java:480)
	at org.apache.commons.complex.Quaternion.equals(Quaternion.java:480)
	at org.apache.commons.complex.Quaternion.equals(Quaternion.java:480)
	at org.apache.commons.complex.Quaternion.equals(Quaternion.java:480)
	at org.apache.commons.complex.Quaternion.equals(Quaternion.java:480)
	at org.apache.commons.complex.Quaternion.equals(Quaternion.java:480)
	at org.apache.commons.complex.Quaternion.equals(Quaternion.java:480)
	at org.apache.commons.complex.Quaternion.equals(Quaternion.java:480)
	at org.apache.commons.complex.Quaternion.equals(Quaternion.java:480)
	at org.apache.commons.complex.Quaternion.equals(Quaternion.java:480)
	at org.apache.commons.complex.Quaternion.equals(Quaternion.java:480)
	at org.apache.commons.complex.Quaternion.equals(Quaternion.java:480)
	at org.apache.commons.complex.Quaternion.equals(Quaternion.java:480)
	at org.apache.commons.complex.Quaternion.equals(Quaternion.java:480)
	at org.apache.commons.complex.Quaternion.equals(Quaternion.java:480)
	at org.apache.commons.complex.Quaternion.equals(Quaternion.java:480)
	at org.apache.commons.complex.Quaternion.equals(Quaternion.java:480)
	at org.apache.commons.complex.Quaternion.equals(Quaternion.java:480)
	at org.apache.commons.complex.Quaternion.equals(Quaternion.java:480)
	at org.apache.commons.complex.Quaternion.equals(Quaternion.java:480)
	at org.apache.commons.complex.Quaternion.equals(Quaternion.java:480)
	at org.apache.commons.complex.Quaternion.equals(Quaternion.java:480)
	at org.apache.commons.complex.Quaternion.equals(Quaternion.java:480)
	at org.apache.commons.complex.Quaternion.equals(Quaternion.java:480)
	at org.apache.commons.complex.Quaternion.equals(Quaternion.java:480)
	at org.apache.commons.complex.Quaternion.equals(Quaternion.java:480)
	at org.apache.commons.complex.Quaternion.equals(Quaternion.java:480)
	at org.apache.commons.complex.Quaternion.equals(Quaternion.java:480)
	at org.apache.commons.complex.Quaternion.equals(Quaternion.java:480)
	at org.apache.commons.complex.Quaternion.equals(Quaternion.java:480)
	at org.apache.commons.complex.Quaternion.equals(Quaternion.java:480)
	at org.apache.commons.complex.Quaternion.equals(Quaternion.java:480)
	at org.apache.commons.complex.Quaternion.equals(Quaternion.java:480)
	at org.apache.commons.complex.Quaternion.equals(Quaternion.java:480)
	at org.apache.commons.complex.Quaternion.equals(Quaternion.java:480)
	at org.apache.commons.complex.Quaternion.equals(Quaternion.java:480)
	at org.apache.commons.complex.Quaternion.equals(Quaternion.java:480)
	at org.apache.commons.complex.Quaternion.equals(Quaternion.java:480)
	at org.apache.commons.complex.Quaternion.equals(Quaternion.java:480)
	at org.apache.commons.complex.Quaternion.equals(Quaternion.java:480)
	at org.apache.commons.complex.Quaternion.equals(Quaternion.java:480)
	at org.apache.commons.complex.Quaternion.equals(Quaternion.java:480)
	at org.apache.commons.complex.Quaternion.equals(Quaternion.java:480)
	at org.apache.commons.complex.Quaternion.equals(Quaternion.java:480)
	at org.apache.commons.complex.Quaternion.equals(Quaternion.java:480)
	at org.apache.commons.complex.Quaternion.equals(Quaternion.java:480)
	at org.apache.commons.complex.Quaternion.equals(Quaternion.java:480)
	at org.apache.commons.complex.Quaternion.equals(Quaternion.java:480)
	at org.apache.commons.complex.Quaternion.equals(Quaternion.java:480)
	at org.apache.commons.complex.Quaternion.equals(Quaternion.java:480)
	at org.apache.commons.complex.Quaternion.equals(Quaternion.java:480)
	at org.apache.commons.complex.Quaternion.equals(Quaternion.java:480)
	at org.apache.commons.complex.Quaternion.equals(Quaternion.java:480)
	at org.apache.commons.complex.Quaternion.equals(Quaternion.java:480)
	at org.apache.commons.complex.Quaternion.equals(Quaternion.java:480)
	at org.apache.commons.complex.Quaternion.equals(Quaternion.java:480)
	at org.apache.commons.complex.Quaternion.equals(Quaternion.java:480)
	at org.apache.commons.complex.Quaternion.equals(Quaternion.java:480)
	at org.apache.commons.complex.Quaternion.equals(Quaternion.java:480)
	at org.apache.commons.complex.Quaternion.equals(Quaternion.java:480)
	at org.apache.commons.complex.Quaternion.equals(Quaternion.java:480)
	at org.apache.commons.complex.Quaternion.equals(Quaternion.java:480)
	at org.apache.commons.complex.Quaternion.equals(Quaternion.java:480)
	at org.apache.commons.complex.Quaternion.equals(Quaternion.java:480)
	at org.apache.commons.complex.Quaternion.equals(Quaternion.java:480)
	at org.apache.commons.complex.Quaternion.equals(Quaternion.java:480)
	at org.apache.commons.complex.Quaternion.equals(Quaternion.java:480)
	at org.apache.commons.complex.Quaternion.equals(Quaternion.java:480)
	at org.apache.commons.complex.Quaternion.equals(Quaternion.java:480)
	at org.apache.commons.complex.Quaternion.equals(Quaternion.java:480)
	at org.apache.commons.complex.Quaternion.equals(Quaternion.java:480)
	at org.apache.commons.complex.Quaternion.equals(Quaternion.java:480)
	at org.apache.commons.complex.Quaternion.equals(Quaternion.java:480)
	at org.apache.commons.complex.Quaternion.equals(Quaternion.java:480)
	at org.apache.commons.complex.Quaternion.equals(Quaternion.java:480)
	at org.apache.commons.complex.Quaternion.equals(Quaternion.java:480)
	at org.apache.commons.complex.Quaternion.equals(Quaternion.java:480)
	at org.apache.commons.complex.Quaternion.equals(Quaternion.java:480)
	at org.apache.commons.complex.Quaternion.equals(Quaternion.java:480)
	at org.apache.commons.complex.Quaternion.equals(Quaternion.java:480)
	at org.apache.commons.complex.Quaternion.equals(Quaternion.java:480)
	at org.apache.commons.complex.Quaternion.equals(Quaternion.java:480)
	at org.apache.commons.complex.Quaternion.equals(Quaternion.java:480)
	at org.apache.commons.complex.Quaternion.equals(Quaternion.java:480)
	at org.apache.commons.complex.Quaternion.equals(Quaternion.java:480)
	at org.apache.commons.complex.Quaternion.equals(Quaternion.java:480)
	at org.apache.commons.complex.Quaternion.equals(Quaternion.java:480)
	at org.apache.commons.complex.Quaternion.equals(Quaternion.java:480)
	at org.apache.commons.complex.Quaternion.equals(Quaternion.java:480)
	at org.apache.commons.complex.Quaternion.equals(Quaternion.java:480)
	at org.apache.commons.complex.Quaternion.equals(Quaternion.java:480)
	at org.apache.commons.complex.Quaternion.equals(Quaternion.java:480)
	at org.apache.commons.complex.Quaternion.equals(Quaternion.java:480)
	at org.apache.commons.complex.Quaternion.equals(Quaternion.java:480)
	at org.apache.commons.complex.Quaternion.equals(Quaternion.java:480)
	at org.apache.commons.complex.Quaternion.equals(Quaternion.java:480)
	at org.apache.commons.complex.Quaternion.equals(Quaternion.java:480)
	at org.apache.commons.complex.Quaternion.equals(Quaternion.java:480)
	at org.apache.commons.complex.Quaternion.equals(Quaternion.java:480)
	at org.apache.commons.complex.Quaternion.equals(Quaternion.java:480)
	at org.apache.commons.complex.Quaternion.equals(Quaternion.java:480)
	at org.apache.commons.complex.Quaternion.equals(Quaternion.java:480)
	at org.apache.commons.complex.Quaternion.equals(Quaternion.java:480)
	at org.apache.commons.complex.Quaternion.equals(Quaternion.java:480)
	at org.apache.commons.complex.Quaternion.equals(Quaternion.java:480)
	at org.apache.commons.complex.Quaternion.equals(Quaternion.java:480)
	at org.apache.commons.complex.Quaternion.equals(Quaternion.java:480)
	at org.apache.commons.complex.Quaternion.equals(Quaternion.java:480)
	at org.apache.commons.complex.Quaternion.equals(Quaternion.java:480)
	at org.apache.commons.complex.Quaternion.equals(Quaternion.java:480)
	at org.apache.commons.complex.Quaternion.equals(Quaternion.java:480)
	at org.apache.commons.complex.Quaternion.equals(Quaternion.java:480)
	at org.apache.commons.complex.Quaternion.equals(Quaternion.java:480)
	at org.apache.commons.complex.Quaternion.equals(Quaternion.java:480)
	at org.apache.commons.complex.Quaternion.equals(Quaternion.java:480)
	at org.apache.commons.complex.Quaternion.equals(Quaternion.java:480)
	at org.apache.commons.complex.Quaternion.equals(Quaternion.java:480)
	at org.apache.commons.complex.Quaternion.equals(Quaternion.java:480)
	at org.apache.commons.complex.Quaternion.equals(Quaternion.java:480)
	at org.apache.commons.complex.Quaternion.equals(Quaternion.java:480)
	at org.apache.commons.complex.Quaternion.equals(Quaternion.java:480)
	at org.apache.commons.complex.Quaternion.equals(Quaternion.java:480)
	at org.apache.commons.complex.Quaternion.equals(Quaternion.java:480)
	at org.apache.commons.complex.Quaternion.equals(Quaternion.java:480)
	at org.apache.commons.complex.Quaternion.equals(Quaternion.java:480)
	at org.apache.commons.complex.Quaternion.equals(Quaternion.java:480)
	at org.apache.commons.complex.Quaternion.equals(Quaternion.java:480)
	at org.apache.commons.complex.Quaternion.equals(Quaternion.java:480)
	at org.apache.commons.complex.Quaternion.equals(Quaternion.java:480)
	at org.apache.commons.complex.Quaternion.equals(Quaternion.java:480)
	at org.apache.commons.complex.Quaternion.equals(Quaternion.java:480)
	at org.apache.commons.complex.Quaternion.equals(Quaternion.java:480)
	at org.apache.commons.complex.Quaternion.equals(Quaternion.java:480)
	at org.apache.commons.complex.Quaternion.equals(Quaternion.java:480)
	at org.apache.commons.complex.Quaternion.equals(Quaternion.java:480)
	at org.apache.commons.complex.Quaternion.equals(Quaternion.java:480)
	at org.apache.commons.complex.Quaternion.equals(Quaternion.java:480)
	at org.apache.commons.complex.Quaternion.equals(Quaternion.java:480)
	at org.apache.commons.complex.Quaternion.equals(Quaternion.java:480)
	at org.apache.commons.complex.Quaternion.equals(Quaternion.java:480)
	at org.apache.commons.complex.Quaternion.equals(Quaternion.java:480)
	at org.apache.commons.complex.Quaternion.equals(Quaternion.java:480)
	at org.apache.commons.complex.Quaternion.equals(Quaternion.java:480)
	at org.apache.commons.complex.Quaternion.equals(Quaternion.java:480)
	at org.apache.commons.complex.Quaternion.equals(Quaternion.java:480)
	at org.apache.commons.complex.Quaternion.equals(Quaternion.java:480)
	at org.apache.commons.complex.Quaternion.equals(Quaternion.java:480)
	at org.apache.commons.complex.Quaternion.equals(Quaternion.java:480)
	at org.apache.commons.complex.Quaternion.equals(Quaternion.java:480)
	at org.apache.commons.complex.Quaternion.equals(Quaternion.java:480)
	at org.apache.commons.complex.Quaternion.equals(Quaternion.java:480)
	at org.apache.commons.complex.Quaternion.equals(Quaternion.java:480)
	at org.apache.commons.complex.Quaternion.equals(Quaternion.java:480)
	at org.apache.commons.complex.Quaternion.equals(Quaternion.java:480)
	at org.apache.commons.complex.Quaternion.equals(Quaternion.java:480)
	at org.apache.commons.complex.Quaternion.equals(Quaternion.java:480)
	at org.apache.commons.complex.Quaternion.equals(Quaternion.java:480)
	at org.apache.commons.complex.Quaternion.equals(Quaternion.java:480)
	at org.apache.commons.complex.Quaternion.equals(Quaternion.java:480)
	at org.apache.commons.complex.Quaternion.equals(Quaternion.java:480)
	at org.apache.commons.complex.Quaternion.equals(Quaternion.java:480)
	at org.apache.commons.complex.Quaternion.equals(Quaternion.java:480)
	at org.apache.commons.complex.Quaternion.equals(Quaternion.java:480)
	at org.apache.commons.complex.Quaternion.equals(Quaternion.java:480)
	at org.apache.commons.complex.Quaternion.equals(Quaternion.java:480)
	at org.apache.commons.complex.Quaternion.equals(Quaternion.java:480)
	at org.apache.commons.complex.Quaternion.equals(Quaternion.java:480)
	at org.apache.commons.complex.Quaternion.equals(Quaternion.java:480)
	at org.apache.commons.complex.Quaternion.equals(Quaternion.java:480)
	at org.apache.commons.complex.Quaternion.equals(Quaternion.java:480)
	at org.apache.commons.complex.Quaternion.equals(Quaternion.java:480)
	at org.apache.commons.complex.Quaternion.equals(Quaternion.java:480)
	at org.apache.commons.complex.Quaternion.equals(Quaternion.java:480)
	at org.apache.commons.complex.Quaternion.equals(Quaternion.java:480)
	at org.apache.commons.complex.Quaternion.equals(Quaternion.java:480)
	at org.apache.commons.complex.Quaternion.equals(Quaternion.java:480)

testQuaternionEquals2(org.apache.commons.complex.QuaternionTest)  Time elapsed: 0.001 sec  <<< ERROR!
java.lang.StackOverflowError: null
	at org.apache.commons.complex.Quaternion.equals(Quaternion.java:480)
	at org.apache.commons.complex.Quaternion.equals(Quaternion.java:480)
	at org.apache.commons.complex.Quaternion.equals(Quaternion.java:480)
	at org.apache.commons.complex.Quaternion.equals(Quaternion.java:480)
	at org.apache.commons.complex.Quaternion.equals(Quaternion.java:480)
	at org.apache.commons.complex.Quaternion.equals(Quaternion.java:480)
	at org.apache.commons.complex.Quaternion.equals(Quaternion.java:480)
	at org.apache.commons.complex.Quaternion.equals(Quaternion.java:480)
	at org.apache.commons.complex.Quaternion.equals(Quaternion.java:480)
	at org.apache.commons.complex.Quaternion.equals(Quaternion.java:480)
	at org.apache.commons.complex.Quaternion.equals(Quaternion.java:480)
	at org.apache.commons.complex.Quaternion.equals(Quaternion.java:480)
	at org.apache.commons.complex.Quaternion.equals(Quaternion.java:480)
	at org.apache.commons.complex.Quaternion.equals(Quaternion.java:480)
	at org.apache.commons.complex.Quaternion.equals(Quaternion.java:480)
	at org.apache.commons.complex.Quaternion.equals(Quaternion.java:480)
	at org.apache.commons.complex.Quaternion.equals(Quaternion.java:480)
	at org.apache.commons.complex.Quaternion.equals(Quaternion.java:480)
	at org.apache.commons.complex.Quaternion.equals(Quaternion.java:480)
	at org.apache.commons.complex.Quaternion.equals(Quaternion.java:480)
	at org.apache.commons.complex.Quaternion.equals(Quaternion.java:480)
	at org.apache.commons.complex.Quaternion.equals(Quaternion.java:480)
	at org.apache.commons.complex.Quaternion.equals(Quaternion.java:480)
	at org.apache.commons.complex.Quaternion.equals(Quaternion.java:480)
	at org.apache.commons.complex.Quaternion.equals(Quaternion.java:480)
	at org.apache.commons.complex.Quaternion.equals(Quaternion.java:480)
	at org.apache.commons.complex.Quaternion.equals(Quaternion.java:480)
	at org.apache.commons.complex.Quaternion.equals(Quaternion.java:480)
	at org.apache.commons.complex.Quaternion.equals(Quaternion.java:480)
	at org.apache.commons.complex.Quaternion.equals(Quaternion.java:480)
	at org.apache.commons.complex.Quaternion.equals(Quaternion.java:480)
	at org.apache.commons.complex.Quaternion.equals(Quaternion.java:480)
	at org.apache.commons.complex.Quaternion.equals(Quaternion.java:480)
	at org.apache.commons.complex.Quaternion.equals(Quaternion.java:480)
	at org.apache.commons.complex.Quaternion.equals(Quaternion.java:480)
	at org.apache.commons.complex.Quaternion.equals(Quaternion.java:480)
	at org.apache.commons.complex.Quaternion.equals(Quaternion.java:480)
	at org.apache.commons.complex.Quaternion.equals(Quaternion.java:480)
	at org.apache.commons.complex.Quaternion.equals(Quaternion.java:480)
	at org.apache.commons.complex.Quaternion.equals(Quaternion.java:480)
	at org.apache.commons.complex.Quaternion.equals(Quaternion.java:480)
	at org.apache.commons.complex.Quaternion.equals(Quaternion.java:480)
	at org.apache.commons.complex.Quaternion.equals(Quaternion.java:480)
	at org.apache.commons.complex.Quaternion.equals(Quaternion.java:480)
	at org.apache.commons.complex.Quaternion.equals(Quaternion.java:480)
	at org.apache.commons.complex.Quaternion.equals(Quaternion.java:480)
	at org.apache.commons.complex.Quaternion.equals(Quaternion.java:480)
	at org.apache.commons.complex.Quaternion.equals(Quaternion.java:480)
	at org.apache.commons.complex.Quaternion.equals(Quaternion.java:480)
	at org.apache.commons.complex.Quaternion.equals(Quaternion.java:480)
	at org.apache.commons.complex.Quaternion.equals(Quaternion.java:480)
	at org.apache.commons.complex.Quaternion.equals(Quaternion.java:480)
	at org.apache.commons.complex.Quaternion.equals(Quaternion.java:480)
	at org.apache.commons.complex.Quaternion.equals(Quaternion.java:480)
	at org.apache.commons.complex.Quaternion.equals(Quaternion.java:480)
	at org.apache.commons.complex.Quaternion.equals(Quaternion.java:480)
	at org.apache.commons.complex.Quaternion.equals(Quaternion.java:480)
	at org.apache.commons.complex.Quaternion.equals(Quaternion.java:480)
	at org.apache.commons.complex.Quaternion.equals(Quaternion.java:480)
	at org.apache.commons.complex.Quaternion.equals(Quaternion.java:480)
	at org.apache.commons.complex.Quaternion.equals(Quaternion.java:480)
	at org.apache.commons.complex.Quaternion.equals(Quaternion.java:480)
	at org.apache.commons.complex.Quaternion.equals(Quaternion.java:480)
	at org.apache.commons.complex.Quaternion.equals(Quaternion.java:480)
	at org.apache.commons.complex.Quaternion.equals(Quaternion.java:480)
	at org.apache.commons.complex.Quaternion.equals(Quaternion.java:480)
	at org.apache.commons.complex.Quaternion.equals(Quaternion.java:480)
	at org.apache.commons.complex.Quaternion.equals(Quaternion.java:480)
	at org.apache.commons.complex.Quaternion.equals(Quaternion.java:480)
	at org.apache.commons.complex.Quaternion.equals(Quaternion.java:480)
	at org.apache.commons.complex.Quaternion.equals(Quaternion.java:480)
	at org.apache.commons.complex.Quaternion.equals(Quaternion.java:480)
	at org.apache.commons.complex.Quaternion.equals(Quaternion.java:480)
	at org.apache.commons.complex.Quaternion.equals(Quaternion.java:480)
	at org.apache.commons.complex.Quaternion.equals(Quaternion.java:480)
	at org.apache.commons.complex.Quaternion.equals(Quaternion.java:480)
	at org.apache.commons.complex.Quaternion.equals(Quaternion.java:480)
	at org.apache.commons.complex.Quaternion.equals(Quaternion.java:480)
	at org.apache.commons.complex.Quaternion.equals(Quaternion.java:480)
	at org.apache.commons.complex.Quaternion.equals(Quaternion.java:480)
	at org.apache.commons.complex.Quaternion.equals(Quaternion.java:480)
	at org.apache.commons.complex.Quaternion.equals(Quaternion.java:480)
	at org.apache.commons.complex.Quaternion.equals(Quaternion.java:480)
	at org.apache.commons.complex.Quaternion.equals(Quaternion.java:480)
	at org.apache.commons.complex.Quaternion.equals(Quaternion.java:480)
	at org.apache.commons.complex.Quaternion.equals(Quaternion.java:480)
	at org.apache.commons.complex.Quaternion.equals(Quaternion.java:480)
	at org.apache.commons.complex.Quaternion.equals(Quaternion.java:480)
	at org.apache.commons.complex.Quaternion.equals(Quaternion.java:480)
	at org.apache.commons.complex.Quaternion.equals(Quaternion.java:480)
	at org.apache.commons.complex.Quaternion.equals(Quaternion.java:480)
	at org.apache.commons.complex.Quaternion.equals(Quaternion.java:480)
	at org.apache.commons.complex.Quaternion.equals(Quaternion.java:480)
	at org.apache.commons.complex.Quaternion.equals(Quaternion.java:480)
	at org.apache.commons.complex.Quaternion.equals(Quaternion.java:480)
	at org.apache.commons.complex.Quaternion.equals(Quaternion.java:480)
	at org.apache.commons.complex.Quaternion.equals(Quaternion.java:480)
	at org.apache.commons.complex.Quaternion.equals(Quaternion.java:480)
	at org.apache.commons.complex.Quaternion.equals(Quaternion.java:480)
	at org.apache.commons.complex.Quaternion.equals(Quaternion.java:480)
	at org.apache.commons.complex.Quaternion.equals(Quaternion.java:480)
	at org.apache.commons.complex.Quaternion.equals(Quaternion.java:480)
	at org.apache.commons.complex.Quaternion.equals(Quaternion.java:480)
	at org.apache.commons.complex.Quaternion.equals(Quaternion.java:480)
	at org.apache.commons.complex.Quaternion.equals(Quaternion.java:480)
	at org.apache.commons.complex.Quaternion.equals(Quaternion.java:480)
	at org.apache.commons.complex.Quaternion.equals(Quaternion.java:480)
	at org.apache.commons.complex.Quaternion.equals(Quaternion.java:480)
	at org.apache.commons.complex.Quaternion.equals(Quaternion.java:480)
	at org.apache.commons.complex.Quaternion.equals(Quaternion.java:480)
[...]
	at org.apache.commons.complex.Quaternion.equals(Quaternion.java:480)
	at org.apache.commons.complex.Quaternion.equals(Quaternion.java:480)
	at org.apache.commons.complex.Quaternion.equals(Quaternion.java:480)
	at org.apache.commons.complex.Quaternion.equals(Quaternion.java:480)
	at org.apache.commons.complex.Quaternion.equals(Quaternion.java:480)
	at org.apache.commons.complex.Quaternion.equals(Quaternion.java:480)
	at org.apache.commons.complex.Quaternion.equals(Quaternion.java:480)
	at org.apache.commons.complex.Quaternion.equals(Quaternion.java:480)
	at org.apache.commons.complex.Quaternion.equals(Quaternion.java:480)
	at org.apache.commons.complex.Quaternion.equals(Quaternion.java:480)
	at org.apache.commons.complex.Quaternion.equals(Quaternion.java:480)
	at org.apache.commons.complex.Quaternion.equals(Quaternion.java:480)
	at org.apache.commons.complex.Quaternion.equals(Quaternion.java:480)
	at org.apache.commons.complex.Quaternion.equals(Quaternion.java:480)
	at org.apache.commons.complex.Quaternion.equals(Quaternion.java:480)
	at org.apache.commons.complex.Quaternion.equals(Quaternion.java:480)
	at org.apache.commons.complex.Quaternion.equals(Quaternion.java:480)
	at org.apache.commons.complex.Quaternion.equals(Quaternion.java:480)
	at org.apache.commons.complex.Quaternion.equals(Quaternion.java:480)
	at org.apache.commons.complex.Quaternion.equals(Quaternion.java:480)
	at org.apache.commons.complex.Quaternion.equals(Quaternion.java:480)
	at org.apache.commons.complex.Quaternion.equals(Quaternion.java:480)
	at org.apache.commons.complex.Quaternion.equals(Quaternion.java:480)
	at org.apache.commons.complex.Quaternion.equals(Quaternion.java:480)
	at org.apache.commons.complex.Quaternion.equals(Quaternion.java:480)
	at org.apache.commons.complex.Quaternion.equals(Quaternion.java:480)
	at org.apache.commons.complex.Quaternion.equals(Quaternion.java:480)
	at org.apache.commons.complex.Quaternion.equals(Quaternion.java:480)
	at org.apache.commons.complex.Quaternion.equals(Quaternion.java:480)
	at org.apache.commons.complex.Quaternion.equals(Quaternion.java:480)
	at org.apache.commons.complex.Quaternion.equals(Quaternion.java:480)
	at org.apache.commons.complex.Quaternion.equals(Quaternion.java:480)
	at org.apache.commons.complex.Quaternion.equals(Quaternion.java:480)
	at org.apache.commons.complex.Quaternion.equals(Quaternion.java:480)
	at org.apache.commons.complex.Quaternion.equals(Quaternion.java:480)
	at org.apache.commons.complex.Quaternion.equals(Quaternion.java:480)
	at org.apache.commons.complex.Quaternion.equals(Quaternion.java:480)
	at org.apache.commons.complex.Quaternion.equals(Quaternion.java:480)
	at org.apache.commons.complex.Quaternion.equals(Quaternion.java:480)
	at org.apache.commons.complex.Quaternion.equals(Quaternion.java:480)
	at org.apache.commons.complex.Quaternion.equals(Quaternion.java:480)
	at org.apache.commons.complex.Quaternion.equals(Quaternion.java:480)
	at org.apache.commons.complex.Quaternion.equals(Quaternion.java:480)
	at org.apache.commons.complex.Quaternion.equals(Quaternion.java:480)
	at org.apache.commons.complex.Quaternion.equals(Quaternion.java:480)
	at org.apache.commons.complex.Quaternion.equals(Quaternion.java:480)
	at org.apache.commons.complex.Quaternion.equals(Quaternion.java:480)
	at org.apache.commons.complex.Quaternion.equals(Quaternion.java:480)
	at org.apache.commons.complex.Quaternion.equals(Quaternion.java:480)
	at org.apache.commons.complex.Quaternion.equals(Quaternion.java:480)
	at org.apache.commons.complex.Quaternion.equals(Quaternion.java:480)
	at org.apache.commons.complex.Quaternion.equals(Quaternion.java:480)
	at org.apache.commons.complex.Quaternion.equals(Quaternion.java:480)
	at org.apache.commons.complex.Quaternion.equals(Quaternion.java:480)
	at org.apache.commons.complex.Quaternion.equals(Quaternion.java:480)
	at org.apache.commons.complex.Quaternion.equals(Quaternion.java:480)
	at org.apache.commons.complex.Quaternion.equals(Quaternion.java:480)
	at org.apache.commons.complex.Quaternion.equals(Quaternion.java:480)
	at org.apache.commons.complex.Quaternion.equals(Quaternion.java:480)
	at org.apache.commons.complex.Quaternion.equals(Quaternion.java:480)
	at org.apache.commons.complex.Quaternion.equals(Quaternion.java:480)
	at org.apache.commons.complex.Quaternion.equals(Quaternion.java:480)
	at org.apache.commons.complex.Quaternion.equals(Quaternion.java:480)
	at org.apache.commons.complex.Quaternion.equals(Quaternion.java:480)
	at org.apache.commons.complex.Quaternion.equals(Quaternion.java:480)
	at org.apache.commons.complex.Quaternion.equals(Quaternion.java:480)
	at org.apache.commons.complex.Quaternion.equals(Quaternion.java:480)
	at org.apache.commons.complex.Quaternion.equals(Quaternion.java:480)
	at org.apache.commons.complex.Quaternion.equals(Quaternion.java:480)
	at org.apache.commons.complex.Quaternion.equals(Quaternion.java:480)
	at org.apache.commons.complex.Quaternion.equals(Quaternion.java:480)
	at org.apache.commons.complex.Quaternion.equals(Quaternion.java:480)
	at org.apache.commons.complex.Quaternion.equals(Quaternion.java:480)
	at org.apache.commons.complex.Quaternion.equals(Quaternion.java:480)
	at org.apache.commons.complex.Quaternion.equals(Quaternion.java:480)
	at org.apache.commons.complex.Quaternion.equals(Quaternion.java:480)
	at org.apache.commons.complex.Quaternion.equals(Quaternion.java:480)
	at org.apache.commons.complex.Quaternion.equals(Quaternion.java:480)
	at org.apache.commons.complex.Quaternion.equals(Quaternion.java:480)
	at org.apache.commons.complex.Quaternion.equals(Quaternion.java:480)
	at org.apache.commons.complex.Quaternion.equals(Quaternion.java:480)
	at org.apache.commons.complex.Quaternion.equals(Quaternion.java:480)
	at org.apache.commons.complex.Quaternion.equals(Quaternion.java:480)
	at org.apache.commons.complex.Quaternion.equals(Quaternion.java:480)
	at org.apache.commons.complex.Quaternion.equals(Quaternion.java:480)
	at org.apache.commons.complex.Quaternion.equals(Quaternion.java:480)
	at org.apache.commons.complex.Quaternion.equals(Quaternion.java:480)
	at org.apache.commons.complex.Quaternion.equals(Quaternion.java:480)
	at org.apache.commons.complex.Quaternion.equals(Quaternion.java:480)
	at org.apache.commons.complex.Quaternion.equals(Quaternion.java:480)
	at org.apache.commons.complex.Quaternion.equals(Quaternion.java:480)
	at org.apache.commons.complex.Quaternion.equals(Quaternion.java:480)
	at org.apache.commons.complex.Quaternion.equals(Quaternion.java:480)
	at org.apache.commons.complex.Quaternion.equals(Quaternion.java:480)
	at org.apache.commons.complex.Quaternion.equals(Quaternion.java:480)
	at org.apache.commons.complex.Quaternion.equals(Quaternion.java:480)
	at org.apache.commons.complex.Quaternion.equals(Quaternion.java:480)
	at org.apache.commons.complex.Quaternion.equals(Quaternion.java:480)
	at org.apache.commons.complex.Quaternion.equals(Quaternion.java:480)
	at org.apache.commons.complex.Quaternion.equals(Quaternion.java:480)
	at org.apache.commons.complex.Quaternion.equals(Quaternion.java:480)
	at org.apache.commons.complex.Quaternion.equals(Quaternion.java:480)
	at org.apache.commons.complex.Quaternion.equals(Quaternion.java:480)
	at org.apache.commons.complex.Quaternion.equals(Quaternion.java:480)
	at org.apache.commons.complex.Quaternion.equals(Quaternion.java:480)
	at org.apache.commons.complex.Quaternion.equals(Quaternion.java:480)
	at org.apache.commons.complex.Quaternion.equals(Quaternion.java:480)
	at org.apache.commons.complex.Quaternion.equals(Quaternion.java:480)
	at org.apache.commons.complex.Quaternion.equals(Quaternion.java:480)
	at org.apache.commons.complex.Quaternion.equals(Quaternion.java:480)
	at org.apache.commons.complex.Quaternion.equals(Quaternion.java:480)
	at org.apache.commons.complex.Quaternion.equals(Quaternion.java:480)
	at org.apache.commons.complex.Quaternion.equals(Quaternion.java:480)
	at org.apache.commons.complex.Quaternion.equals(Quaternion.java:480)
	at org.apache.commons.complex.Quaternion.equals(Quaternion.java:480)
	at org.apache.commons.complex.Quaternion.equals(Quaternion.java:480)
	at org.apache.commons.complex.Quaternion.equals(Quaternion.java:480)
	at org.apache.commons.complex.Quaternion.equals(Quaternion.java:480)
	at org.apache.commons.complex.Quaternion.equals(Quaternion.java:480)
	at org.apache.commons.complex.Quaternion.equals(Quaternion.java:480)
	at org.apache.commons.complex.Quaternion.equals(Quaternion.java:480)
	at org.apache.commons.complex.Quaternion.equals(Quaternion.java:480)
	at org.apache.commons.complex.Quaternion.equals(Quaternion.java:480)
	at org.apache.commons.complex.Quaternion.equals(Quaternion.java:480)
	at org.apache.commons.complex.Quaternion.equals(Quaternion.java:480)
	at org.apache.commons.complex.Quaternion.equals(Quaternion.java:480)
	at org.apache.commons.complex.Quaternion.equals(Quaternion.java:480)
	at org.apache.commons.complex.Quaternion.equals(Quaternion.java:480)
	at org.apache.commons.complex.Quaternion.equals(Quaternion.java:480)
	at org.apache.commons.complex.Quaternion.equals(Quaternion.java:480)
	at org.apache.commons.complex.Quaternion.equals(Quaternion.java:480)
	at org.apache.commons.complex.Quaternion.equals(Quaternion.java:480)
	at org.apache.commons.complex.Quaternion.equals(Quaternion.java:480)
	at org.apache.commons.complex.Quaternion.equals(Quaternion.java:480)
	at org.apache.commons.complex.Quaternion.equals(Quaternion.java:480)
	at org.apache.commons.complex.Quaternion.equals(Quaternion.java:480)
	at org.apache.commons.complex.Quaternion.equals(Quaternion.java:480)
	at org.apache.commons.complex.Quaternion.equals(Quaternion.java:480)
	at org.apache.commons.complex.Quaternion.equals(Quaternion.java:480)
	at org.apache.commons.complex.Quaternion.equals(Quaternion.java:480)
	at org.apache.commons.complex.Quaternion.equals(Quaternion.java:480)
	at org.apache.commons.complex.Quaternion.equals(Quaternion.java:480)
	at org.apache.commons.complex.Quaternion.equals(Quaternion.java:480)
	at org.apache.commons.complex.Quaternion.equals(Quaternion.java:480)
	at org.apache.commons.complex.Quaternion.equals(Quaternion.java:480)
	at org.apache.commons.complex.Quaternion.equals(Quaternion.java:480)
	at org.apache.commons.complex.Quaternion.equals(Quaternion.java:480)
	at org.apache.commons.complex.Quaternion.equals(Quaternion.java:480)
	at org.apache.commons.complex.Quaternion.equals(Quaternion.java:480)
	at org.apache.commons.complex.Quaternion.equals(Quaternion.java:480)
	at org.apache.commons.complex.Quaternion.equals(Quaternion.java:480)
	at org.apache.commons.complex.Quaternion.equals(Quaternion.java:480)
	at org.apache.commons.complex.Quaternion.equals(Quaternion.java:480)
	at org.apache.commons.complex.Quaternion.equals(Quaternion.java:480)
	at org.apache.commons.complex.Quaternion.equals(Quaternion.java:480)
	at org.apache.commons.complex.Quaternion.equals(Quaternion.java:480)
	at org.apache.commons.complex.Quaternion.equals(Quaternion.java:480)
	at org.apache.commons.complex.Quaternion.equals(Quaternion.java:480)
	at org.apache.commons.complex.Quaternion.equals(Quaternion.java:480)
	at org.apache.commons.complex.Quaternion.equals(Quaternion.java:480)
	at org.apache.commons.complex.Quaternion.equals(Quaternion.java:480)
	at org.apache.commons.complex.Quaternion.equals(Quaternion.java:480)
	at org.apache.commons.complex.Quaternion.equals(Quaternion.java:480)
	at org.apache.commons.complex.Quaternion.equals(Quaternion.java:480)
	at org.apache.commons.complex.Quaternion.equals(Quaternion.java:480)
	at org.apache.commons.complex.Quaternion.equals(Quaternion.java:480)
	at org.apache.commons.complex.Quaternion.equals(Quaternion.java:480)
	at org.apache.commons.complex.Quaternion.equals(Quaternion.java:480)
	at org.apache.commons.complex.Quaternion.equals(Quaternion.java:480)
	at org.apache.commons.complex.Quaternion.equals(Quaternion.java:480)
	at org.apache.commons.complex.Quaternion.equals(Quaternion.java:480)
	at org.apache.commons.complex.Quaternion.equals(Quaternion.java:480)
	at org.apache.commons.complex.Quaternion.equals(Quaternion.java:480)
	at org.apache.commons.complex.Quaternion.equals(Quaternion.java:480)
	at org.apache.commons.complex.Quaternion.equals(Quaternion.java:480)
	at org.apache.commons.complex.Quaternion.equals(Quaternion.java:480)
	at org.apache.commons.complex.Quaternion.equals(Quaternion.java:480)
	at org.apache.commons.complex.Quaternion.equals(Quaternion.java:480)
	at org.apache.commons.complex.Quaternion.equals(Quaternion.java:480)
	at org.apache.commons.complex.Quaternion.equals(Quaternion.java:480)
	at org.apache.commons.complex.Quaternion.equals(Quaternion.java:480)
	at org.apache.commons.complex.Quaternion.equals(Quaternion.java:480)
	at org.apache.commons.complex.Quaternion.equals(Quaternion.java:480)
	at org.apache.commons.complex.Quaternion.equals(Quaternion.java:480)
	at org.apache.commons.complex.Quaternion.equals(Quaternion.java:480)
	at org.apache.commons.complex.Quaternion.equals(Quaternion.java:480)
	at org.apache.commons.complex.Quaternion.equals(Quaternion.java:480)
	at org.apache.commons.complex.Quaternion.equals(Quaternion.java:480)
	at org.apache.commons.complex.Quaternion.equals(Quaternion.java:480)
	at org.apache.commons.complex.Quaternion.equals(Quaternion.java:480)
	at org.apache.commons.complex.Quaternion.equals(Quaternion.java:480)
	at org.apache.commons.complex.Quaternion.equals(Quaternion.java:480)
	at org.apache.commons.complex.Quaternion.equals(Quaternion.java:480)
	at org.apache.commons.complex.Quaternion.equals(Quaternion.java:480)
	at org.apache.commons.complex.Quaternion.equals(Quaternion.java:480)
	at org.apache.commons.complex.Quaternion.equals(Quaternion.java:480)
	at org.apache.commons.complex.Quaternion.equals(Quaternion.java:480)
	at org.apache.commons.complex.Quaternion.equals(Quaternion.java:480)
	at org.apache.commons.complex.Quaternion.equals(Quaternion.java:480)
	at org.apache.commons.complex.Quaternion.equals(Quaternion.java:480)
	at org.apache.commons.complex.Quaternion.equals(Quaternion.java:480)
	at org.apache.commons.complex.Quaternion.equals(Quaternion.java:480)
	at org.apache.commons.complex.Quaternion.equals(Quaternion.java:480)
	at org.apache.commons.complex.Quaternion.equals(Quaternion.java:480)
	at org.apache.commons.complex.Quaternion.equals(Quaternion.java:480)
	at org.apache.commons.complex.Quaternion.equals(Quaternion.java:480)
	at org.apache.commons.complex.Quaternion.equals(Quaternion.java:480)
	at org.apache.commons.complex.Quaternion.equals(Quaternion.java:480)
	at org.apache.commons.complex.Quaternion.equals(Quaternion.java:480)
	at org.apache.commons.complex.Quaternion.equals(Quaternion.java:480)
	at org.apache.commons.complex.Quaternion.equals(Quaternion.java:480)
	at org.apache.commons.complex.Quaternion.equals(Quaternion.java:480)
	at org.apache.commons.complex.Quaternion.equals(Quaternion.java:480)
	at org.apache.commons.complex.Quaternion.equals(Quaternion.java:480)
	at org.apache.commons.complex.Quaternion.equals(Quaternion.java:480)
	at org.apache.commons.complex.Quaternion.equals(Quaternion.java:480)
	at org.apache.commons.complex.Quaternion.equals(Quaternion.java:480)
	at org.apache.commons.complex.Quaternion.equals(Quaternion.java:480)
	at org.apache.commons.complex.Quaternion.equals(Quaternion.java:480)
	at org.apache.commons.complex.Quaternion.equals(Quaternion.java:480)
	at org.apache.commons.complex.Quaternion.equals(Quaternion.java:480)
	at org.apache.commons.complex.Quaternion.equals(Quaternion.java:480)
	at org.apache.commons.complex.Quaternion.equals(Quaternion.java:480)
	at org.apache.commons.complex.Quaternion.equals(Quaternion.java:480)
	at org.apache.commons.complex.Quaternion.equals(Quaternion.java:480)
	at org.apache.commons.complex.Quaternion.equals(Quaternion.java:480)
	at org.apache.commons.complex.Quaternion.equals(Quaternion.java:480)
	at org.apache.commons.complex.Quaternion.equals(Quaternion.java:480)
	at org.apache.commons.complex.Quaternion.equals(Quaternion.java:480)
	at org.apache.commons.complex.Quaternion.equals(Quaternion.java:480)
	at org.apache.commons.complex.Quaternion.equals(Quaternion.java:480)
	at org.apache.commons.complex.Quaternion.equals(Quaternion.java:480)
	at org.apache.commons.complex.Quaternion.equals(Quaternion.java:480)
	at org.apache.commons.complex.Quaternion.equals(Quaternion.java:480)
	at org.apache.commons.complex.Quaternion.equals(Quaternion.java:480)
	at org.apache.commons.complex.Quaternion.equals(Quaternion.java:480)
	at org.apache.commons.complex.Quaternion.equals(Quaternion.java:480)
	at org.apache.commons.complex.Quaternion.equals(Quaternion.java:480)
	at org.apache.commons.complex.Quaternion.equals(Quaternion.java:480)
	at org.apache.commons.complex.Quaternion.equals(Quaternion.java:480)
	at org.apache.commons.complex.Quaternion.equals(Quaternion.java:480)
	at org.apache.commons.complex.Quaternion.equals(Quaternion.java:480)
	at org.apache.commons.complex.Quaternion.equals(Quaternion.java:480)
	at org.apache.commons.complex.Quaternion.equals(Quaternion.java:480)
	at org.apache.commons.complex.Quaternion.equals(Quaternion.java:480)
	at org.apache.commons.complex.Quaternion.equals(Quaternion.java:480)
	at org.apache.commons.complex.Quaternion.equals(Quaternion.java:480)
	at org.apache.commons.complex.Quaternion.equals(Quaternion.java:480)
	at org.apache.commons.complex.Quaternion.equals(Quaternion.java:480)
	at org.apache.commons.complex.Quaternion.equals(Quaternion.java:480)
	at org.apache.commons.complex.Quaternion.equals(Quaternion.java:480)
	at org.apache.commons.complex.Quaternion.equals(Quaternion.java:480)
	at org.apache.commons.complex.Quaternion.equals(Quaternion.java:480)
	at org.apache.commons.complex.Quaternion.equals(Quaternion.java:480)
	at org.apache.commons.complex.Quaternion.equals(Quaternion.java:480)
	at org.apache.commons.complex.Quaternion.equals(Quaternion.java:480)
	at org.apache.commons.complex.Quaternion.equals(Quaternion.java:480)
	at org.apache.commons.complex.Quaternion.equals(Quaternion.java:480)
	at org.apache.commons.complex.Quaternion.equals(Quaternion.java:480)
	at org.apache.commons.complex.Quaternion.equals(Quaternion.java:480)
	at org.apache.commons.complex.Quaternion.equals(Quaternion.java:480)
	at org.apache.commons.complex.Quaternion.equals(Quaternion.java:480)
	at org.apache.commons.complex.Quaternion.equals(Quaternion.java:480)
	at org.apache.commons.complex.Quaternion.equals(Quaternion.java:480)
	at org.apache.commons.complex.Quaternion.equals(Quaternion.java:480)
	at org.apache.commons.complex.Quaternion.equals(Quaternion.java:480)
	at org.apache.commons.complex.Quaternion.equals(Quaternion.java:480)
	at org.apache.commons.complex.Quaternion.equals(Quaternion.java:480)
	at org.apache.commons.complex.Quaternion.equals(Quaternion.java:480)
	at org.apache.commons.complex.Quaternion.equals(Quaternion.java:480)
	at org.apache.commons.complex.Quaternion.equals(Quaternion.java:480)
	at org.apache.commons.complex.Quaternion.equals(Quaternion.java:480)
	at org.apache.commons.complex.Quaternion.equals(Quaternion.java:480)
	at org.apache.commons.complex.Quaternion.equals(Quaternion.java:480)
	at org.apache.commons.complex.Quaternion.equals(Quaternion.java:480)
	at org.apache.commons.complex.Quaternion.equals(Quaternion.java:480)
	at org.apache.commons.complex.Quaternion.equals(Quaternion.java:480)
	at org.apache.commons.complex.Quaternion.equals(Quaternion.java:480)
	at org.apache.commons.complex.Quaternion.equals(Quaternion.java:480)
	at org.apache.commons.complex.Quaternion.equals(Quaternion.java:480)
	at org.apache.commons.complex.Quaternion.equals(Quaternion.java:480)
	at org.apache.commons.complex.Quaternion.equals(Quaternion.java:480)
	at org.apache.commons.complex.Quaternion.equals(Quaternion.java:480)
	at org.apache.commons.complex.Quaternion.equals(Quaternion.java:480)
	at org.apache.commons.complex.Quaternion.equals(Quaternion.java:480)

