-------------------------------------------------------------------------------
Test set: org.apache.commons.complex.ComplexUtilsTest
-------------------------------------------------------------------------------
Tests run: 14, Failures: 0, Errors: 9, Skipped: 0, Time elapsed: 0.044 sec <<< FAILURE! - in org.apache.commons.complex.ComplexUtilsTest
testInterleavedToComplex(org.apache.commons.complex.ComplexUtilsTest)  Time elapsed: 0.001 sec  <<< ERROR!
java.lang.StackOverflowError: null
	at org.apache.commons.complex.TestUtils.equals(TestUtils.java)
	at org.apache.commons.complex.TestUtils.equals(TestUtils.java:390)
	at org.apache.commons.complex.TestUtils.equals(TestUtils.java:390)
	at org.apache.commons.complex.TestUtils.equals(TestUtils.java:390)
	at org.apache.commons.complex.TestUtils.equals(TestUtils.java:390)
	at org.apache.commons.complex.TestUtils.equals(TestUtils.java:390)
	at org.apache.commons.complex.TestUtils.equals(TestUtils.java:390)
	at org.apache.commons.complex.TestUtils.equals(TestUtils.java:390)
	at org.apache.commons.complex.TestUtils.equals(TestUtils.java:390)
	at org.apache.commons.complex.TestUtils.equals(TestUtils.java:390)
	at org.apache.commons.complex.TestUtils.equals(TestUtils.java:390)
	at org.apache.commons.complex.TestUtils.equals(TestUtils.java:390)
	at org.apache.commons.complex.TestUtils.equals(TestUtils.java:390)
	at org.apache.commons.complex.TestUtils.equals(TestUtils.java:390)
	at org.apache.commons.complex.TestUtils.equals(TestUtils.java:390)
	at org.apache.commons.complex.TestUtils.equals(TestUtils.java:390)
	at org.apache.commons.complex.TestUtils.equals(TestUtils.java:390)
	at org.apache.commons.complex.TestUtils.equals(TestUtils.java:390)
	at org.apache.commons.complex.TestUtils.equals(TestUtils.java:390)
	at org.apache.commons.complex.TestUtils.equals(TestUtils.java:390)
	at org.apache.commons.complex.TestUtils.equals(TestUtils.java:390)
	at org.apache.commons.complex.TestUtils.equals(TestUtils.java:390)
	at org.apache.commons.complex.TestUtils.equals(TestUtils.java:390)
	at org.apache.commons.complex.TestUtils.equals(TestUtils.java:390)
	at org.apache.commons.complex.TestUtils.equals(TestUtils.java:390)
	at org.apache.commons.complex.TestUtils.equals(TestUtils.java:390)
	at org.apache.commons.complex.TestUtils.equals(TestUtils.java:390)
	at org.apache.commons.complex.TestUtils.equals(TestUtils.java:390)
	at org.apache.commons.complex.TestUtils.equals(TestUtils.java:390)
	at org.apache.commons.complex.TestUtils.equals(TestUtils.java:390)
	at org.apache.commons.complex.TestUtils.equals(TestUtils.java:390)
	at org.apache.commons.complex.TestUtils.equals(TestUtils.java:390)
	at org.apache.commons.complex.TestUtils.equals(TestUtils.java:390)
	at org.apache.commons.complex.TestUtils.equals(TestUtils.java:390)
	at org.apache.commons.complex.TestUtils.equals(TestUtils.java:390)
	at org.apache.commons.complex.TestUtils.equals(TestUtils.java:390)
	at org.apache.commons.complex.TestUtils.equals(TestUtils.java:390)
	at org.apache.commons.complex.TestUtils.equals(TestUtils.java:390)
	at org.apache.commons.complex.TestUtils.equals(TestUtils.java:390)
	at org.apache.commons.complex.TestUtils.equals(TestUtils.java:390)
	at org.apache.commons.complex.TestUtils.equals(TestUtils.java:390)
	at org.apache.commons.complex.TestUtils.equals(TestUtils.java:390)
	at org.apache.commons.complex.TestUtils.equals(TestUtils.java:390)
	at org.apache.commons.complex.TestUtils.equals(TestUtils.java:390)
	at org.apache.commons.complex.TestUtils.equals(TestUtils.java:390)
	at org.apache.commons.complex.TestUtils.equals(TestUtils.java:390)
	at org.apache.commons.complex.TestUtils.equals(TestUtils.java:390)
	at org.apache.commons.complex.TestUtils.equals(TestUtils.java:390)
	at org.apache.commons.complex.TestUtils.equals(TestUtils.java:390)
	at org.apache.commons.complex.TestUtils.equals(TestUtils.java:390)
	at org.apache.commons.complex.TestUtils.equals(TestUtils.java:390)
	at org.apache.commons.complex.TestUtils.equals(TestUtils.java:390)
	at org.apache.commons.complex.TestUtils.equals(TestUtils.java:390)
	at org.apache.commons.complex.TestUtils.equals(TestUtils.java:390)
	at org.apache.commons.complex.TestUtils.equals(TestUtils.java:390)
	at org.apache.commons.complex.TestUtils.equals(TestUtils.java:390)
	at org.apache.commons.complex.TestUtils.equals(TestUtils.java:390)
	at org.apache.commons.complex.TestUtils.equals(TestUtils.java:390)
	at org.apache.commons.complex.TestUtils.equals(TestUtils.java:390)
	at org.apache.commons.complex.TestUtils.equals(TestUtils.java:390)
	at org.apache.commons.complex.TestUtils.equals(TestUtils.java:390)
	at org.apache.commons.complex.TestUtils.equals(TestUtils.java:390)
	at org.apache.commons.complex.TestUtils.equals(TestUtils.java:390)
	at org.apache.commons.complex.TestUtils.equals(TestUtils.java:390)
	at org.apache.commons.complex.TestUtils.equals(TestUtils.java:390)
	at org.apache.commons.complex.TestUtils.equals(TestUtils.java:390)
	at org.apache.commons.complex.TestUtils.equals(TestUtils.java:390)
	at org.apache.commons.complex.TestUtils.equals(TestUtils.java:390)
	at org.apache.commons.complex.TestUtils.equals(TestUtils.java:390)
	at org.apache.commons.complex.TestUtils.equals(TestUtils.java:390)
	at org.apache.commons.complex.TestUtils.equals(TestUtils.java:390)
	at org.apache.commons.complex.TestUtils.equals(TestUtils.java:390)
	at org.apache.commons.complex.TestUtils.equals(TestUtils.java:390)
	at org.apache.commons.complex.TestUtils.equals(TestUtils.java:390)
	at org.apache.commons.complex.TestUtils.equals(TestUtils.java:390)
	at org.apache.commons.complex.TestUtils.equals(TestUtils.java:390)
	at org.apache.commons.complex.TestUtils.equals(TestUtils.java:390)
	at org.apache.commons.complex.TestUtils.equals(TestUtils.java:390)
	at org.apache.commons.complex.TestUtils.equals(TestUtils.java:390)
	at org.apache.commons.complex.TestUtils.equals(TestUtils.java:390)
	at org.apache.commons.complex.TestUtils.equals(TestUtils.java:390)
	at org.apache.commons.complex.TestUtils.equals(TestUtils.java:390)
	at org.apache.commons.complex.TestUtils.equals(TestUtils.java:390)
	at org.apache.commons.complex.TestUtils.equals(TestUtils.java:390)
	at org.apache.commons.complex.TestUtils.equals(TestUtils.java:390)
	at org.apache.commons.complex.TestUtils.equals(TestUtils.java:390)
	at org.apache.commons.complex.TestUtils.equals(TestUtils.java:390)
	at org.apache.commons.complex.TestUtils.equals(TestUtils.java:390)
	at org.apache.commons.complex.TestUtils.equals(TestUtils.java:390)
	at org.apache.commons.complex.TestUtils.equals(TestUtils.java:390)
	at org.apache.commons.complex.TestUtils.equals(TestUtils.java:390)
	at org.apache.commons.complex.TestUtils.equals(TestUtils.java:390)
	at org.apache.commons.complex.TestUtils.equals(TestUtils.java:390)
	at org.apache.commons.complex.TestUtils.equals(TestUtils.java:390)
	at org.apache.commons.complex.TestUtils.equals(TestUtils.java:390)
	at org.apache.commons.complex.TestUtils.equals(TestUtils.java:390)
	at org.apache.commons.complex.TestUtils.equals(TestUtils.java:390)
	at org.apache.commons.complex.TestUtils.equals(TestUtils.java:390)
	at org.apache.commons.complex.TestUtils.equals(TestUtils.java:390)
	at org.apache.commons.complex.TestUtils.equals(TestUtils.java:390)
	at org.apache.commons.complex.TestUtils.equals(TestUtils.java:390)
	at org.apache.commons.complex.TestUtils.equals(TestUtils.java:390)
	at org.apache.commons.complex.TestUtils.equals(TestUtils.java:390)
	at org.apache.commons.complex.TestUtils.equals(TestUtils.java:390)
	at org.apache.commons.complex.TestUtils.equals(TestUtils.java:390)
	at org.apache.commons.complex.TestUtils.equals(TestUtils.java:390)
	at org.apache.commons.complex.TestUtils.equals(TestUtils.java:390)
	at org.apache.commons.complex.TestUtils.equals(TestUtils.java:390)
	at org.apache.commons.complex.TestUtils.equals(TestUtils.java:390)
	at org.apache.commons.complex.TestUtils.equals(TestUtils.java:390)
	at org.apache.commons.complex.TestUtils.equals(TestUtils.java:390)
	at org.apache.commons.complex.TestUtils.equals(TestUtils.java:390)
	at org.apache.commons.complex.TestUtils.equals(TestUtils.java:390)
	at org.apache.commons.complex.TestUtils.equals(TestUtils.java:390)
	at org.apache.commons.complex.TestUtils.equals(TestUtils.java:390)
	at org.apache.commons.complex.TestUtils.equals(TestUtils.java:390)
	at org.apache.commons.complex.TestUtils.equals(TestUtils.java:390)
	at org.apache.commons.complex.TestUtils.equals(TestUtils.java:390)
	at org.apache.commons.complex.TestUtils.equals(TestUtils.java:390)
	at org.apache.commons.complex.TestUtils.equals(TestUtils.java:390)
	at org.apache.commons.complex.TestUtils.equals(TestUtils.java:390)
	at org.apache.commons.complex.TestUtils.equals(TestUtils.java:390)
	at org.apache.commons.complex.TestUtils.equals(TestUtils.java:390)
	at org.apache.commons.complex.TestUtils.equals(TestUtils.java:390)
	at org.apache.commons.complex.TestUtils.equals(TestUtils.java:390)
	at org.apache.commons.complex.TestUtils.equals(TestUtils.java:390)
	at org.apache.commons.complex.TestUtils.equals(TestUtils.java:390)
	at org.apache.commons.complex.TestUtils.equals(TestUtils.java:390)
	at org.apache.commons.complex.TestUtils.equals(TestUtils.java:390)
	at org.apache.commons.complex.TestUtils.equals(TestUtils.java:390)
	at org.apache.commons.complex.TestUtils.equals(TestUtils.java:390)
	at org.apache.commons.complex.TestUtils.equals(TestUtils.java:390)
	at org.apache.commons.complex.TestUtils.equals(TestUtils.java:390)
	at org.apache.commons.complex.TestUtils.equals(TestUtils.java:390)
	at org.apache.commons.complex.TestUtils.equals(TestUtils.java:390)
	at org.apache.commons.complex.TestUtils.equals(TestUtils.java:390)
	at org.apache.commons.complex.TestUtils.equals(TestUtils.java:390)
	at org.apache.commons.complex.TestUtils.equals(TestUtils.java:390)
	at org.apache.commons.complex.TestUtils.equals(TestUtils.java:390)
	at org.apache.commons.complex.TestUtils.equals(TestUtils.java:390)
	at org.apache.commons.complex.TestUtils.equals(TestUtils.java:390)
	at org.apache.commons.complex.TestUtils.equals(TestUtils.java:390)
	at org.apache.commons.complex.TestUtils.equals(TestUtils.java:390)
	at org.apache.commons.complex.TestUtils.equals(TestUtils.java:390)
	at org.apache.commons.complex.TestUtils.equals(TestUtils.java:390)
	at org.apache.commons.complex.TestUtils.equals(TestUtils.java:390)
	at org.apache.commons.complex.TestUtils.equals(TestUtils.java:390)
	at org.apache.commons.complex.TestUtils.equals(TestUtils.java:390)
	at org.apache.commons.complex.TestUtils.equals(TestUtils.java:390)
	at org.apache.commons.complex.TestUtils.equals(TestUtils.java:390)
	at org.apache.commons.complex.TestUtils.equals(TestUtils.java:390)
	at org.apache.commons.complex.TestUtils.equals(TestUtils.java:390)
	at org.apache.commons.complex.TestUtils.equals(TestUtils.java:390)
	at org.apache.commons.complex.TestUtils.equals(TestUtils.java:390)
	at org.apache.commons.complex.TestUtils.equals(TestUtils.java:390)
	at org.apache.commons.complex.TestUtils.equals(TestUtils.java:390)
	at org.apache.commons.complex.TestUtils.equals(TestUtils.java:390)
	at org.apache.commons.complex.TestUtils.equals(TestUtils.java:390)
	at org.apache.commons.complex.TestUtils.equals(TestUtils.java:390)
	at org.apache.commons.complex.TestUtils.equals(TestUtils.java:390)
	at org.apache.commons.complex.TestUtils.equals(TestUtils.java:390)
	at org.apache.commons.complex.TestUtils.equals(TestUtils.java:390)
	at org.apache.commons.complex.TestUtils.equals(TestUtils.java:390)
	at org.apache.commons.complex.TestUtils.equals(TestUtils.java:390)
	at org.apache.commons.complex.TestUtils.equals(TestUtils.java:390)
	at org.apache.commons.complex.TestUtils.equals(TestUtils.java:390)
	at org.apache.commons.complex.TestUtils.equals(TestUtils.java:390)
	at org.apache.commons.complex.TestUtils.equals(TestUtils.java:390)
	at org.apache.commons.complex.TestUtils.equals(TestUtils.java:390)
	at org.apache.commons.complex.TestUtils.equals(TestUtils.java:390)
	at org.apache.commons.complex.TestUtils.equals(TestUtils.java:390)
	at org.apache.commons.complex.TestUtils.equals(TestUtils.java:390)
	at org.apache.commons.complex.TestUtils.equals(TestUtils.java:390)
	at org.apache.commons.complex.TestUtils.equals(TestUtils.java:390)
	at org.apache.commons.complex.TestUtils.equals(TestUtils.java:390)
	at org.apache.commons.complex.TestUtils.equals(TestUtils.java:390)
	at org.apache.commons.complex.TestUtils.equals(TestUtils.java:390)
	at org.apache.commons.complex.TestUtils.equals(TestUtils.java:390)
	at org.apache.commons.complex.TestUtils.equals(TestUtils.java:390)
	at org.apache.commons.complex.TestUtils.equals(TestUtils.java:390)
	at org.apache.commons.complex.TestUtils.equals(TestUtils.java:390)
	at org.apache.commons.complex.TestUtils.equals(TestUtils.java:390)
	at org.apache.commons.complex.TestUtils.equals(TestUtils.java:390)
	at org.apache.commons.complex.TestUtils.equals(TestUtils.java:390)
	at org.apache.commons.complex.TestUtils.equals(TestUtils.java:390)
	at org.apache.commons.complex.TestUtils.equals(TestUtils.java:390)
	at org.apache.commons.complex.TestUtils.equals(TestUtils.java:390)
	at org.apache.commons.complex.TestUtils.equals(TestUtils.java:390)
	at org.apache.commons.complex.TestUtils.equals(TestUtils.java:390)
	at org.apache.commons.complex.TestUtils.equals(TestUtils.java:390)
	at org.apache.commons.complex.TestUtils.equals(TestUtils.java:390)
	at org.apache.commons.complex.TestUtils.equals(TestUtils.java:390)
	at org.apache.commons.complex.TestUtils.equals(TestUtils.java:390)
	at org.apache.commons.complex.TestUtils.equals(TestUtils.java:390)
	at org.apache.commons.complex.TestUtils.equals(TestUtils.java:390)
	at org.apache.commons.complex.TestUtils.equals(TestUtils.java:390)
	at org.apache.commons.complex.TestUtils.equals(TestUtils.java:390)
	at org.apache.commons.complex.TestUtils.equals(TestUtils.java:390)
	at org.apache.commons.complex.TestUtils.equals(TestUtils.java:390)
	at org.apache.commons.complex.TestUtils.equals(TestUtils.java:390)
	at org.apache.commons.complex.TestUtils.equals(TestUtils.java:390)
	at org.apache.commons.complex.TestUtils.equals(TestUtils.java:390)
	at org.apache.commons.complex.TestUtils.equals(TestUtils.java:390)
	at org.apache.commons.complex.TestUtils.equals(TestUtils.java:390)
	at org.apache.commons.complex.TestUtils.equals(TestUtils.java:390)
	at org.apache.commons.complex.TestUtils.equals(TestUtils.java:390)
	at org.apache.commons.complex.TestUtils.equals(TestUtils.java:390)
	at org.apache.commons.complex.TestUtils.equals(TestUtils.java:390)
	at org.apache.commons.complex.TestUtils.equals(TestUtils.java:390)
	at org.apache.commons.complex.TestUtils.equals(TestUtils.java:390)
	at org.apache.commons.complex.TestUtils.equals(TestUtils.java:390)
	at org.apache.commons.complex.TestUtils.equals(TestUtils.java:390)
	at org.apache.commons.complex.TestUtils.equals(TestUtils.java:390)
	at org.apache.commons.complex.TestUtils.equals(TestUtils.java:390)
	at org.apache.commons.complex.TestUtils.equals(TestUtils.java:390)
	at org.apache.commons.complex.TestUtils.equals(TestUtils.java:390)
	at org.apache.commons.complex.TestUtils.equals(TestUtils.java:390)
	at org.apache.commons.complex.TestUtils.equals(TestUtils.java:390)
	at org.apache.commons.complex.TestUtils.equals(TestUtils.java:390)
	at org.apache.commons.complex.TestUtils.equals(TestUtils.java:390)
	at org.apache.commons.complex.TestUtils.equals(TestUtils.java:390)
	at org.apache.commons.complex.TestUtils.equals(TestUtils.java:390)
	at org.apache.commons.complex.TestUtils.equals(TestUtils.java:390)
	at org.apache.commons.complex.TestUtils.equals(TestUtils.java:390)
	at org.apache.commons.complex.TestUtils.equals(TestUtils.java:390)
	at org.apache.commons.complex.TestUtils.equals(TestUtils.java:390)
	at org.apache.commons.complex.TestUtils.equals(TestUtils.java:390)
	at org.apache.commons.complex.TestUtils.equals(TestUtils.java:390)
	at org.apache.commons.complex.TestUtils.equals(TestUtils.java:390)
	at org.apache.commons.complex.TestUtils.equals(TestUtils.java:390)
	at org.apache.commons.complex.TestUtils.equals(TestUtils.java:390)
	at org.apache.commons.complex.TestUtils.equals(TestUtils.java:390)
	at org.apache.commons.complex.TestUtils.equals(TestUtils.java:390)
	at org.apache.commons.complex.TestUtils.equals(TestUtils.java:390)
	at org.apache.commons.complex.TestUtils.equals(TestUtils.java:390)
	at org.apache.commons.complex.TestUtils.equals(TestUtils.java:390)
	at org.apache.commons.complex.TestUtils.equals(TestUtils.java:390)
	at org.apache.commons.complex.TestUtils.equals(TestUtils.java:390)
	at org.apache.commons.complex.TestUtils.equals(TestUtils.java:390)
	at org.apache.commons.complex.TestUtils.equals(TestUtils.java:390)
	at org.apache.commons.complex.TestUtils.equals(TestUtils.java:390)
	at org.apache.commons.complex.TestUtils.equals(TestUtils.java:390)
	at org.apache.commons.complex.TestUtils.equals(TestUtils.java:390)
	at org.apache.commons.complex.TestUtils.equals(TestUtils.java:390)
	at org.apache.commons.complex.TestUtils.equals(TestUtils.java:390)
	at org.apache.commons.complex.TestUtils.equals(TestUtils.java:390)
	at org.apache.commons.complex.TestUtils.equals(TestUtils.java:390)
	at org.apache.commons.complex.TestUtils.equals(TestUtils.java:390)
	at org.apache.commons.complex.TestUtils.equals(TestUtils.java:390)
	at org.apache.commons.complex.TestUtils.equals(TestUtils.java:390)
	at org.apache.commons.complex.TestUtils.equals(TestUtils.java:390)
	at org.apache.commons.complex.TestUtils.equals(TestUtils.java:390)
	at org.apache.commons.complex.TestUtils.equals(TestUtils.java:390)
	at org.apache.commons.complex.TestUtils.equals(TestUtils.java:390)
	at org.apache.commons.complex.TestUtils.equals(TestUtils.java:390)
	at org.apache.commons.complex.TestUtils.equals(TestUtils.java:390)
	at org.apache.commons.complex.TestUtils.equals(TestUtils.java:390)
	at org.apache.commons.complex.TestUtils.equals(TestUtils.java:390)
	at org.apache.commons.complex.TestUtils.equals(TestUtils.java:390)
	at org.apache.commons.complex.TestUtils.equals(TestUtils.java:390)
	at org.apache.commons.complex.TestUtils.equals(TestUtils.java:390)
	at org.apache.commons.complex.TestUtils.equals(TestUtils.java:390)
	at org.apache.commons.complex.TestUtils.equals(TestUtils.java:390)
	at org.apache.commons.complex.TestUtils.equals(TestUtils.java:390)
	at org.apache.commons.complex.TestUtils.equals(TestUtils.java:390)
	at org.apache.commons.complex.TestUtils.equals(TestUtils.java:390)
	at org.apache.commons.complex.TestUtils.equals(TestUtils.java:390)
	at org.apache.commons.complex.TestUtils.equals(TestUtils.java:390)
	at org.apache.commons.complex.TestUtils.equals(TestUtils.java:390)
	at org.apache.commons.complex.TestUtils.equals(TestUtils.java:390)
	at org.apache.commons.complex.TestUtils.equals(TestUtils.java:390)
	at org.apache.commons.complex.TestUtils.equals(TestUtils.java:390)
	at org.apache.commons.complex.TestUtils.equals(TestUtils.java:390)
	at org.apache.commons.complex.TestUtils.equals(TestUtils.java:390)
	at org.apache.commons.complex.TestUtils.equals(TestUtils.java:390)
	at org.apache.commons.complex.TestUtils.equals(TestUtils.java:390)
	at org.apache.commons.complex.TestUtils.equals(TestUtils.java:390)
	at org.apache.commons.complex.TestUtils.equals(TestUtils.java:390)
	at org.apache.commons.complex.TestUtils.equals(TestUtils.java:390)
	at org.apache.commons.complex.TestUtils.equals(TestUtils.java:390)
	at org.apache.commons.complex.TestUtils.equals(TestUtils.java:390)
	at org.apache.commons.complex.TestUtils.equals(TestUtils.java:390)
	at org.apache.commons.complex.TestUtils.equals(TestUtils.java:390)
	at org.apache.commons.complex.TestUtils.equals(TestUtils.java:390)
	at org.apache.commons.complex.TestUtils.equals(TestUtils.java:390)
	at org.apache.commons.complex.TestUtils.equals(TestUtils.java:390)
	at org.apache.commons.complex.TestUtils.equals(TestUtils.java:390)
	at org.apache.commons.complex.TestUtils.equals(TestUtils.java:390)
	at org.apache.commons.complex.TestUtils.equals(TestUtils.java:390)
	at org.apache.commons.complex.TestUtils.equals(TestUtils.java:390)
	at org.apache.commons.complex.TestUtils.equals(TestUtils.java:390)
	at org.apache.commons.complex.TestUtils.equals(TestUtils.java:390)
	at org.apache.commons.complex.TestUtils.equals(TestUtils.java:390)
	at org.apache.commons.complex.TestUtils.equals(TestUtils.java:390)
	at org.apache.commons.complex.TestUtils.equals(TestUtils.java:390)
	at org.apache.commons.complex.TestUtils.equals(TestUtils.java:390)
	at org.apache.commons.complex.TestUtils.equals(TestUtils.java:390)
	at org.apache.commons.complex.TestUtils.equals(TestUtils.java:390)
	at org.apache.commons.complex.TestUtils.equals(TestUtils.java:390)
	at org.apache.commons.complex.TestUtils.equals(TestUtils.java:390)
	at org.apache.commons.complex.TestUtils.equals(TestUtils.java:390)
	at org.apache.commons.complex.TestUtils.equals(TestUtils.java:390)
	at org.apache.commons.complex.TestUtils.equals(TestUtils.java:390)
	at org.apache.commons.complex.TestUtils.equals(TestUtils.java:390)
	at org.apache.commons.complex.TestUtils.equals(TestUtils.java:390)
	at org.apache.commons.complex.TestUtils.equals(TestUtils.java:390)
	at org.apache.commons.complex.TestUtils.equals(TestUtils.java:390)
	at org.apache.commons.complex.TestUtils.equals(TestUtils.java:390)
	at org.apache.commons.complex.TestUtils.equals(TestUtils.java:390)
	at org.apache.commons.complex.TestUtils.equals(TestUtils.java:390)
	at org.apache.commons.complex.TestUtils.equals(TestUtils.java:390)
	at org.apache.commons.complex.TestUtils.equals(TestUtils.java:390)
	at org.apache.commons.complex.TestUtils.equals(TestUtils.java:390)
	at org.apache.commons.complex.TestUtils.equals(TestUtils.java:390)
	at org.apache.commons.complex.TestUtils.equals(TestUtils.java:390)
	at org.apache.commons.complex.TestUtils.equals(TestUtils.java:390)
	at org.apache.commons.complex.TestUtils.equals(TestUtils.java:390)
	at org.apache.commons.complex.TestUtils.equals(TestUtils.java:390)
	at org.apache.commons.complex.TestUtils.equals(TestUtils.java:390)
	at org.apache.commons.complex.TestUtils.equals(TestUtils.java:390)
	at org.apache.commons.complex.TestUtils.equals(TestUtils.java:390)
	at org.apache.commons.complex.TestUtils.equals(TestUtils.java:390)
	at org.apache.commons.complex.TestUtils.equals(TestUtils.java:390)
	at org.apache.commons.complex.TestUtils.equals(TestUtils.java:390)
	at org.apache.commons.complex.TestUtils.equals(TestUtils.java:390)
	at org.apache.commons.complex.TestUtils.equals(TestUtils.java:390)
	at org.apache.commons.complex.TestUtils.equals(TestUtils.java:390)
	at org.apache.commons.complex.TestUtils.equals(TestUtils.java:390)
	at org.apache.commons.complex.TestUtils.equals(TestUtils.java:390)
	at org.apache.commons.complex.TestUtils.equals(TestUtils.java:390)
	at org.apache.commons.complex.TestUtils.equals(TestUtils.java:390)
	at org.apache.commons.complex.TestUtils.equals(TestUtils.java:390)
	at org.apache.commons.complex.TestUtils.equals(TestUtils.java:390)
	at org.apache.commons.complex.TestUtils.equals(TestUtils.java:390)
	at org.apache.commons.complex.TestUtils.equals(TestUtils.java:390)
	at org.apache.commons.complex.TestUtils.equals(TestUtils.java:390)
	at org.apache.commons.complex.TestUtils.equals(TestUtils.java:390)
	at org.apache.commons.complex.TestUtils.equals(TestUtils.java:390)
	at org.apache.commons.complex.TestUtils.equals(TestUtils.java:390)
	at org.apache.commons.complex.TestUtils.equals(TestUtils.java:390)
	at org.apache.commons.complex.TestUtils.equals(TestUtils.java:390)
	at org.apache.commons.complex.TestUtils.equals(TestUtils.java:390)
	at org.apache.commons.complex.TestUtils.equals(TestUtils.java:390)
	at org.apache.commons.complex.TestUtils.equals(TestUtils.java:390)
	at org.apache.commons.complex.TestUtils.equals(TestUtils.java:390)
	at org.apache.commons.complex.TestUtils.equals(TestUtils.java:390)
	at org.apache.commons.complex.TestUtils.equals(TestUtils.java:390)
	at org.apache.commons.complex.TestUtils.equals(TestUtils.java:390)
	at org.apache.commons.complex.TestUtils.equals(TestUtils.java:390)
	at org.apache.commons.complex.TestUtils.equals(TestUtils.java:390)
	at org.apache.commons.complex.TestUtils.equals(TestUtils.java:390)
	at org.apache.commons.complex.TestUtils.equals(TestUtils.java:390)
	at org.apache.commons.complex.TestUtils.equals(TestUtils.java:390)
	at org.apache.commons.complex.TestUtils.equals(TestUtils.java:390)
	at org.apache.commons.complex.TestUtils.equals(TestUtils.java:390)
	at org.apache.commons.complex.TestUtils.equals(TestUtils.java:390)
	at org.apache.commons.complex.TestUtils.equals(TestUtils.java:390)
	at org.apache.commons.complex.TestUtils.equals(TestUtils.java:390)
	at org.apache.commons.complex.TestUtils.equals(TestUtils.java:390)
	at org.apache.commons.complex.TestUtils.equals(TestUtils.java:390)
	at org.apache.commons.complex.TestUtils.equals(TestUtils.java:390)
	at org.apache.commons.complex.TestUtils.equals(TestUtils.java:390)
	at org.apache.commons.complex.TestUtils.equals(TestUtils.java:390)
	at org.apache.commons.complex.TestUtils.equals(TestUtils.java:390)
	at org.apache.commons.complex.TestUtils.equals(TestUtils.java:390)
	at org.apache.commons.complex.TestUtils.equals(TestUtils.java:390)
	at org.apache.commons.complex.TestUtils.equals(TestUtils.java:390)
	at org.apache.commons.complex.TestUtils.equals(TestUtils.java:390)
	at org.apache.commons.complex.TestUtils.equals(TestUtils.java:390)
	at org.apache.commons.complex.TestUtils.equals(TestUtils.java:390)
	at org.apache.commons.complex.TestUtils.equals(TestUtils.java:390)
	at org.apache.commons.complex.TestUtils.equals(TestUtils.java:390)
	at org.apache.commons.complex.TestUtils.equals(TestUtils.java:390)
	at org.apache.commons.complex.TestUtils.equals(TestUtils.java:390)
	at org.apache.commons.complex.TestUtils.equals(TestUtils.java:390)
	at org.apache.commons.complex.TestUtils.equals(TestUtils.java:390)
	at org.apache.commons.complex.TestUtils.equals(TestUtils.java:390)
	at org.apache.commons.complex.TestUtils.equals(TestUtils.java:390)
	at org.apache.commons.complex.TestUtils.equals(TestUtils.java:390)
	at org.apache.commons.complex.TestUtils.equals(TestUtils.java:390)
	at org.apache.commons.complex.TestUtils.equals(TestUtils.java:390)
	at org.apache.commons.complex.TestUtils.equals(TestUtils.java:390)
	at org.apache.commons.complex.TestUtils.equals(TestUtils.java:390)
	at org.apache.commons.complex.TestUtils.equals(TestUtils.java:390)
	at org.apache.commons.complex.TestUtils.equals(TestUtils.java:390)
	at org.apache.commons.complex.TestUtils.equals(TestUtils.java:390)
	at org.apache.commons.complex.TestUtils.equals(TestUtils.java:390)
	at org.apache.commons.complex.TestUtils.equals(TestUtils.java:390)
	at org.apache.commons.complex.TestUtils.equals(TestUtils.java:390)
	at org.apache.commons.complex.TestUtils.equals(TestUtils.java:390)
	at org.apache.commons.complex.TestUtils.equals(TestUtils.java:390)
	at org.apache.commons.complex.TestUtils.equals(TestUtils.java:390)
	at org.apache.commons.complex.TestUtils.equals(TestUtils.java:390)
	at org.apache.commons.complex.TestUtils.equals(TestUtils.java:390)
	at org.apache.commons.complex.TestUtils.equals(TestUtils.java:390)
	at org.apache.commons.complex.TestUtils.equals(TestUtils.java:390)
	at org.apache.commons.complex.TestUtils.equals(TestUtils.java:390)
	at org.apache.commons.complex.TestUtils.equals(TestUtils.java:390)
	at org.apache.commons.complex.TestUtils.equals(TestUtils.java:390)
	at org.apache.commons.complex.TestUtils.equals(TestUtils.java:390)
	at org.apache.commons.complex.TestUtils.equals(TestUtils.java:390)
	at org.apache.commons.complex.TestUtils.equals(TestUtils.java:390)
	at org.apache.commons.complex.TestUtils.equals(TestUtils.java:390)
	at org.apache.commons.complex.TestUtils.equals(TestUtils.java:390)
	at org.apache.commons.complex.TestUtils.equals(TestUtils.java:390)
	at org.apache.commons.complex.TestUtils.equals(TestUtils.java:390)
	at org.apache.commons.complex.TestUtils.equals(TestUtils.java:390)
	at org.apache.commons.complex.TestUtils.equals(TestUtils.java:390)
	at org.apache.commons.complex.TestUtils.equals(TestUtils.java:390)
	at org.apache.commons.complex.TestUtils.equals(TestUtils.java:390)
	at org.apache.commons.complex.TestUtils.equals(TestUtils.java:390)
	at org.apache.commons.complex.TestUtils.equals(TestUtils.java:390)
	at org.apache.commons.complex.TestUtils.equals(TestUtils.java:390)
	at org.apache.commons.complex.TestUtils.equals(TestUtils.java:390)
	at org.apache.commons.complex.TestUtils.equals(TestUtils.java:390)
	at org.apache.commons.complex.TestUtils.equals(TestUtils.java:390)
	at org.apache.commons.complex.TestUtils.equals(TestUtils.java:390)
	at org.apache.commons.complex.TestUtils.equals(TestUtils.java:390)
	at org.apache.commons.complex.TestUtils.equals(TestUtils.java:390)
	at org.apache.commons.complex.TestUtils.equals(TestUtils.java:390)
	at org.apache.commons.complex.TestUtils.equals(TestUtils.java:390)
	at org.apache.commons.complex.TestUtils.equals(TestUtils.java:390)
	at org.apache.commons.complex.TestUtils.equals(TestUtils.java:390)
	at org.apache.commons.complex.TestUtils.equals(TestUtils.java:390)
	at org.apache.commons.complex.TestUtils.equals(TestUtils.java:390)
	at org.apache.commons.complex.TestUtils.equals(TestUtils.java:390)
	at org.apache.commons.complex.TestUtils.equals(TestUtils.java:390)
	at org.apache.commons.complex.TestUtils.equals(TestUtils.java:390)
	at org.apache.commons.complex.TestUtils.equals(TestUtils.java:390)
	at org.apache.commons.complex.TestUtils.equals(TestUtils.java:390)
	at org.apache.commons.complex.TestUtils.equals(TestUtils.java:390)
	at org.apache.commons.complex.TestUtils.equals(TestUtils.java:390)
	at org.apache.commons.complex.TestUtils.equals(TestUtils.java:390)
	at org.apache.commons.complex.TestUtils.equals(TestUtils.java:390)
	at org.apache.commons.complex.TestUtils.equals(TestUtils.java:390)
	at org.apache.commons.complex.TestUtils.equals(TestUtils.java:390)
	at org.apache.commons.complex.TestUtils.equals(TestUtils.java:390)
	at org.apache.commons.complex.TestUtils.equals(TestUtils.java:390)
	at org.apache.commons.complex.TestUtils.equals(TestUtils.java:390)
	at org.apache.commons.complex.TestUtils.equals(TestUtils.java:390)
	at org.apache.commons.complex.TestUtils.equals(TestUtils.java:390)
	at org.apache.commons.complex.TestUtils.equals(TestUtils.java:390)
	at org.apache.commons.complex.TestUtils.equals(TestUtils.java:390)
	at org.apache.commons.complex.TestUtils.equals(TestUtils.java:390)
	at org.apache.commons.complex.TestUtils.equals(TestUtils.java:390)
	at org.apache.commons.complex.TestUtils.equals(TestUtils.java:390)
	at org.apache.commons.complex.TestUtils.equals(TestUtils.java:390)
	at org.apache.commons.complex.TestUtils.equals(TestUtils.java:390)
	at org.apache.commons.complex.TestUtils.equals(TestUtils.java:390)
	at org.apache.commons.complex.TestUtils.equals(TestUtils.java:390)
	at org.apache.commons.complex.TestUtils.equals(TestUtils.java:390)
	at org.apache.commons.complex.TestUtils.equals(TestUtils.java:390)
	at org.apache.commons.complex.TestUtils.equals(TestUtils.java:390)
	at org.apache.commons.complex.TestUtils.equals(TestUtils.java:390)
	at org.apache.commons.complex.TestUtils.equals(TestUtils.java:390)
	at org.apache.commons.complex.TestUtils.equals(TestUtils.java:390)
	at org.apache.commons.complex.TestUtils.equals(TestUtils.java:390)
	at org.apache.commons.complex.TestUtils.equals(TestUtils.java:390)
	at org.apache.commons.complex.TestUtils.equals(TestUtils.java:390)
	at org.apache.commons.complex.TestUtils.equals(TestUtils.java:390)
	at org.apache.commons.complex.TestUtils.equals(TestUtils.java:390)
	at org.apache.commons.complex.TestUtils.equals(TestUtils.java:390)
	at org.apache.commons.complex.TestUtils.equals(TestUtils.java:390)
	at org.apache.commons.complex.TestUtils.equals(TestUtils.java:390)
	at org.apache.commons.complex.TestUtils.equals(TestUtils.java:390)
	at org.apache.commons.complex.TestUtils.equals(TestUtils.java:390)
	at org.apache.commons.complex.TestUtils.equals(TestUtils.java:390)
	at org.apache.commons.complex.TestUtils.equals(TestUtils.java:390)
	at org.apache.commons.complex.TestUtils.equals(TestUtils.java:390)
	at org.apache.commons.complex.TestUtils.equals(TestUtils.java:390)
	at org.apache.commons.complex.TestUtils.equals(TestUtils.java:390)
	at org.apache.commons.complex.TestUtils.equals(TestUtils.java:390)
	at org.apache.commons.complex.TestUtils.equals(TestUtils.java:390)
	at org.apache.commons.complex.TestUtils.equals(TestUtils.java:390)
	at org.apache.commons.complex.TestUtils.equals(TestUtils.java:390)
	at org.apache.commons.complex.TestUtils.equals(TestUtils.java:390)
	at org.apache.commons.complex.TestUtils.equals(TestUtils.java:390)
	at org.apache.commons.complex.TestUtils.equals(TestUtils.java:390)
	at org.apache.commons.complex.TestUtils.equals(TestUtils.java:390)
	at org.apache.commons.complex.TestUtils.equals(TestUtils.java:390)
	at org.apache.commons.complex.TestUtils.equals(TestUtils.java:390)
	at org.apache.commons.complex.TestUtils.equals(TestUtils.java:390)
	at org.apache.commons.complex.TestUtils.equals(TestUtils.java:390)
	at org.apache.commons.complex.TestUtils.equals(TestUtils.java:390)
	at org.apache.commons.complex.TestUtils.equals(TestUtils.java:390)
	at org.apache.commons.complex.TestUtils.equals(TestUtils.java:390)
	at org.apache.commons.complex.TestUtils.equals(TestUtils.java:390)
	at org.apache.commons.complex.TestUtils.equals(TestUtils.java:390)
	at org.apache.commons.complex.TestUtils.equals(TestUtils.java:390)
	at org.apache.commons.complex.TestUtils.equals(TestUtils.java:390)
	at org.apache.commons.complex.TestUtils.equals(TestUtils.java:390)
	at org.apache.commons.complex.TestUtils.equals(TestUtils.java:390)
	at org.apache.commons.complex.TestUtils.equals(TestUtils.java:390)
	at org.apache.commons.complex.TestUtils.equals(TestUtils.java:390)
	at org.apache.commons.complex.TestUtils.equals(TestUtils.java:390)
	at org.apache.commons.complex.TestUtils.equals(TestUtils.java:390)
	at org.apache.commons.complex.TestUtils.equals(TestUtils.java:390)
	at org.apache.commons.complex.TestUtils.equals(TestUtils.java:390)
	at org.apache.commons.complex.TestUtils.equals(TestUtils.java:390)
	at org.apache.commons.complex.TestUtils.equals(TestUtils.java:390)
	at org.apache.commons.complex.TestUtils.equals(TestUtils.java:390)
	at org.apache.commons.complex.TestUtils.equals(TestUtils.java:390)
	at org.apache.commons.complex.TestUtils.equals(TestUtils.java:390)
	at org.apache.commons.complex.TestUtils.equals(TestUtils.java:390)
	at org.apache.commons.complex.TestUtils.equals(TestUtils.java:390)
	at org.apache.commons.complex.TestUtils.equals(TestUtils.java:390)
	at org.apache.commons.complex.TestUtils.equals(TestUtils.java:390)
	at org.apache.commons.complex.TestUtils.equals(TestUtils.java:390)
	at org.apache.commons.complex.TestUtils.equals(TestUtils.java:390)
	at org.apache.commons.complex.TestUtils.equals(TestUtils.java:390)
	at org.apache.commons.complex.TestUtils.equals(TestUtils.java:390)
	at org.apache.commons.complex.TestUtils.equals(TestUtils.java:390)
	at org.apache.commons.complex.TestUtils.equals(TestUtils.java:390)
	at org.apache.commons.complex.TestUtils.equals(TestUtils.java:390)
	at org.apache.commons.complex.TestUtils.equals(TestUtils.java:390)
	at org.apache.commons.complex.TestUtils.equals(TestUtils.java:390)
	at org.apache.commons.complex.TestUtils.equals(TestUtils.java:390)
	at org.apache.commons.complex.TestUtils.equals(TestUtils.java:390)
	at org.apache.commons.complex.TestUtils.equals(TestUtils.java:390)
	at org.apache.commons.complex.TestUtils.equals(TestUtils.java:390)
	at org.apache.commons.complex.TestUtils.equals(TestUtils.java:390)
	at org.apache.commons.complex.TestUtils.equals(TestUtils.java:390)
	at org.apache.commons.complex.TestUtils.equals(TestUtils.java:390)
	at org.apache.commons.complex.TestUtils.equals(TestUtils.java:390)
	at org.apache.commons.complex.TestUtils.equals(TestUtils.java:390)
	at org.apache.commons.complex.TestUtils.equals(TestUtils.java:390)
	at org.apache.commons.complex.TestUtils.equals(TestUtils.java:390)
	at org.apache.commons.complex.TestUtils.equals(TestUtils.java:390)
	at org.apache.commons.complex.TestUtils.equals(TestUtils.java:390)
	at org.apache.commons.complex.TestUtils.equals(TestUtils.java:390)
	at org.apache.commons.complex.TestUtils.equals(TestUtils.java:390)
	at org.apache.commons.complex.TestUtils.equals(TestUtils.java:390)
	at org.apache.commons.complex.TestUtils.equals(TestUtils.java:390)
	at org.apache.commons.complex.TestUtils.equals(TestUtils.java:390)
	at org.apache.commons.complex.TestUtils.equals(TestUtils.java:390)
	at org.apache.commons.complex.TestUtils.equals(TestUtils.java:390)
	at org.apache.commons.complex.TestUtils.equals(TestUtils.java:390)
	at org.apache.commons.complex.TestUtils.equals(TestUtils.java:390)
	at org.apache.commons.complex.TestUtils.equals(TestUtils.java:390)
	at org.apache.commons.complex.TestUtils.equals(TestUtils.java:390)
	at org.apache.commons.complex.TestUtils.equals(TestUtils.java:390)
	at org.apache.commons.complex.TestUtils.equals(TestUtils.java:390)
	at org.apache.commons.complex.TestUtils.equals(TestUtils.java:390)
	at org.apache.commons.complex.TestUtils.equals(TestUtils.java:390)
	at org.apache.commons.complex.TestUtils.equals(TestUtils.java:390)
	at org.apache.commons.complex.TestUtils.equals(TestUtils.java:390)
	at org.apache.commons.complex.TestUtils.equals(TestUtils.java:390)
	at org.apache.commons.complex.TestUtils.equals(TestUtils.java:390)
	at org.apache.commons.complex.TestUtils.equals(TestUtils.java:390)
	at org.apache.commons.complex.TestUtils.equals(TestUtils.java:390)
	at org.apache.commons.complex.TestUtils.equals(TestUtils.java:390)
	at org.apache.commons.complex.TestUtils.equals(TestUtils.java:390)
	at org.apache.commons.complex.TestUtils.equals(TestUtils.java:390)
	at org.apache.commons.complex.TestUtils.equals(TestUtils.java:390)
	at org.apache.commons.complex.TestUtils.equals(TestUtils.java:390)
	at org.apache.commons.complex.TestUtils.equals(TestUtils.java:390)
	at org.apache.commons.complex.TestUtils.equals(TestUtils.java:390)
	at org.apache.commons.complex.TestUtils.equals(TestUtils.java:390)
	at org.apache.commons.complex.TestUtils.equals(TestUtils.java:390)
	at org.apache.commons.complex.TestUtils.equals(TestUtils.java:390)
	at org.apache.commons.complex.TestUtils.equals(TestUtils.java:390)
	at org.apache.commons.complex.TestUtils.equals(TestUtils.java:390)
	at org.apache.commons.complex.TestUtils.equals(TestUtils.java:390)
	at org.apache.commons.complex.TestUtils.equals(TestUtils.java:390)
	at org.apache.commons.complex.TestUtils.equals(TestUtils.java:390)
	at org.apache.commons.complex.TestUtils.equals(TestUtils.java:390)
	at org.apache.commons.complex.TestUtils.equals(TestUtils.java:390)
	at org.apache.commons.complex.TestUtils.equals(TestUtils.java:390)
	at org.apache.commons.complex.TestUtils.equals(TestUtils.java:390)
	at org.apache.commons.complex.TestUtils.equals(TestUtils.java:390)
	at org.apache.commons.complex.TestUtils.equals(TestUtils.java:390)
	at org.apache.commons.complex.TestUtils.equals(TestUtils.java:390)
	at org.apache.commons.complex.TestUtils.equals(TestUtils.java:390)
	at org.apache.commons.complex.TestUtils.equals(TestUtils.java:390)
	at org.apache.commons.complex.TestUtils.equals(TestUtils.java:390)
	at org.apache.commons.complex.TestUtils.equals(TestUtils.java:390)
	at org.apache.commons.complex.TestUtils.equals(TestUtils.java:390)
	at org.apache.commons.complex.TestUtils.equals(TestUtils.java:390)
	at org.apache.commons.complex.TestUtils.equals(TestUtils.java:390)
	at org.apache.commons.complex.TestUtils.equals(TestUtils.java:390)
	at org.apache.commons.complex.TestUtils.equals(TestUtils.java:390)
	at org.apache.commons.complex.TestUtils.equals(TestUtils.java:390)
	at org.apache.commons.complex.TestUtils.equals(TestUtils.java:390)
	at org.apache.commons.complex.TestUtils.equals(TestUtils.java:390)
	at org.apache.commons.complex.TestUtils.equals(TestUtils.java:390)
	at org.apache.commons.complex.TestUtils.equals(TestUtils.java:390)
	at org.apache.commons.complex.TestUtils.equals(TestUtils.java:390)
	at org.apache.commons.complex.TestUtils.equals(TestUtils.java:390)
	at org.apache.commons.complex.TestUtils.equals(TestUtils.java:390)
	at org.apache.commons.complex.TestUtils.equals(TestUtils.java:390)
	at org.apache.commons.complex.TestUtils.equals(TestUtils.java:390)
	at org.apache.commons.complex.TestUtils.equals(TestUtils.java:390)
	at org.apache.commons.complex.TestUtils.equals(TestUtils.java:390)
	at org.apache.commons.complex.TestUtils.equals(TestUtils.java:390)
	at org.apache.commons.complex.TestUtils.equals(TestUtils.java:390)
	at org.apache.commons.complex.TestUtils.equals(TestUtils.java:390)
	at org.apache.commons.complex.TestUtils.equals(TestUtils.java:390)
	at org.apache.commons.complex.TestUtils.equals(TestUtils.java:390)
	at org.apache.commons.complex.TestUtils.equals(TestUtils.java:390)
	at org.apache.commons.complex.TestUtils.equals(TestUtils.java:390)
	at org.apache.commons.complex.TestUtils.equals(TestUtils.java:390)
	at org.apache.commons.complex.TestUtils.equals(TestUtils.java:390)
	at org.apache.commons.complex.TestUtils.equals(TestUtils.java:390)
	at org.apache.commons.complex.TestUtils.equals(TestUtils.java:390)
	at org.apache.commons.complex.TestUtils.equals(TestUtils.java:390)
	at org.apache.commons.complex.TestUtils.equals(TestUtils.java:390)
	at org.apache.commons.complex.TestUtils.equals(TestUtils.java:390)
	at org.apache.commons.complex.TestUtils.equals(TestUtils.java:390)
	at org.apache.commons.complex.TestUtils.equals(TestUtils.java:390)
	at org.apache.commons.complex.TestUtils.equals(TestUtils.java:390)
	at org.apache.commons.complex.TestUtils.equals(TestUtils.java:390)
	at org.apache.commons.complex.TestUtils.equals(TestUtils.java:390)
	at org.apache.commons.complex.TestUtils.equals(TestUtils.java:390)
	at org.apache.commons.complex.TestUtils.equals(TestUtils.java:390)
	at org.apache.commons.complex.TestUtils.equals(TestUtils.java:390)
	at org.apache.commons.complex.TestUtils.equals(TestUtils.java:390)
	at org.apache.commons.complex.TestUtils.equals(TestUtils.java:390)
	at org.apache.commons.complex.TestUtils.equals(TestUtils.java:390)
	at org.apache.commons.complex.TestUtils.equals(TestUtils.java:390)
	at org.apache.commons.complex.TestUtils.equals(TestUtils.java:390)
	at org.apache.commons.complex.TestUtils.equals(TestUtils.java:390)
	at org.apache.commons.complex.TestUtils.equals(TestUtils.java:390)
	at org.apache.commons.complex.TestUtils.equals(TestUtils.java:390)
	at org.apache.commons.complex.TestUtils.equals(TestUtils.java:390)
	at org.apache.commons.complex.TestUtils.equals(TestUtils.java:390)
	at org.apache.commons.complex.TestUtils.equals(TestUtils.java:390)
	at org.apache.commons.complex.TestUtils.equals(TestUtils.java:390)
	at org.apache.commons.complex.TestUtils.equals(TestUtils.java:390)
	at org.apache.commons.complex.TestUtils.equals(TestUtils.java:390)
	at org.apache.commons.complex.TestUtils.equals(TestUtils.java:390)
	at org.apache.commons.complex.TestUtils.equals(TestUtils.java:390)
	at org.apache.commons.complex.TestUtils.equals(TestUtils.java:390)
	at org.apache.commons.complex.TestUtils.equals(TestUtils.java:390)
	at org.apache.commons.complex.TestUtils.equals(TestUtils.java:390)
	at org.apache.commons.complex.TestUtils.equals(TestUtils.java:390)
	at org.apache.commons.complex.TestUtils.equals(TestUtils.java:390)
	at org.apache.commons.complex.TestUtils.equals(TestUtils.java:390)
	at org.apache.commons.complex.TestUtils.equals(TestUtils.java:390)
	at org.apache.commons.complex.TestUtils.equals(TestUtils.java:390)
	at org.apache.commons.complex.TestUtils.equals(TestUtils.java:390)
	at org.apache.commons.complex.TestUtils.equals(TestUtils.java:390)
	at org.apache.commons.complex.TestUtils.equals(TestUtils.java:390)
	at org.apache.commons.complex.TestUtils.equals(TestUtils.java:390)
	at org.apache.commons.complex.TestUtils.equals(TestUtils.java:390)
	at org.apache.commons.complex.TestUtils.equals(TestUtils.java:390)
	at org.apache.commons.complex.TestUtils.equals(TestUtils.java:390)
	at org.apache.commons.complex.TestUtils.equals(TestUtils.java:390)
	at org.apache.commons.complex.TestUtils.equals(TestUtils.java:390)
	at org.apache.commons.complex.TestUtils.equals(TestUtils.java:390)
	at org.apache.commons.complex.TestUtils.equals(TestUtils.java:390)
	at org.apache.commons.complex.TestUtils.equals(TestUtils.java:390)
	at org.apache.commons.complex.TestUtils.equals(TestUtils.java:390)
	at org.apache.commons.complex.TestUtils.equals(TestUtils.java:390)
	at org.apache.commons.complex.TestUtils.equals(TestUtils.java:390)
	at org.apache.commons.complex.TestUtils.equals(TestUtils.java:390)
	at org.apache.commons.complex.TestUtils.equals(TestUtils.java:390)
	at org.apache.commons.complex.TestUtils.equals(TestUtils.java:390)
	at org.apache.commons.complex.TestUtils.equals(TestUtils.java:390)
	at org.apache.commons.complex.TestUtils.equals(TestUtils.java:390)
	at org.apache.commons.complex.TestUtils.equals(TestUtils.java:390)
	at org.apache.commons.complex.TestUtils.equals(TestUtils.java:390)
	at org.apache.commons.complex.TestUtils.equals(TestUtils.java:390)
	at org.apache.commons.complex.TestUtils.equals(TestUtils.java:390)
	at org.apache.commons.complex.TestUtils.equals(TestUtils.java:390)
	at org.apache.commons.complex.TestUtils.equals(TestUtils.java:390)
	at org.apache.commons.complex.TestUtils.equals(TestUtils.java:390)
	at org.apache.commons.complex.TestUtils.equals(TestUtils.java:390)
	at org.apache.commons.complex.TestUtils.equals(TestUtils.java:390)
	at org.apache.commons.complex.TestUtils.equals(TestUtils.java:390)
	at org.apache.commons.complex.TestUtils.equals(TestUtils.java:390)
	at org.apache.commons.complex.TestUtils.equals(TestUtils.java:390)
	at org.apache.commons.complex.TestUtils.equals(TestUtils.java:390)
	at org.apache.commons.complex.TestUtils.equals(TestUtils.java:390)
	at org.apache.commons.complex.TestUtils.equals(TestUtils.java:390)
	at org.apache.commons.complex.TestUtils.equals(TestUtils.java:390)
	at org.apache.commons.complex.TestUtils.equals(TestUtils.java:390)
	at org.apache.commons.complex.TestUtils.equals(TestUtils.java:390)
	at org.apache.commons.complex.TestUtils.equals(TestUtils.java:390)
	at org.apache.commons.complex.TestUtils.equals(TestUtils.java:390)
	at org.apache.commons.complex.TestUtils.equals(TestUtils.java:390)
	at org.apache.commons.complex.TestUtils.equals(TestUtils.java:390)
	at org.apache.commons.complex.TestUtils.equals(TestUtils.java:390)
	at org.apache.commons.complex.TestUtils.equals(TestUtils.java:390)
	at org.apache.commons.complex.TestUtils.equals(TestUtils.java:390)
	at org.apache.commons.complex.TestUtils.equals(TestUtils.java:390)
	at org.apache.commons.complex.TestUtils.equals(TestUtils.java:390)
	at org.apache.commons.complex.TestUtils.equals(TestUtils.java:390)
	at org.apache.commons.complex.TestUtils.equals(TestUtils.java:390)
	at org.apache.commons.complex.TestUtils.equals(TestUtils.java:390)
	at org.apache.commons.complex.TestUtils.equals(TestUtils.java:390)
	at org.apache.commons.complex.TestUtils.equals(TestUtils.java:390)
	at org.apache.commons.complex.TestUtils.equals(TestUtils.java:390)
	at org.apache.commons.complex.TestUtils.equals(TestUtils.java:390)
	at org.apache.commons.complex.TestUtils.equals(TestUtils.java:390)
	at org.apache.commons.complex.TestUtils.equals(TestUtils.java:390)
	at org.apache.commons.complex.TestUtils.equals(TestUtils.java:390)
	at org.apache.commons.complex.TestUtils.equals(TestUtils.java:390)
	at org.apache.commons.complex.TestUtils.equals(TestUtils.java:390)
	at org.apache.commons.complex.TestUtils.equals(TestUtils.java:390)
	at org.apache.commons.complex.TestUtils.equals(TestUtils.java:390)
	at org.apache.commons.complex.TestUtils.equals(TestUtils.java:390)
	at org.apache.commons.complex.TestUtils.equals(TestUtils.java:390)
	at org.apache.commons.complex.TestUtils.equals(TestUtils.java:390)
	at org.apache.commons.complex.TestUtils.equals(TestUtils.java:390)
	at org.apache.commons.complex.TestUtils.equals(TestUtils.java:390)
	at org.apache.commons.complex.TestUtils.equals(TestUtils.java:390)
	at org.apache.commons.complex.TestUtils.equals(TestUtils.java:390)
	at org.apache.commons.complex.TestUtils.equals(TestUtils.java:390)
	at org.apache.commons.complex.TestUtils.equals(TestUtils.java:390)
	at org.apache.commons.complex.TestUtils.equals(TestUtils.java:390)
	at org.apache.commons.complex.TestUtils.equals(TestUtils.java:390)
	at org.apache.commons.complex.TestUtils.equals(TestUtils.java:390)
	at org.apache.commons.complex.TestUtils.equals(TestUtils.java:390)
	at org.apache.commons.complex.TestUtils.equals(TestUtils.java:390)
	at org.apache.commons.complex.TestUtils.equals(TestUtils.java:390)
	at org.apache.commons.complex.TestUtils.equals(TestUtils.java:390)
	at org.apache.commons.complex.TestUtils.equals(TestUtils.java:390)
	at org.apache.commons.complex.TestUtils.equals(TestUtils.java:390)
	at org.apache.commons.complex.TestUtils.equals(TestUtils.java:390)
	at org.apache.commons.complex.TestUtils.equals(TestUtils.java:390)
	at org.apache.commons.complex.TestUtils.equals(TestUtils.java:390)
	at org.apache.commons.complex.TestUtils.equals(TestUtils.java:390)
	at org.apache.commons.complex.TestUtils.equals(TestUtils.java:390)
	at org.apache.commons.complex.TestUtils.equals(TestUtils.java:390)
	at org.apache.commons.complex.TestUtils.equals(TestUtils.java:390)
	at org.apache.commons.complex.TestUtils.equals(TestUtils.java:390)
	at org.apache.commons.complex.TestUtils.equals(TestUtils.java:390)
	at org.apache.commons.complex.TestUtils.equals(TestUtils.java:390)
	at org.apache.commons.complex.TestUtils.equals(TestUtils.java:390)
	at org.apache.commons.complex.TestUtils.equals(TestUtils.java:390)
	at org.apache.commons.complex.TestUtils.equals(TestUtils.java:390)
	at org.apache.commons.complex.TestUtils.equals(TestUtils.java:390)
	at org.apache.commons.complex.TestUtils.equals(TestUtils.java:390)
	at org.apache.commons.complex.TestUtils.equals(TestUtils.java:390)
	at org.apache.commons.complex.TestUtils.equals(TestUtils.java:390)
	at org.apache.commons.complex.TestUtils.equals(TestUtils.java:390)
	at org.apache.commons.complex.TestUtils.equals(TestUtils.java:390)
	at org.apache.commons.complex.TestUtils.equals(TestUtils.java:390)
	at org.apache.commons.complex.TestUtils.equals(TestUtils.java:390)
	at org.apache.commons.complex.TestUtils.equals(TestUtils.java:390)
	at org.apache.commons.complex.TestUtils.equals(TestUtils.java:390)
	at org.apache.commons.complex.TestUtils.equals(TestUtils.java:390)
	at org.apache.commons.complex.TestUtils.equals(TestUtils.java:390)
	at org.apache.commons.complex.TestUtils.equals(TestUtils.java:390)
	at org.apache.commons.complex.TestUtils.equals(TestUtils.java:390)
	at org.apache.commons.complex.TestUtils.equals(TestUtils.java:390)
	at org.apache.commons.complex.TestUtils.equals(TestUtils.java:390)
	at org.apache.commons.complex.TestUtils.equals(TestUtils.java:390)
	at org.apache.commons.complex.TestUtils.equals(TestUtils.java:390)
	at org.apache.commons.complex.TestUtils.equals(TestUtils.java:390)
	at org.apache.commons.complex.TestUtils.equals(TestUtils.java:390)
	at org.apache.commons.complex.TestUtils.equals(TestUtils.java:390)
	at org.apache.commons.complex.TestUtils.equals(TestUtils.java:390)
	at org.apache.commons.complex.TestUtils.equals(TestUtils.java:390)
	at org.apache.commons.complex.TestUtils.equals(TestUtils.java:390)
	at org.apache.commons.complex.TestUtils.equals(TestUtils.java:390)
	at org.apache.commons.complex.TestUtils.equals(TestUtils.java:390)
	at org.apache.commons.complex.TestUtils.equals(TestUtils.java:390)
	at org.apache.commons.complex.TestUtils.equals(TestUtils.java:390)
	at org.apache.commons.complex.TestUtils.equals(TestUtils.java:390)
	at org.apache.commons.complex.TestUtils.equals(TestUtils.java:390)
	at org.apache.commons.complex.TestUtils.equals(TestUtils.java:390)
	at org.apache.commons.complex.TestUtils.equals(TestUtils.java:390)
	at org.apache.commons.complex.TestUtils.equals(TestUtils.java:390)
	at org.apache.commons.complex.TestUtils.equals(TestUtils.java:390)
	at org.apache.commons.complex.TestUtils.equals(TestUtils.java:390)
	at org.apache.commons.complex.TestUtils.equals(TestUtils.java:390)
	at org.apache.commons.complex.TestUtils.equals(TestUtils.java:390)
	at org.apache.commons.complex.TestUtils.equals(TestUtils.java:390)
	at org.apache.commons.complex.TestUtils.equals(TestUtils.java:390)
	at org.apache.commons.complex.TestUtils.equals(TestUtils.java:390)
	at org.apache.commons.complex.TestUtils.equals(TestUtils.java:390)
	at org.apache.commons.complex.TestUtils.equals(TestUtils.java:390)
	at org.apache.commons.complex.TestUtils.equals(TestUtils.java:390)
	at org.apache.commons.complex.TestUtils.equals(TestUtils.java:390)
	at org.apache.commons.complex.TestUtils.equals(TestUtils.java:390)
	at org.apache.commons.complex.TestUtils.equals(TestUtils.java:390)
	at org.apache.commons.complex.TestUtils.equals(TestUtils.java:390)
	at org.apache.commons.complex.TestUtils.equals(TestUtils.java:390)
	at org.apache.commons.complex.TestUtils.equals(TestUtils.java:390)
	at org.apache.commons.complex.TestUtils.equals(TestUtils.java:390)
	at org.apache.commons.complex.TestUtils.equals(TestUtils.java:390)
	at org.apache.commons.complex.TestUtils.equals(TestUtils.java:390)
	at org.apache.commons.complex.TestUtils.equals(TestUtils.java:390)
	at org.apache.commons.complex.TestUtils.equals(TestUtils.java:390)
	at org.apache.commons.complex.TestUtils.equals(TestUtils.java:390)
	at org.apache.commons.complex.TestUtils.equals(TestUtils.java:390)
	at org.apache.commons.complex.TestUtils.equals(TestUtils.java:390)
	at org.apache.commons.complex.TestUtils.equals(TestUtils.java:390)
	at org.apache.commons.complex.TestUtils.equals(TestUtils.java:390)
	at org.apache.commons.complex.TestUtils.equals(TestUtils.java:390)
	at org.apache.commons.complex.TestUtils.equals(TestUtils.java:390)
	at org.apache.commons.complex.TestUtils.equals(TestUtils.java:390)
	at org.apache.commons.complex.TestUtils.equals(TestUtils.java:390)
	at org.apache.commons.complex.TestUtils.equals(TestUtils.java:390)
	at org.apache.commons.complex.TestUtils.equals(TestUtils.java:390)
	at org.apache.commons.complex.TestUtils.equals(TestUtils.java:390)
	at org.apache.commons.complex.TestUtils.equals(TestUtils.java:390)
	at org.apache.commons.complex.TestUtils.equals(TestUtils.java:390)
	at org.apache.commons.complex.TestUtils.equals(TestUtils.java:390)
	at org.apache.commons.complex.TestUtils.equals(TestUtils.java:390)
	at org.apache.commons.complex.TestUtils.equals(TestUtils.java:390)
	at org.apache.commons.complex.TestUtils.equals(TestUtils.java:390)
	at org.apache.commons.complex.TestUtils.equals(TestUtils.java:390)
	at org.apache.commons.complex.TestUtils.equals(TestUtils.java:390)
	at org.apache.commons.complex.TestUtils.equals(TestUtils.java:390)
	at org.apache.commons.complex.TestUtils.equals(TestUtils.java:390)
	at org.apache.commons.complex.TestUtils.equals(TestUtils.java:390)
	at org.apache.commons.complex.TestUtils.equals(TestUtils.java:390)
	at org.apache.commons.complex.TestUtils.equals(TestUtils.java:390)
	at org.apache.commons.complex.TestUtils.equals(TestUtils.java:390)
	at org.apache.commons.complex.TestUtils.equals(TestUtils.java:390)
	at org.apache.commons.complex.TestUtils.equals(TestUtils.java:390)
	at org.apache.commons.complex.TestUtils.equals(TestUtils.java:390)
	at org.apache.commons.complex.TestUtils.equals(TestUtils.java:390)
	at org.apache.commons.complex.TestUtils.equals(TestUtils.java:390)
	at org.apache.commons.complex.TestUtils.equals(TestUtils.java:390)
	at org.apache.commons.complex.TestUtils.equals(TestUtils.java:390)
	at org.apache.commons.complex.TestUtils.equals(TestUtils.java:390)
	at org.apache.commons.complex.TestUtils.equals(TestUtils.java:390)
	at org.apache.commons.complex.TestUtils.equals(TestUtils.java:390)
	at org.apache.commons.complex.TestUtils.equals(TestUtils.java:390)
	at org.apache.commons.complex.TestUtils.equals(TestUtils.java:390)
	at org.apache.commons.complex.TestUtils.equals(TestUtils.java:390)
	at org.apache.commons.complex.TestUtils.equals(TestUtils.java:390)
	at org.apache.commons.complex.TestUtils.equals(TestUtils.java:390)
	at org.apache.commons.complex.TestUtils.equals(TestUtils.java:390)
	at org.apache.commons.complex.TestUtils.equals(TestUtils.java:390)
	at org.apache.commons.complex.TestUtils.equals(TestUtils.java:390)
	at org.apache.commons.complex.TestUtils.equals(TestUtils.java:390)
	at org.apache.commons.complex.TestUtils.equals(TestUtils.java:390)
	at org.apache.commons.complex.TestUtils.equals(TestUtils.java:390)
	at org.apache.commons.complex.TestUtils.equals(TestUtils.java:390)
	at org.apache.commons.complex.TestUtils.equals(TestUtils.java:390)
	at org.apache.commons.complex.TestUtils.equals(TestUtils.java:390)
	at org.apache.commons.complex.TestUtils.equals(TestUtils.java:390)
	at org.apache.commons.complex.TestUtils.equals(TestUtils.java:390)
	at org.apache.commons.complex.TestUtils.equals(TestUtils.java:390)
	at org.apache.commons.complex.TestUtils.equals(TestUtils.java:390)
	at org.apache.commons.complex.TestUtils.equals(TestUtils.java:390)
	at org.apache.commons.complex.TestUtils.equals(TestUtils.java:390)
	at org.apache.commons.complex.TestUtils.equals(TestUtils.java:390)
	at org.apache.commons.complex.TestUtils.equals(TestUtils.java:390)
	at org.apache.commons.complex.TestUtils.equals(TestUtils.java:390)
	at org.apache.commons.complex.TestUtils.equals(TestUtils.java:390)
	at org.apache.commons.complex.TestUtils.equals(TestUtils.java:390)
	at org.apache.commons.complex.TestUtils.equals(TestUtils.java:390)
	at org.apache.commons.complex.TestUtils.equals(TestUtils.java:390)
	at org.apache.commons.complex.TestUtils.equals(TestUtils.java:390)
	at org.apache.commons.complex.TestUtils.equals(TestUtils.java:390)
	at org.apache.commons.complex.TestUtils.equals(TestUtils.java:390)
	at org.apache.commons.complex.TestUtils.equals(TestUtils.java:390)
	at org.apache.commons.complex.TestUtils.equals(TestUtils.java:390)
	at org.apache.commons.complex.TestUtils.equals(TestUtils.java:390)
	at org.apache.commons.complex.TestUtils.equals(TestUtils.java:390)
	at org.apache.commons.complex.TestUtils.equals(TestUtils.java:390)
	at org.apache.commons.complex.TestUtils.equals(TestUtils.java:390)
	at org.apache.commons.complex.TestUtils.equals(TestUtils.java:390)
	at org.apache.commons.complex.TestUtils.equals(TestUtils.java:390)
	at org.apache.commons.complex.TestUtils.equals(TestUtils.java:390)
	at org.apache.commons.complex.TestUtils.equals(TestUtils.java:390)
	at org.apache.commons.complex.TestUtils.equals(TestUtils.java:390)
	at org.apache.commons.complex.TestUtils.equals(TestUtils.java:390)
	at org.apache.commons.complex.TestUtils.equals(TestUtils.java:390)
	at org.apache.commons.complex.TestUtils.equals(TestUtils.java:390)
	at org.apache.commons.complex.TestUtils.equals(TestUtils.java:390)
	at org.apache.commons.complex.TestUtils.equals(TestUtils.java:390)
	at org.apache.commons.complex.TestUtils.equals(TestUtils.java:390)
	at org.apache.commons.complex.TestUtils.equals(TestUtils.java:390)
	at org.apache.commons.complex.TestUtils.equals(TestUtils.java:390)
	at org.apache.commons.complex.TestUtils.equals(TestUtils.java:390)
	at org.apache.commons.complex.TestUtils.equals(TestUtils.java:390)
	at org.apache.commons.complex.TestUtils.equals(TestUtils.java:390)
	at org.apache.commons.complex.TestUtils.equals(TestUtils.java:390)
	at org.apache.commons.complex.TestUtils.equals(TestUtils.java:390)
	at org.apache.commons.complex.TestUtils.equals(TestUtils.java:390)
	at org.apache.commons.complex.TestUtils.equals(TestUtils.java:390)
	at org.apache.commons.complex.TestUtils.equals(TestUtils.java:390)
	at org.apache.commons.complex.TestUtils.equals(TestUtils.java:390)
	at org.apache.commons.complex.TestUtils.equals(TestUtils.java:390)
	at org.apache.commons.complex.TestUtils.equals(TestUtils.java:390)
	at org.apache.commons.complex.TestUtils.equals(TestUtils.java:390)
	at org.apache.commons.complex.TestUtils.equals(TestUtils.java:390)
	at org.apache.commons.complex.TestUtils.equals(TestUtils.java:390)
	at org.apache.commons.complex.TestUtils.equals(TestUtils.java:390)
	at org.apache.commons.complex.TestUtils.equals(TestUtils.java:390)
	at org.apache.commons.complex.TestUtils.equals(TestUtils.java:390)
	at org.apache.commons.complex.TestUtils.equals(TestUtils.java:390)
	at org.apache.commons.complex.TestUtils.equals(TestUtils.java:390)
	at org.apache.commons.complex.TestUtils.equals(TestUtils.java:390)
	at org.apache.commons.complex.TestUtils.equals(TestUtils.java:390)
	at org.apache.commons.complex.TestUtils.equals(TestUtils.java:390)
	at org.apache.commons.complex.TestUtils.equals(TestUtils.java:390)
	at org.apache.commons.complex.TestUtils.equals(TestUtils.java:390)
	at org.apache.commons.complex.TestUtils.equals(TestUtils.java:390)
	at org.apache.commons.complex.TestUtils.equals(TestUtils.java:390)
	at org.apache.commons.complex.TestUtils.equals(TestUtils.java:390)
	at org.apache.commons.complex.TestUtils.equals(TestUtils.java:390)
	at org.apache.commons.complex.TestUtils.equals(TestUtils.java:390)
	at org.apache.commons.complex.TestUtils.equals(TestUtils.java:390)
	at org.apache.commons.complex.TestUtils.equals(TestUtils.java:390)
	at org.apache.commons.complex.TestUtils.equals(TestUtils.java:390)
	at org.apache.commons.complex.TestUtils.equals(TestUtils.java:390)
	at org.apache.commons.complex.TestUtils.equals(TestUtils.java:390)
	at org.apache.commons.complex.TestUtils.equals(TestUtils.java:390)
	at org.apache.commons.complex.TestUtils.equals(TestUtils.java:390)
	at org.apache.commons.complex.TestUtils.equals(TestUtils.java:390)
	at org.apache.commons.complex.TestUtils.equals(TestUtils.java:390)
	at org.apache.commons.complex.TestUtils.equals(TestUtils.java:390)
	at org.apache.commons.complex.TestUtils.equals(TestUtils.java:390)
	at org.apache.commons.complex.TestUtils.equals(TestUtils.java:390)
	at org.apache.commons.complex.TestUtils.equals(TestUtils.java:390)
	at org.apache.commons.complex.TestUtils.equals(TestUtils.java:390)
	at org.apache.commons.complex.TestUtils.equals(TestUtils.java:390)
	at org.apache.commons.complex.TestUtils.equals(TestUtils.java:390)
	at org.apache.commons.complex.TestUtils.equals(TestUtils.java:390)
	at org.apache.commons.complex.TestUtils.equals(TestUtils.java:390)
	at org.apache.commons.complex.TestUtils.equals(TestUtils.java:390)
	at org.apache.commons.complex.TestUtils.equals(TestUtils.java:390)
	at org.apache.commons.complex.TestUtils.equals(TestUtils.java:390)
	at org.apache.commons.complex.TestUtils.equals(TestUtils.java:390)
	at org.apache.commons.complex.TestUtils.equals(TestUtils.java:390)
	at org.apache.commons.complex.TestUtils.equals(TestUtils.java:390)
	at org.apache.commons.complex.TestUtils.equals(TestUtils.java:390)
	at org.apache.commons.complex.TestUtils.equals(TestUtils.java:390)
	at org.apache.commons.complex.TestUtils.equals(TestUtils.java:390)
	at org.apache.commons.complex.TestUtils.equals(TestUtils.java:390)
	at org.apache.commons.complex.TestUtils.equals(TestUtils.java:390)
	at org.apache.commons.complex.TestUtils.equals(TestUtils.java:390)
	at org.apache.commons.complex.TestUtils.equals(TestUtils.java:390)
	at org.apache.commons.complex.TestUtils.equals(TestUtils.java:390)
	at org.apache.commons.complex.TestUtils.equals(TestUtils.java:390)
	at org.apache.commons.complex.TestUtils.equals(TestUtils.java:390)
	at org.apache.commons.complex.TestUtils.equals(TestUtils.java:390)
	at org.apache.commons.complex.TestUtils.equals(TestUtils.java:390)
	at org.apache.commons.complex.TestUtils.equals(TestUtils.java:390)
	at org.apache.commons.complex.TestUtils.equals(TestUtils.java:390)
	at org.apache.commons.complex.TestUtils.equals(TestUtils.java:390)
	at org.apache.commons.complex.TestUtils.equals(TestUtils.java:390)
	at org.apache.commons.complex.TestUtils.equals(TestUtils.java:390)
	at org.apache.commons.complex.TestUtils.equals(TestUtils.java:390)
	at org.apache.commons.complex.TestUtils.equals(TestUtils.java:390)
	at org.apache.commons.complex.TestUtils.equals(TestUtils.java:390)
	at org.apache.commons.complex.TestUtils.equals(TestUtils.java:390)
	at org.apache.commons.complex.TestUtils.equals(TestUtils.java:390)
	at org.apache.commons.complex.TestUtils.equals(TestUtils.java:390)
	at org.apache.commons.complex.TestUtils.equals(TestUtils.java:390)
	at org.apache.commons.complex.TestUtils.equals(TestUtils.java:390)
	at org.apache.commons.complex.TestUtils.equals(TestUtils.java:390)
	at org.apache.commons.complex.TestUtils.equals(TestUtils.java:390)
	at org.apache.commons.complex.TestUtils.equals(TestUtils.java:390)
	at org.apache.commons.complex.TestUtils.equals(TestUtils.java:390)
	at org.apache.commons.complex.TestUtils.equals(TestUtils.java:390)
	at org.apache.commons.complex.TestUtils.equals(TestUtils.java:390)
	at org.apache.commons.complex.TestUtils.equals(TestUtils.java:390)
	at org.apache.commons.complex.TestUtils.equals(TestUtils.java:390)
	at org.apache.commons.complex.TestUtils.equals(TestUtils.java:390)
	at org.apache.commons.complex.TestUtils.equals(TestUtils.java:390)
	at org.apache.commons.complex.TestUtils.equals(TestUtils.java:390)
	at org.apache.commons.complex.TestUtils.equals(TestUtils.java:390)
	at org.apache.commons.complex.TestUtils.equals(TestUtils.java:390)
	at org.apache.commons.complex.TestUtils.equals(TestUtils.java:390)
	at org.apache.commons.complex.TestUtils.equals(TestUtils.java:390)
	at org.apache.commons.complex.TestUtils.equals(TestUtils.java:390)
	at org.apache.commons.complex.TestUtils.equals(TestUtils.java:390)
	at org.apache.commons.complex.TestUtils.equals(TestUtils.java:390)
	at org.apache.commons.complex.TestUtils.equals(TestUtils.java:390)
	at org.apache.commons.complex.TestUtils.equals(TestUtils.java:390)
	at org.apache.commons.complex.TestUtils.equals(TestUtils.java:390)
	at org.apache.commons.complex.TestUtils.equals(TestUtils.java:390)
	at org.apache.commons.complex.TestUtils.equals(TestUtils.java:390)
	at org.apache.commons.complex.TestUtils.equals(TestUtils.java:390)
	at org.apache.commons.complex.TestUtils.equals(TestUtils.java:390)
	at org.apache.commons.complex.TestUtils.equals(TestUtils.java:390)
	at org.apache.commons.complex.TestUtils.equals(TestUtils.java:390)
	at org.apache.commons.complex.TestUtils.equals(TestUtils.java:390)
	at org.apache.commons.complex.TestUtils.equals(TestUtils.java:390)
	at org.apache.commons.complex.TestUtils.equals(TestUtils.java:390)
	at org.apache.commons.complex.TestUtils.equals(TestUtils.java:390)
	at org.apache.commons.complex.TestUtils.equals(TestUtils.java:390)
	at org.apache.commons.complex.TestUtils.equals(TestUtils.java:390)
	at org.apache.commons.complex.TestUtils.equals(TestUtils.java:390)
	at org.apache.commons.complex.TestUtils.equals(TestUtils.java:390)
	at org.apache.commons.complex.TestUtils.equals(TestUtils.java:390)
	at org.apache.commons.complex.TestUtils.equals(TestUtils.java:390)
	at org.apache.commons.complex.TestUtils.equals(TestUtils.java:390)
	at org.apache.commons.complex.TestUtils.equals(TestUtils.java:390)
	at org.apache.commons.complex.TestUtils.equals(TestUtils.java:390)
	at org.apache.commons.complex.TestUtils.equals(TestUtils.java:390)
	at org.apache.commons.complex.TestUtils.equals(TestUtils.java:390)
	at org.apache.commons.complex.TestUtils.equals(TestUtils.java:390)
	at org.apache.commons.complex.TestUtils.equals(TestUtils.java:390)
	at org.apache.commons.complex.TestUtils.equals(TestUtils.java:390)
	at org.apache.commons.complex.TestUtils.equals(TestUtils.java:390)
	at org.apache.commons.complex.TestUtils.equals(TestUtils.java:390)
	at org.apache.commons.complex.TestUtils.equals(TestUtils.java:390)
	at org.apache.commons.complex.TestUtils.equals(TestUtils.java:390)
	at org.apache.commons.complex.TestUtils.equals(TestUtils.java:390)
	at org.apache.commons.complex.TestUtils.equals(TestUtils.java:390)
	at org.apache.commons.complex.TestUtils.equals(TestUtils.java:390)
	at org.apache.commons.complex.TestUtils.equals(TestUtils.java:390)
	at org.apache.commons.complex.TestUtils.equals(TestUtils.java:390)
	at org.apache.commons.complex.TestUtils.equals(TestUtils.java:390)
	at org.apache.commons.complex.TestUtils.equals(TestUtils.java:390)
	at org.apache.commons.complex.TestUtils.equals(TestUtils.java:390)
	at org.apache.commons.complex.TestUtils.equals(TestUtils.java:390)
	at org.apache.commons.complex.TestUtils.equals(TestUtils.java:390)
	at org.apache.commons.complex.TestUtils.equals(TestUtils.java:390)
	at org.apache.commons.complex.TestUtils.equals(TestUtils.java:390)
	at org.apache.commons.complex.TestUtils.equals(TestUtils.java:390)
	at org.apache.commons.complex.TestUtils.equals(TestUtils.java:390)
	at org.apache.commons.complex.TestUtils.equals(TestUtils.java:390)
	at org.apache.commons.complex.TestUtils.equals(TestUtils.java:390)
	at org.apache.commons.complex.TestUtils.equals(TestUtils.java:390)
	at org.apache.commons.complex.TestUtils.equals(TestUtils.java:390)
	at org.apache.commons.complex.TestUtils.equals(TestUtils.java:390)
	at org.apache.commons.complex.TestUtils.equals(TestUtils.java:390)
	at org.apache.commons.complex.TestUtils.equals(TestUtils.java:390)
	at org.apache.commons.complex.TestUtils.equals(TestUtils.java:390)
	at org.apache.commons.complex.TestUtils.equals(TestUtils.java:390)
	at org.apache.commons.complex.TestUtils.equals(TestUtils.java:390)
	at org.apache.commons.complex.TestUtils.equals(TestUtils.java:390)
	at org.apache.commons.complex.TestUtils.equals(TestUtils.java:390)
	at org.apache.commons.complex.TestUtils.equals(TestUtils.java:390)

testExtractionMethods(org.apache.commons.complex.ComplexUtilsTest)  Time elapsed: 0.004 sec  <<< ERROR!
java.lang.StackOverflowError: null
	at org.apache.commons.complex.TestUtils.equals(TestUtils.java)
	at org.apache.commons.complex.TestUtils.equals(TestUtils.java:390)
	at org.apache.commons.complex.TestUtils.equals(TestUtils.java:390)
	at org.apache.commons.complex.TestUtils.equals(TestUtils.java:390)
	at org.apache.commons.complex.TestUtils.equals(TestUtils.java:390)
	at org.apache.commons.complex.TestUtils.equals(TestUtils.java:390)
	at org.apache.commons.complex.TestUtils.equals(TestUtils.java:390)
	at org.apache.commons.complex.TestUtils.equals(TestUtils.java:390)
	at org.apache.commons.complex.TestUtils.equals(TestUtils.java:390)
	at org.apache.commons.complex.TestUtils.equals(TestUtils.java:390)
	at org.apache.commons.complex.TestUtils.equals(TestUtils.java:390)
	at org.apache.commons.complex.TestUtils.equals(TestUtils.java:390)
	at org.apache.commons.complex.TestUtils.equals(TestUtils.java:390)
	at org.apache.commons.complex.TestUtils.equals(TestUtils.java:390)
	at org.apache.commons.complex.TestUtils.equals(TestUtils.java:390)
	at org.apache.commons.complex.TestUtils.equals(TestUtils.java:390)
	at org.apache.commons.complex.TestUtils.equals(TestUtils.java:390)
	at org.apache.commons.complex.TestUtils.equals(TestUtils.java:390)
	at org.apache.commons.complex.TestUtils.equals(TestUtils.java:390)
	at org.apache.commons.complex.TestUtils.equals(TestUtils.java:390)
	at org.apache.commons.complex.TestUtils.equals(TestUtils.java:390)
	at org.apache.commons.complex.TestUtils.equals(TestUtils.java:390)
	at org.apache.commons.complex.TestUtils.equals(TestUtils.java:390)
	at org.apache.commons.complex.TestUtils.equals(TestUtils.java:390)
	at org.apache.commons.complex.TestUtils.equals(TestUtils.java:390)
	at org.apache.commons.complex.TestUtils.equals(TestUtils.java:390)
	at org.apache.commons.complex.TestUtils.equals(TestUtils.java:390)
	at org.apache.commons.complex.TestUtils.equals(TestUtils.java:390)
	at org.apache.commons.complex.TestUtils.equals(TestUtils.java:390)
	at org.apache.commons.complex.TestUtils.equals(TestUtils.java:390)
	at org.apache.commons.complex.TestUtils.equals(TestUtils.java:390)
	at org.apache.commons.complex.TestUtils.equals(TestUtils.java:390)
	at org.apache.commons.complex.TestUtils.equals(TestUtils.java:390)
	at org.apache.commons.complex.TestUtils.equals(TestUtils.java:390)
	at org.apache.commons.complex.TestUtils.equals(TestUtils.java:390)
	at org.apache.commons.complex.TestUtils.equals(TestUtils.java:390)
	at org.apache.commons.complex.TestUtils.equals(TestUtils.java:390)
	at org.apache.commons.complex.TestUtils.equals(TestUtils.java:390)
	at org.apache.commons.complex.TestUtils.equals(TestUtils.java:390)
	at org.apache.commons.complex.TestUtils.equals(TestUtils.java:390)
	at org.apache.commons.complex.TestUtils.equals(TestUtils.java:390)
	at org.apache.commons.complex.TestUtils.equals(TestUtils.java:390)
	at org.apache.commons.complex.TestUtils.equals(TestUtils.java:390)
	at org.apache.commons.complex.TestUtils.equals(TestUtils.java:390)
	at org.apache.commons.complex.TestUtils.equals(TestUtils.java:390)
	at org.apache.commons.complex.TestUtils.equals(TestUtils.java:390)
	at org.apache.commons.complex.TestUtils.equals(TestUtils.java:390)
	at org.apache.commons.complex.TestUtils.equals(TestUtils.java:390)
	at org.apache.commons.complex.TestUtils.equals(TestUtils.java:390)
	at org.apache.commons.complex.TestUtils.equals(TestUtils.java:390)
	at org.apache.commons.complex.TestUtils.equals(TestUtils.java:390)
	at org.apache.commons.complex.TestUtils.equals(TestUtils.java:390)
	at org.apache.commons.complex.TestUtils.equals(TestUtils.java:390)
	at org.apache.commons.complex.TestUtils.equals(TestUtils.java:390)
	at org.apache.commons.complex.TestUtils.equals(TestUtils.java:390)
	at org.apache.commons.complex.TestUtils.equals(TestUtils.java:390)
	at org.apache.commons.complex.TestUtils.equals(TestUtils.java:390)
	at org.apache.commons.complex.TestUtils.equals(TestUtils.java:390)
	at org.apache.commons.complex.TestUtils.equals(TestUtils.java:390)
	at org.apache.commons.complex.TestUtils.equals(TestUtils.java:390)
	at org.apache.commons.complex.TestUtils.equals(TestUtils.java:390)
	at org.apache.commons.complex.TestUtils.equals(TestUtils.java:390)
	at org.apache.commons.complex.TestUtils.equals(TestUtils.java:390)
	at org.apache.commons.complex.TestUtils.equals(TestUtils.java:390)
	at org.apache.commons.complex.TestUtils.equals(TestUtils.java:390)
	at org.apache.commons.complex.TestUtils.equals(TestUtils.java:390)
	at org.apache.commons.complex.TestUtils.equals(TestUtils.java:390)
	at org.apache.commons.complex.TestUtils.equals(TestUtils.java:390)
	at org.apache.commons.complex.TestUtils.equals(TestUtils.java:390)
	at org.apache.commons.complex.TestUtils.equals(TestUtils.java:390)
	at org.apache.commons.complex.TestUtils.equals(TestUtils.java:390)
	at org.apache.commons.complex.TestUtils.equals(TestUtils.java:390)
	at org.apache.commons.complex.TestUtils.equals(TestUtils.java:390)
	at org.apache.commons.complex.TestUtils.equals(TestUtils.java:390)
	at org.apache.commons.complex.TestUtils.equals(TestUtils.java:390)
	at org.apache.commons.complex.TestUtils.equals(TestUtils.java:390)
	at org.apache.commons.complex.TestUtils.equals(TestUtils.java:390)
	at org.apache.commons.complex.TestUtils.equals(TestUtils.java:390)
	at org.apache.commons.complex.TestUtils.equals(TestUtils.java:390)
	at org.apache.commons.complex.TestUtils.equals(TestUtils.java:390)
	at org.apache.commons.complex.TestUtils.equals(TestUtils.java:390)
	at org.apache.commons.complex.TestUtils.equals(TestUtils.java:390)
	at org.apache.commons.complex.TestUtils.equals(TestUtils.java:390)
	at org.apache.commons.complex.TestUtils.equals(TestUtils.java:390)
	at org.apache.commons.complex.TestUtils.equals(TestUtils.java:390)
	at org.apache.commons.complex.TestUtils.equals(TestUtils.java:390)
	at org.apache.commons.complex.TestUtils.equals(TestUtils.java:390)
	at org.apache.commons.complex.TestUtils.equals(TestUtils.java:390)
	at org.apache.commons.complex.TestUtils.equals(TestUtils.java:390)
	at org.apache.commons.complex.TestUtils.equals(TestUtils.java:390)
	at org.apache.commons.complex.TestUtils.equals(TestUtils.java:390)
	at org.apache.commons.complex.TestUtils.equals(TestUtils.java:390)
	at org.apache.commons.complex.TestUtils.equals(TestUtils.java:390)
	at org.apache.commons.complex.TestUtils.equals(TestUtils.java:390)
	at org.apache.commons.complex.TestUtils.equals(TestUtils.java:390)
	at org.apache.commons.complex.TestUtils.equals(TestUtils.java:390)
	at org.apache.commons.complex.TestUtils.equals(TestUtils.java:390)
	at org.apache.commons.complex.TestUtils.equals(TestUtils.java:390)
	at org.apache.commons.complex.TestUtils.equals(TestUtils.java:390)
	at org.apache.commons.complex.TestUtils.equals(TestUtils.java:390)
	at org.apache.commons.complex.TestUtils.equals(TestUtils.java:390)
	at org.apache.commons.complex.TestUtils.equals(TestUtils.java:390)
	at org.apache.commons.complex.TestUtils.equals(TestUtils.java:390)
	at org.apache.commons.complex.TestUtils.equals(TestUtils.java:390)
	at org.apache.commons.complex.TestUtils.equals(TestUtils.java:390)
	at org.apache.commons.complex.TestUtils.equals(TestUtils.java:390)
	at org.apache.commons.complex.TestUtils.equals(TestUtils.java:390)
	at org.apache.commons.complex.TestUtils.equals(TestUtils.java:390)
	at org.apache.commons.complex.TestUtils.equals(TestUtils.java:390)
	at org.apache.commons.complex.TestUtils.equals(TestUtils.java:390)
	at org.apache.commons.complex.TestUtils.equals(TestUtils.java:390)
	at org.apache.commons.complex.TestUtils.equals(TestUtils.java:390)
	at org.apache.commons.complex.TestUtils.equals(TestUtils.java:390)
	at org.apache.commons.complex.TestUtils.equals(TestUtils.java:390)
	at org.apache.commons.complex.TestUtils.equals(TestUtils.java:390)
	at org.apache.commons.complex.TestUtils.equals(TestUtils.java:390)
	at org.apache.commons.complex.TestUtils.equals(TestUtils.java:390)
	at org.apache.commons.complex.TestUtils.equals(TestUtils.java:390)
	at org.apache.commons.complex.TestUtils.equals(TestUtils.java:390)
	at org.apache.commons.complex.TestUtils.equals(TestUtils.java:390)
	at org.apache.commons.complex.TestUtils.equals(TestUtils.java:390)
	at org.apache.commons.complex.TestUtils.equals(TestUtils.java:390)
	at org.apache.commons.complex.TestUtils.equals(TestUtils.java:390)
	at org.apache.commons.complex.TestUtils.equals(TestUtils.java:390)
	at org.apache.commons.complex.TestUtils.equals(TestUtils.java:390)
	at org.apache.commons.complex.TestUtils.equals(TestUtils.java:390)
	at org.apache.commons.complex.TestUtils.equals(TestUtils.java:390)
	at org.apache.commons.complex.TestUtils.equals(TestUtils.java:390)
	at org.apache.commons.complex.TestUtils.equals(TestUtils.java:390)
	at org.apache.commons.complex.TestUtils.equals(TestUtils.java:390)
	at org.apache.commons.complex.TestUtils.equals(TestUtils.java:390)
	at org.apache.commons.complex.TestUtils.equals(TestUtils.java:390)
	at org.apache.commons.complex.TestUtils.equals(TestUtils.java:390)
	at org.apache.commons.complex.TestUtils.equals(TestUtils.java:390)
	at org.apache.commons.complex.TestUtils.equals(TestUtils.java:390)
	at org.apache.commons.complex.TestUtils.equals(TestUtils.java:390)
	at org.apache.commons.complex.TestUtils.equals(TestUtils.java:390)
	at org.apache.commons.complex.TestUtils.equals(TestUtils.java:390)
	at org.apache.commons.complex.TestUtils.equals(TestUtils.java:390)
	at org.apache.commons.complex.TestUtils.equals(TestUtils.java:390)
	at org.apache.commons.complex.TestUtils.equals(TestUtils.java:390)
	at org.apache.commons.complex.TestUtils.equals(TestUtils.java:390)
	at org.apache.commons.complex.TestUtils.equals(TestUtils.java:390)
[...]
	at org.apache.commons.complex.TestUtils.equals(TestUtils.java:390)
	at org.apache.commons.complex.TestUtils.equals(TestUtils.java:390)
	at org.apache.commons.complex.TestUtils.equals(TestUtils.java:390)
	at org.apache.commons.complex.TestUtils.equals(TestUtils.java:390)
	at org.apache.commons.complex.TestUtils.equals(TestUtils.java:390)
	at org.apache.commons.complex.TestUtils.equals(TestUtils.java:390)
	at org.apache.commons.complex.TestUtils.equals(TestUtils.java:390)
	at org.apache.commons.complex.TestUtils.equals(TestUtils.java:390)
	at org.apache.commons.complex.TestUtils.equals(TestUtils.java:390)
	at org.apache.commons.complex.TestUtils.equals(TestUtils.java:390)
	at org.apache.commons.complex.TestUtils.equals(TestUtils.java:390)
	at org.apache.commons.complex.TestUtils.equals(TestUtils.java:390)
	at org.apache.commons.complex.TestUtils.equals(TestUtils.java:390)
	at org.apache.commons.complex.TestUtils.equals(TestUtils.java:390)
	at org.apache.commons.complex.TestUtils.equals(TestUtils.java:390)
	at org.apache.commons.complex.TestUtils.equals(TestUtils.java:390)
	at org.apache.commons.complex.TestUtils.equals(TestUtils.java:390)
	at org.apache.commons.complex.TestUtils.equals(TestUtils.java:390)
	at org.apache.commons.complex.TestUtils.equals(TestUtils.java:390)
	at org.apache.commons.complex.TestUtils.equals(TestUtils.java:390)
	at org.apache.commons.complex.TestUtils.equals(TestUtils.java:390)
	at org.apache.commons.complex.TestUtils.equals(TestUtils.java:390)
	at org.apache.commons.complex.TestUtils.equals(TestUtils.java:390)
	at org.apache.commons.complex.TestUtils.equals(TestUtils.java:390)
	at org.apache.commons.complex.TestUtils.equals(TestUtils.java:390)
	at org.apache.commons.complex.TestUtils.equals(TestUtils.java:390)
	at org.apache.commons.complex.TestUtils.equals(TestUtils.java:390)
	at org.apache.commons.complex.TestUtils.equals(TestUtils.java:390)
	at org.apache.commons.complex.TestUtils.equals(TestUtils.java:390)
	at org.apache.commons.complex.TestUtils.equals(TestUtils.java:390)
	at org.apache.commons.complex.TestUtils.equals(TestUtils.java:390)
	at org.apache.commons.complex.TestUtils.equals(TestUtils.java:390)
	at org.apache.commons.complex.TestUtils.equals(TestUtils.java:390)
	at org.apache.commons.complex.TestUtils.equals(TestUtils.java:390)
	at org.apache.commons.complex.TestUtils.equals(TestUtils.java:390)
	at org.apache.commons.complex.TestUtils.equals(TestUtils.java:390)
	at org.apache.commons.complex.TestUtils.equals(TestUtils.java:390)
	at org.apache.commons.complex.TestUtils.equals(TestUtils.java:390)
	at org.apache.commons.complex.TestUtils.equals(TestUtils.java:390)
	at org.apache.commons.complex.TestUtils.equals(TestUtils.java:390)
	at org.apache.commons.complex.TestUtils.equals(TestUtils.java:390)
	at org.apache.commons.complex.TestUtils.equals(TestUtils.java:390)
	at org.apache.commons.complex.TestUtils.equals(TestUtils.java:390)
	at org.apache.commons.complex.TestUtils.equals(TestUtils.java:390)
	at org.apache.commons.complex.TestUtils.equals(TestUtils.java:390)
	at org.apache.commons.complex.TestUtils.equals(TestUtils.java:390)
	at org.apache.commons.complex.TestUtils.equals(TestUtils.java:390)
	at org.apache.commons.complex.TestUtils.equals(TestUtils.java:390)
	at org.apache.commons.complex.TestUtils.equals(TestUtils.java:390)
	at org.apache.commons.complex.TestUtils.equals(TestUtils.java:390)
	at org.apache.commons.complex.TestUtils.equals(TestUtils.java:390)
	at org.apache.commons.complex.TestUtils.equals(TestUtils.java:390)
	at org.apache.commons.complex.TestUtils.equals(TestUtils.java:390)
	at org.apache.commons.complex.TestUtils.equals(TestUtils.java:390)
	at org.apache.commons.complex.TestUtils.equals(TestUtils.java:390)
	at org.apache.commons.complex.TestUtils.equals(TestUtils.java:390)
	at org.apache.commons.complex.TestUtils.equals(TestUtils.java:390)
	at org.apache.commons.complex.TestUtils.equals(TestUtils.java:390)
	at org.apache.commons.complex.TestUtils.equals(TestUtils.java:390)
	at org.apache.commons.complex.TestUtils.equals(TestUtils.java:390)
	at org.apache.commons.complex.TestUtils.equals(TestUtils.java:390)
	at org.apache.commons.complex.TestUtils.equals(TestUtils.java:390)
	at org.apache.commons.complex.TestUtils.equals(TestUtils.java:390)
	at org.apache.commons.complex.TestUtils.equals(TestUtils.java:390)
	at org.apache.commons.complex.TestUtils.equals(TestUtils.java:390)
	at org.apache.commons.complex.TestUtils.equals(TestUtils.java:390)
	at org.apache.commons.complex.TestUtils.equals(TestUtils.java:390)
	at org.apache.commons.complex.TestUtils.equals(TestUtils.java:390)
	at org.apache.commons.complex.TestUtils.equals(TestUtils.java:390)
	at org.apache.commons.complex.TestUtils.equals(TestUtils.java:390)
	at org.apache.commons.complex.TestUtils.equals(TestUtils.java:390)
	at org.apache.commons.complex.TestUtils.equals(TestUtils.java:390)
	at org.apache.commons.complex.TestUtils.equals(TestUtils.java:390)
	at org.apache.commons.complex.TestUtils.equals(TestUtils.java:390)
	at org.apache.commons.complex.TestUtils.equals(TestUtils.java:390)
	at org.apache.commons.complex.TestUtils.equals(TestUtils.java:390)
	at org.apache.commons.complex.TestUtils.equals(TestUtils.java:390)
	at org.apache.commons.complex.TestUtils.equals(TestUtils.java:390)
	at org.apache.commons.complex.TestUtils.equals(TestUtils.java:390)
	at org.apache.commons.complex.TestUtils.equals(TestUtils.java:390)
	at org.apache.commons.complex.TestUtils.equals(TestUtils.java:390)
	at org.apache.commons.complex.TestUtils.equals(TestUtils.java:390)
	at org.apache.commons.complex.TestUtils.equals(TestUtils.java:390)
	at org.apache.commons.complex.TestUtils.equals(TestUtils.java:390)
	at org.apache.commons.complex.TestUtils.equals(TestUtils.java:390)
	at org.apache.commons.complex.TestUtils.equals(TestUtils.java:390)
	at org.apache.commons.complex.TestUtils.equals(TestUtils.java:390)
	at org.apache.commons.complex.TestUtils.equals(TestUtils.java:390)
	at org.apache.commons.complex.TestUtils.equals(TestUtils.java:390)
	at org.apache.commons.complex.TestUtils.equals(TestUtils.java:390)
	at org.apache.commons.complex.TestUtils.equals(TestUtils.java:390)
	at org.apache.commons.complex.TestUtils.equals(TestUtils.java:390)
	at org.apache.commons.complex.TestUtils.equals(TestUtils.java:390)
	at org.apache.commons.complex.TestUtils.equals(TestUtils.java:390)
	at org.apache.commons.complex.TestUtils.equals(TestUtils.java:390)
	at org.apache.commons.complex.TestUtils.equals(TestUtils.java:390)
	at org.apache.commons.complex.TestUtils.equals(TestUtils.java:390)
	at org.apache.commons.complex.TestUtils.equals(TestUtils.java:390)
	at org.apache.commons.complex.TestUtils.equals(TestUtils.java:390)
	at org.apache.commons.complex.TestUtils.equals(TestUtils.java:390)
	at org.apache.commons.complex.TestUtils.equals(TestUtils.java:390)
	at org.apache.commons.complex.TestUtils.equals(TestUtils.java:390)
	at org.apache.commons.complex.TestUtils.equals(TestUtils.java:390)
	at org.apache.commons.complex.TestUtils.equals(TestUtils.java:390)
	at org.apache.commons.complex.TestUtils.equals(TestUtils.java:390)
	at org.apache.commons.complex.TestUtils.equals(TestUtils.java:390)
	at org.apache.commons.complex.TestUtils.equals(TestUtils.java:390)
	at org.apache.commons.complex.TestUtils.equals(TestUtils.java:390)
	at org.apache.commons.complex.TestUtils.equals(TestUtils.java:390)
	at org.apache.commons.complex.TestUtils.equals(TestUtils.java:390)
	at org.apache.commons.complex.TestUtils.equals(TestUtils.java:390)
	at org.apache.commons.complex.TestUtils.equals(TestUtils.java:390)
	at org.apache.commons.complex.TestUtils.equals(TestUtils.java:390)
	at org.apache.commons.complex.TestUtils.equals(TestUtils.java:390)
	at org.apache.commons.complex.TestUtils.equals(TestUtils.java:390)
	at org.apache.commons.complex.TestUtils.equals(TestUtils.java:390)
	at org.apache.commons.complex.TestUtils.equals(TestUtils.java:390)
	at org.apache.commons.complex.TestUtils.equals(TestUtils.java:390)
	at org.apache.commons.complex.TestUtils.equals(TestUtils.java:390)
	at org.apache.commons.complex.TestUtils.equals(TestUtils.java:390)
	at org.apache.commons.complex.TestUtils.equals(TestUtils.java:390)
	at org.apache.commons.complex.TestUtils.equals(TestUtils.java:390)
	at org.apache.commons.complex.TestUtils.equals(TestUtils.java:390)
	at org.apache.commons.complex.TestUtils.equals(TestUtils.java:390)
	at org.apache.commons.complex.TestUtils.equals(TestUtils.java:390)
	at org.apache.commons.complex.TestUtils.equals(TestUtils.java:390)
	at org.apache.commons.complex.TestUtils.equals(TestUtils.java:390)
	at org.apache.commons.complex.TestUtils.equals(TestUtils.java:390)
	at org.apache.commons.complex.TestUtils.equals(TestUtils.java:390)
	at org.apache.commons.complex.TestUtils.equals(TestUtils.java:390)
	at org.apache.commons.complex.TestUtils.equals(TestUtils.java:390)
	at org.apache.commons.complex.TestUtils.equals(TestUtils.java:390)
	at org.apache.commons.complex.TestUtils.equals(TestUtils.java:390)
	at org.apache.commons.complex.TestUtils.equals(TestUtils.java:390)
	at org.apache.commons.complex.TestUtils.equals(TestUtils.java:390)
	at org.apache.commons.complex.TestUtils.equals(TestUtils.java:390)
	at org.apache.commons.complex.TestUtils.equals(TestUtils.java:390)
	at org.apache.commons.complex.TestUtils.equals(TestUtils.java:390)
	at org.apache.commons.complex.TestUtils.equals(TestUtils.java:390)
	at org.apache.commons.complex.TestUtils.equals(TestUtils.java:390)
	at org.apache.commons.complex.TestUtils.equals(TestUtils.java:390)
	at org.apache.commons.complex.TestUtils.equals(TestUtils.java:390)
	at org.apache.commons.complex.TestUtils.equals(TestUtils.java:390)
	at org.apache.commons.complex.TestUtils.equals(TestUtils.java:390)
	at org.apache.commons.complex.TestUtils.equals(TestUtils.java:390)
	at org.apache.commons.complex.TestUtils.equals(TestUtils.java:390)
	at org.apache.commons.complex.TestUtils.equals(TestUtils.java:390)
	at org.apache.commons.complex.TestUtils.equals(TestUtils.java:390)
	at org.apache.commons.complex.TestUtils.equals(TestUtils.java:390)
	at org.apache.commons.complex.TestUtils.equals(TestUtils.java:390)
	at org.apache.commons.complex.TestUtils.equals(TestUtils.java:390)
	at org.apache.commons.complex.TestUtils.equals(TestUtils.java:390)
	at org.apache.commons.complex.TestUtils.equals(TestUtils.java:390)
	at org.apache.commons.complex.TestUtils.equals(TestUtils.java:390)
	at org.apache.commons.complex.TestUtils.equals(TestUtils.java:390)
	at org.apache.commons.complex.TestUtils.equals(TestUtils.java:390)
	at org.apache.commons.complex.TestUtils.equals(TestUtils.java:390)
	at org.apache.commons.complex.TestUtils.equals(TestUtils.java:390)
	at org.apache.commons.complex.TestUtils.equals(TestUtils.java:390)
	at org.apache.commons.complex.TestUtils.equals(TestUtils.java:390)
	at org.apache.commons.complex.TestUtils.equals(TestUtils.java:390)
	at org.apache.commons.complex.TestUtils.equals(TestUtils.java:390)
	at org.apache.commons.complex.TestUtils.equals(TestUtils.java:390)
	at org.apache.commons.complex.TestUtils.equals(TestUtils.java:390)
	at org.apache.commons.complex.TestUtils.equals(TestUtils.java:390)
	at org.apache.commons.complex.TestUtils.equals(TestUtils.java:390)
	at org.apache.commons.complex.TestUtils.equals(TestUtils.java:390)
	at org.apache.commons.complex.TestUtils.equals(TestUtils.java:390)
	at org.apache.commons.complex.TestUtils.equals(TestUtils.java:390)
	at org.apache.commons.complex.TestUtils.equals(TestUtils.java:390)
	at org.apache.commons.complex.TestUtils.equals(TestUtils.java:390)
	at org.apache.commons.complex.TestUtils.equals(TestUtils.java:390)
	at org.apache.commons.complex.TestUtils.equals(TestUtils.java:390)
	at org.apache.commons.complex.TestUtils.equals(TestUtils.java:390)
	at org.apache.commons.complex.TestUtils.equals(TestUtils.java:390)
	at org.apache.commons.complex.TestUtils.equals(TestUtils.java:390)
	at org.apache.commons.complex.TestUtils.equals(TestUtils.java:390)
	at org.apache.commons.complex.TestUtils.equals(TestUtils.java:390)
	at org.apache.commons.complex.TestUtils.equals(TestUtils.java:390)
	at org.apache.commons.complex.TestUtils.equals(TestUtils.java:390)
	at org.apache.commons.complex.TestUtils.equals(TestUtils.java:390)
	at org.apache.commons.complex.TestUtils.equals(TestUtils.java:390)
	at org.apache.commons.complex.TestUtils.equals(TestUtils.java:390)
	at org.apache.commons.complex.TestUtils.equals(TestUtils.java:390)
	at org.apache.commons.complex.TestUtils.equals(TestUtils.java:390)
	at org.apache.commons.complex.TestUtils.equals(TestUtils.java:390)
	at org.apache.commons.complex.TestUtils.equals(TestUtils.java:390)
	at org.apache.commons.complex.TestUtils.equals(TestUtils.java:390)
	at org.apache.commons.complex.TestUtils.equals(TestUtils.java:390)
	at org.apache.commons.complex.TestUtils.equals(TestUtils.java:390)
	at org.apache.commons.complex.TestUtils.equals(TestUtils.java:390)
	at org.apache.commons.complex.TestUtils.equals(TestUtils.java:390)
	at org.apache.commons.complex.TestUtils.equals(TestUtils.java:390)
	at org.apache.commons.complex.TestUtils.equals(TestUtils.java:390)
	at org.apache.commons.complex.TestUtils.equals(TestUtils.java:390)
	at org.apache.commons.complex.TestUtils.equals(TestUtils.java:390)
	at org.apache.commons.complex.TestUtils.equals(TestUtils.java:390)
	at org.apache.commons.complex.TestUtils.equals(TestUtils.java:390)
	at org.apache.commons.complex.TestUtils.equals(TestUtils.java:390)
	at org.apache.commons.complex.TestUtils.equals(TestUtils.java:390)
	at org.apache.commons.complex.TestUtils.equals(TestUtils.java:390)
	at org.apache.commons.complex.TestUtils.equals(TestUtils.java:390)
	at org.apache.commons.complex.TestUtils.equals(TestUtils.java:390)
	at org.apache.commons.complex.TestUtils.equals(TestUtils.java:390)
	at org.apache.commons.complex.TestUtils.equals(TestUtils.java:390)
	at org.apache.commons.complex.TestUtils.equals(TestUtils.java:390)
	at org.apache.commons.complex.TestUtils.equals(TestUtils.java:390)
	at org.apache.commons.complex.TestUtils.equals(TestUtils.java:390)
	at org.apache.commons.complex.TestUtils.equals(TestUtils.java:390)
	at org.apache.commons.complex.TestUtils.equals(TestUtils.java:390)
	at org.apache.commons.complex.TestUtils.equals(TestUtils.java:390)
	at org.apache.commons.complex.TestUtils.equals(TestUtils.java:390)
	at org.apache.commons.complex.TestUtils.equals(TestUtils.java:390)
	at org.apache.commons.complex.TestUtils.equals(TestUtils.java:390)
	at org.apache.commons.complex.TestUtils.equals(TestUtils.java:390)
	at org.apache.commons.complex.TestUtils.equals(TestUtils.java:390)
	at org.apache.commons.complex.TestUtils.equals(TestUtils.java:390)
	at org.apache.commons.complex.TestUtils.equals(TestUtils.java:390)
	at org.apache.commons.complex.TestUtils.equals(TestUtils.java:390)
	at org.apache.commons.complex.TestUtils.equals(TestUtils.java:390)
	at org.apache.commons.complex.TestUtils.equals(TestUtils.java:390)
	at org.apache.commons.complex.TestUtils.equals(TestUtils.java:390)
	at org.apache.commons.complex.TestUtils.equals(TestUtils.java:390)
	at org.apache.commons.complex.TestUtils.equals(TestUtils.java:390)
	at org.apache.commons.complex.TestUtils.equals(TestUtils.java:390)
	at org.apache.commons.complex.TestUtils.equals(TestUtils.java:390)
	at org.apache.commons.complex.TestUtils.equals(TestUtils.java:390)
	at org.apache.commons.complex.TestUtils.equals(TestUtils.java:390)
	at org.apache.commons.complex.TestUtils.equals(TestUtils.java:390)
	at org.apache.commons.complex.TestUtils.equals(TestUtils.java:390)
	at org.apache.commons.complex.TestUtils.equals(TestUtils.java:390)
	at org.apache.commons.complex.TestUtils.equals(TestUtils.java:390)
	at org.apache.commons.complex.TestUtils.equals(TestUtils.java:390)
	at org.apache.commons.complex.TestUtils.equals(TestUtils.java:390)
	at org.apache.commons.complex.TestUtils.equals(TestUtils.java:390)
	at org.apache.commons.complex.TestUtils.equals(TestUtils.java:390)
	at org.apache.commons.complex.TestUtils.equals(TestUtils.java:390)
	at org.apache.commons.complex.TestUtils.equals(TestUtils.java:390)
	at org.apache.commons.complex.TestUtils.equals(TestUtils.java:390)
	at org.apache.commons.complex.TestUtils.equals(TestUtils.java:390)
	at org.apache.commons.complex.TestUtils.equals(TestUtils.java:390)
	at org.apache.commons.complex.TestUtils.equals(TestUtils.java:390)
	at org.apache.commons.complex.TestUtils.equals(TestUtils.java:390)
	at org.apache.commons.complex.TestUtils.equals(TestUtils.java:390)
	at org.apache.commons.complex.TestUtils.equals(TestUtils.java:390)
	at org.apache.commons.complex.TestUtils.equals(TestUtils.java:390)
	at org.apache.commons.complex.TestUtils.equals(TestUtils.java:390)
	at org.apache.commons.complex.TestUtils.equals(TestUtils.java:390)
	at org.apache.commons.complex.TestUtils.equals(TestUtils.java:390)
	at org.apache.commons.complex.TestUtils.equals(TestUtils.java:390)
	at org.apache.commons.complex.TestUtils.equals(TestUtils.java:390)
	at org.apache.commons.complex.TestUtils.equals(TestUtils.java:390)
	at org.apache.commons.complex.TestUtils.equals(TestUtils.java:390)
	at org.apache.commons.complex.TestUtils.equals(TestUtils.java:390)
	at org.apache.commons.complex.TestUtils.equals(TestUtils.java:390)
	at org.apache.commons.complex.TestUtils.equals(TestUtils.java:390)
	at org.apache.commons.complex.TestUtils.equals(TestUtils.java:390)
	at org.apache.commons.complex.TestUtils.equals(TestUtils.java:390)
	at org.apache.commons.complex.TestUtils.equals(TestUtils.java:390)
	at org.apache.commons.complex.TestUtils.equals(TestUtils.java:390)
	at org.apache.commons.complex.TestUtils.equals(TestUtils.java:390)
	at org.apache.commons.complex.TestUtils.equals(TestUtils.java:390)
	at org.apache.commons.complex.TestUtils.equals(TestUtils.java:390)
	at org.apache.commons.complex.TestUtils.equals(TestUtils.java:390)
	at org.apache.commons.complex.TestUtils.equals(TestUtils.java:390)
	at org.apache.commons.complex.TestUtils.equals(TestUtils.java:390)
	at org.apache.commons.complex.TestUtils.equals(TestUtils.java:390)
	at org.apache.commons.complex.TestUtils.equals(TestUtils.java:390)
	at org.apache.commons.complex.TestUtils.equals(TestUtils.java:390)
	at org.apache.commons.complex.TestUtils.equals(TestUtils.java:390)
	at org.apache.commons.complex.TestUtils.equals(TestUtils.java:390)
	at org.apache.commons.complex.TestUtils.equals(TestUtils.java:390)
	at org.apache.commons.complex.TestUtils.equals(TestUtils.java:390)
	at org.apache.commons.complex.TestUtils.equals(TestUtils.java:390)
	at org.apache.commons.complex.TestUtils.equals(TestUtils.java:390)
	at org.apache.commons.complex.TestUtils.equals(TestUtils.java:390)
	at org.apache.commons.complex.TestUtils.equals(TestUtils.java:390)
	at org.apache.commons.complex.TestUtils.equals(TestUtils.java:390)
	at org.apache.commons.complex.TestUtils.equals(TestUtils.java:390)
	at org.apache.commons.complex.TestUtils.equals(TestUtils.java:390)
	at org.apache.commons.complex.TestUtils.equals(TestUtils.java:390)
	at org.apache.commons.complex.TestUtils.equals(TestUtils.java:390)
	at org.apache.commons.complex.TestUtils.equals(TestUtils.java:390)
	at org.apache.commons.complex.TestUtils.equals(TestUtils.java:390)
	at org.apache.commons.complex.TestUtils.equals(TestUtils.java:390)
	at org.apache.commons.complex.TestUtils.equals(TestUtils.java:390)
	at org.apache.commons.complex.TestUtils.equals(TestUtils.java:390)
	at org.apache.commons.complex.TestUtils.equals(TestUtils.java:390)
	at org.apache.commons.complex.TestUtils.equals(TestUtils.java:390)
	at org.apache.commons.complex.TestUtils.equals(TestUtils.java:390)
	at org.apache.commons.complex.TestUtils.equals(TestUtils.java:390)
	at org.apache.commons.complex.TestUtils.equals(TestUtils.java:390)
	at org.apache.commons.complex.TestUtils.equals(TestUtils.java:390)
	at org.apache.commons.complex.TestUtils.equals(TestUtils.java:390)

