<?xml version="1.0" encoding="UTF-8"?>
<testsuite name="org.apache.commons.complex.ComplexUtilsTest" time="0.041" tests="14" errors="9" skipped="0" failures="0">
  <properties>
[...]
</properties>
  <testcase name="testInterleavedToComplex" classname="org.apache.commons.complex.ComplexUtilsTest" time="0.001">
    <error type="java.lang.StackOverflowError:">java.lang.StackOverflowError: null
	at org.apache.commons.complex.TestUtils.equals(TestUtils.java)
	at org.apache.commons.complex.TestUtils.equals(TestUtils.java:390)
	at org.apache.commons.complex.TestUtils.equals(TestUtils.java:390)
	at org.apache.commons.complex.TestUtils.equals(TestUtils.java:390)
	at org.apache.commons.complex.TestUtils.equals(TestUtils.java:390)
	at org.apache.commons.complex.TestUtils.equals(TestUtils.java:390)
	at org.apache.commons.complex.TestUtils.equals(TestUtils.java:390)
	at org.apache.commons.complex.TestUtils.equals(TestUtils.java:390)
	at org.apache.commons.complex.TestUtils.equals(TestUtils.java:390)
	at org.apache.commons.complex.TestUtils.equals(TestUtils.java:390)
	at org.apache.commons.complex.TestUtils.equals(TestUtils.java:390)
	at org.apache.commons.complex.TestUtils.equals(TestUtils.java:390)
	at org.apache.commons.complex.TestUtils.equals(TestUtils.java:390)
	at org.apache.commons.complex.TestUtils.equals(TestUtils.java:390)
	at org.apache.commons.complex.TestUtils.equals(TestUtils.java:390)
	at org.apache.commons.complex.TestUtils.equals(TestUtils.java:390)
	at org.apache.commons.complex.TestUtils.equals(TestUtils.java:390)
	at org.apache.commons.complex.TestUtils.equals(TestUtils.java:390)
	at org.apache.commons.complex.TestUtils.equals(TestUtils.java:390)
	at org.apache.commons.complex.TestUtils.equals(TestUtils.java:390)
	at org.apache.commons.complex.TestUtils.equals(TestUtils.java:390)
	at org.apache.commons.complex.TestUtils.equals(TestUtils.java:390)
	at org.apache.commons.complex.TestUtils.equals(TestUtils.java:390)
	at org.apache.commons.complex.TestUtils.equals(TestUtils.java:390)
	at org.apache.commons.complex.TestUtils.equals(TestUtils.java:390)
	at org.apache.commons.complex.TestUtils.equals(TestUtils.java:390)
	at org.apache.commons.complex.TestUtils.equals(TestUtils.java:390)
	at org.apache.commons.complex.TestUtils.equals(TestUtils.java:390)
	at org.apache.commons.complex.TestUtils.equals(TestUtils.java:390)
	at org.apache.commons.complex.TestUtils.equals(TestUtils.java:390)
	at org.apache.commons.complex.TestUtils.equals(TestUtils.java:390)
	at org.apache.commons.complex.TestUtils.equals(TestUtils.java:390)
	at org.apache.commons.complex.TestUtils.equals(TestUtils.java:390)
	at org.apache.commons.complex.TestUtils.equals(TestUtils.java:390)
	at org.apache.commons.complex.TestUtils.equals(TestUtils.java:390)
	at org.apache.commons.complex.TestUtils.equals(TestUtils.java:390)
	at org.apache.commons.complex.TestUtils.equals(TestUtils.java:390)
	at org.apache.commons.complex.TestUtils.equals(TestUtils.java:390)
	at org.apache.commons.complex.TestUtils.equals(TestUtils.java:390)
	at org.apache.commons.complex.TestUtils.equals(TestUtils.java:390)
	at org.apache.commons.complex.TestUtils.equals(TestUtils.java:390)
	at org.apache.commons.complex.TestUtils.equals(TestUtils.java:390)
	at org.apache.commons.complex.TestUtils.equals(TestUtils.java:390)
	at org.apache.commons.complex.TestUtils.equals(TestUtils.java:390)
	at org.apache.commons.complex.TestUtils.equals(TestUtils.java:390)
	at org.apache.commons.complex.TestUtils.equals(TestUtils.java:390)
	at org.apache.commons.complex.TestUtils.equals(TestUtils.java:390)
	at org.apache.commons.complex.TestUtils.equals(TestUtils.java:390)
	at org.apache.commons.complex.TestUtils.equals(TestUtils.java:390)
	at org.apache.commons.complex.TestUtils.equals(TestUtils.java:390)
	at org.apache.commons.complex.TestUtils.equals(TestUtils.java:390)
	at org.apache.commons.complex.TestUtils.equals(TestUtils.java:390)
	at org.apache.commons.complex.TestUtils.equals(TestUtils.java:390)
	at org.apache.commons.complex.TestUtils.equals(TestUtils.java:390)
	at org.apache.commons.complex.TestUtils.equals(TestUtils.java:390)
	at org.apache.commons.complex.TestUtils.equals(TestUtils.java:390)
	at org.apache.commons.complex.TestUtils.equals(TestUtils.java:390)
	at org.apache.commons.complex.TestUtils.equals(TestUtils.java:390)
	at org.apache.commons.complex.TestUtils.equals(TestUtils.java:390)
	at org.apache.commons.complex.TestUtils.equals(TestUtils.java:390)
	at org.apache.commons.complex.TestUtils.equals(TestUtils.java:390)
	at org.apache.commons.complex.TestUtils.equals(TestUtils.java:390)
	at org.apache.commons.complex.TestUtils.equals(TestUtils.java:390)
	at org.apache.commons.complex.TestUtils.equals(TestUtils.java:390)
	at org.apache.commons.complex.TestUtils.equals(TestUtils.java:390)
	at org.apache.commons.complex.TestUtils.equals(TestUtils.java:390)
	at org.apache.commons.complex.TestUtils.equals(TestUtils.java:390)
	at org.apache.commons.complex.TestUtils.equals(TestUtils.java:390)
	at org.apache.commons.complex.TestUtils.equals(TestUtils.java:390)
	at org.apache.commons.complex.TestUtils.equals(TestUtils.java:390)
	at org.apache.commons.complex.TestUtils.equals(TestUtils.java:390)
	at org.apache.commons.complex.TestUtils.equals(TestUtils.java:390)
	at org.apache.commons.complex.TestUtils.equals(TestUtils.java:390)
	at org.apache.commons.complex.TestUtils.equals(TestUtils.java:390)
	at org.apache.commons.complex.TestUtils.equals(TestUtils.java:390)
	at org.apache.commons.complex.TestUtils.equals(TestUtils.java:390)
	at org.apache.commons.complex.TestUtils.equals(TestUtils.java:390)
	at org.apache.commons.complex.TestUtils.equals(TestUtils.java:390)
	at org.apache.commons.complex.TestUtils.equals(TestUtils.java:390)
	at org.apache.commons.complex.TestUtils.equals(TestUtils.java:390)
	at org.apache.commons.complex.TestUtils.equals(TestUtils.java:390)
	at org.apache.commons.complex.TestUtils.equals(TestUtils.java:390)
	at org.apache.commons.complex.TestUtils.equals(TestUtils.java:390)
	at org.apache.commons.complex.TestUtils.equals(TestUtils.java:390)
	at org.apache.commons.complex.TestUtils.equals(TestUtils.java:390)
	at org.apache.commons.complex.TestUtils.equals(TestUtils.java:390)
	at org.apache.commons.complex.TestUtils.equals(TestUtils.java:390)
	at org.apache.commons.complex.TestUtils.equals(TestUtils.java:390)
	at org.apache.commons.complex.TestUtils.equals(TestUtils.java:390)
	at org.apache.commons.complex.TestUtils.equals(TestUtils.java:390)
	at org.apache.commons.complex.TestUtils.equals(TestUtils.java:390)
	at org.apache.commons.complex.TestUtils.equals(TestUtils.java:390)
	at org.apache.commons.complex.TestUtils.equals(TestUtils.java:390)
	at org.apache.commons.complex.TestUtils.equals(TestUtils.java:390)
	at org.apache.commons.complex.TestUtils.equals(TestUtils.java:390)
	at org.apache.commons.complex.TestUtils.equals(TestUtils.java:390)
	at org.apache.commons.complex.TestUtils.equals(TestUtils.java:390)
	at org.apache.commons.complex.TestUtils.equals(TestUtils.java:390)
	at org.apache.commons.complex.TestUtils.equals(TestUtils.java:390)
	at org.apache.commons.complex.TestUtils.equals(TestUtils.java:390)
	at org.apache.commons.complex.TestUtils.equals(TestUtils.java:390)
	at org.apache.commons.complex.TestUtils.equals(TestUtils.java:390)
	at org.apache.commons.complex.TestUtils.equals(TestUtils.java:390)
	at org.apache.commons.complex.TestUtils.equals(TestUtils.java:390)
	at org.apache.commons.complex.TestUtils.equals(TestUtils.java:390)
	at org.apache.commons.complex.TestUtils.equals(TestUtils.java:390)
	at org.apache.commons.complex.TestUtils.equals(TestUtils.java:390)
	at org.apache.commons.complex.TestUtils.equals(TestUtils.java:390)
	at org.apache.commons.complex.TestUtils.equals(TestUtils.java:390)
	at org.apache.commons.complex.TestUtils.equals(TestUtils.java:390)
	at org.apache.commons.complex.TestUtils.equals(TestUtils.java:390)
	at org.apache.commons.complex.TestUtils.equals(TestUtils.java:390)
	at org.apache.commons.complex.TestUtils.equals(TestUtils.java:390)
	at org.apache.commons.complex.TestUtils.equals(TestUtils.java:390)
	at org.apache.commons.complex.TestUtils.equals(TestUtils.java:390)
	at org.apache.commons.complex.TestUtils.equals(TestUtils.java:390)
	at org.apache.commons.complex.TestUtils.equals(TestUtils.java:390)
	at org.apache.commons.complex.TestUtils.equals(TestUtils.java:390)
	at org.apache.commons.complex.TestUtils.equals(TestUtils.java:390)
	at org.apache.commons.complex.TestUtils.equals(TestUtils.java:390)
	at org.apache.commons.complex.TestUtils.equals(TestUtils.java:390)
	at org.apache.commons.complex.TestUtils.equals(TestUtils.java:390)
	at org.apache.commons.complex.TestUtils.equals(TestUtils.java:390)
	at org.apache.commons.complex.TestUtils.equals(TestUtils.java:390)
	at org.apache.commons.complex.TestUtils.equals(TestUtils.java:390)
	at org.apache.commons.complex.TestUtils.equals(TestUtils.java:390)
	at org.apache.commons.complex.TestUtils.equals(TestUtils.java:390)
	at org.apache.commons.complex.TestUtils.equals(TestUtils.java:390)
	at org.apache.commons.complex.TestUtils.equals(TestUtils.java:390)
	at org.apache.commons.complex.TestUtils.equals(TestUtils.java:390)
	at org.apache.commons.complex.TestUtils.equals(TestUtils.java:390)
	at org.apache.commons.complex.TestUtils.equals(TestUtils.java:390)
	at org.apache.commons.complex.TestUtils.equals(TestUtils.java:390)
	at org.apache.commons.complex.TestUtils.equals(TestUtils.java:390)
	at org.apache.commons.complex.TestUtils.equals(TestUtils.java:390)
	at org.apache.commons.complex.TestUtils.equals(TestUtils.java:390)
	at org.apache.commons.complex.TestUtils.equals(TestUtils.java:390)
	at org.apache.commons.complex.TestUtils.equals(TestUtils.java:390)
	at org.apache.commons.complex.TestUtils.equals(TestUtils.java:390)
	at org.apache.commons.complex.TestUtils.equals(TestUtils.java:390)
	at org.apache.commons.complex.TestUtils.equals(TestUtils.java:390)
	at org.apache.commons.complex.TestUtils.equals(TestUtils.java:390)
	at org.apache.commons.complex.TestUtils.equals(TestUtils.java:390)
	at org.apache.commons.complex.TestUtils.equals(TestUtils.java:390)
	at org.apache.commons.complex.TestUtils.equals(TestUtils.java:390)
	at org.apache.commons.complex.TestUtils.equals(TestUtils.java:390)
	at org.apache.commons.complex.TestUtils.equals(TestUtils.java:390)
	at org.apache.commons.complex.TestUtils.equals(TestUtils.java:390)
	at org.apache.commons.complex.TestUtils.equals(TestUtils.java:390)
	at org.apache.commons.complex.TestUtils.equals(TestUtils.java:390)
	at org.apache.commons.complex.TestUtils.equals(TestUtils.java:390)
	at org.apache.commons.complex.TestUtils.equals(TestUtils.java:390)
	at org.apache.commons.complex.TestUtils.equals(TestUtils.java:390)
	at org.apache.commons.complex.TestUtils.equals(TestUtils.java:390)
	at org.apache.commons.complex.TestUtils.equals(TestUtils.java:390)
	at org.apache.commons.complex.TestUtils.equals(TestUtils.java:390)
	at org.apache.commons.complex.TestUtils.equals(TestUtils.java:390)
	at org.apache.commons.complex.TestUtils.equals(TestUtils.java:390)
	at org.apache.commons.complex.TestUtils.equals(TestUtils.java:390)
	at org.apache.commons.complex.TestUtils.equals(TestUtils.java:390)
	at org.apache.commons.complex.TestUtils.equals(TestUtils.java:390)
	at org.apache.commons.complex.TestUtils.equals(TestUtils.java:390)
	at org.apache.commons.complex.TestUtils.equals(TestUtils.java:390)
	at org.apache.commons.complex.TestUtils.equals(TestUtils.java:390)
	at org.apache.commons.complex.TestUtils.equals(TestUtils.java:390)
	at org.apache.commons.complex.TestUtils.equals(TestUtils.java:390)
	at org.apache.commons.complex.TestUtils.equals(TestUtils.java:390)
	at org.apache.commons.complex.TestUtils.equals(TestUtils.java:390)
	at org.apache.commons.complex.TestUtils.equals(TestUtils.java:390)
	at org.apache.commons.complex.TestUtils.equals(TestUtils.java:390)
	at org.apache.commons.complex.TestUtils.equals(TestUtils.java:390)
	at org.apache.commons.complex.TestUtils.equals(TestUtils.java:390)
	at org.apache.commons.complex.TestUtils.equals(TestUtils.java:390)
	at org.apache.commons.complex.TestUtils.equals(TestUtils.java:390)
	at org.apache.commons.complex.TestUtils.equals(TestUtils.java:390)
	at org.apache.commons.complex.TestUtils.equals(TestUtils.java:390)
	at org.apache.commons.complex.TestUtils.equals(TestUtils.java:390)
	at org.apache.commons.complex.TestUtils.equals(TestUtils.java:390)
	at org.apache.commons.complex.TestUtils.equals(TestUtils.java:390)
	at org.apache.commons.complex.TestUtils.equals(TestUtils.java:390)
	at org.apache.commons.complex.TestUtils.equals(TestUtils.java:390)
	at org.apache.commons.complex.TestUtils.equals(TestUtils.java:390)
	at org.apache.commons.complex.TestUtils.equals(TestUtils.java:390)
	at org.apache.commons.complex.TestUtils.equals(TestUtils.java:390)
	at org.apache.commons.complex.TestUtils.equals(TestUtils.java:390)
	at org.apache.commons.complex.TestUtils.equals(TestUtils.java:390)
	at org.apache.commons.complex.TestUtils.equals(TestUtils.java:390)
	at org.apache.commons.complex.TestUtils.equals(TestUtils.java:390)
	at org.apache.commons.complex.TestUtils.equals(TestUtils.java:390)
	at org.apache.commons.complex.TestUtils.equals(TestUtils.java:390)
	at org.apache.commons.complex.TestUtils.equals(TestUtils.java:390)
	at org.apache.commons.complex.TestUtils.equals(TestUtils.java:390)
	at org.apache.commons.complex.TestUtils.equals(TestUtils.java:390)
	at org.apache.commons.complex.TestUtils.equals(TestUtils.java:390)
	at org.apache.commons.complex.TestUtils.equals(TestUtils.java:390)
	at org.apache.commons.complex.TestUtils.equals(TestUtils.java:390)
	at org.apache.commons.complex.TestUtils.equals(TestUtils.java:390)
	at org.apache.commons.complex.TestUtils.equals(TestUtils.java:390)
	at org.apache.commons.complex.TestUtils.equals(TestUtils.java:390)
	at org.apache.commons.complex.TestUtils.equals(TestUtils.java:390)
	at org.apache.commons.complex.TestUtils.equals(TestUtils.java:390)
	at org.apache.commons.complex.TestUtils.equals(TestUtils.java:390)
	at org.apache.commons.complex.TestUtils.equals(TestUtils.java:390)
	at org.apache.commons.complex.TestUtils.equals(TestUtils.java:390)
	at org.apache.commons.complex.TestUtils.equals(TestUtils.java:390)
	at org.apache.commons.complex.TestUtils.equals(TestUtils.java:390)
	at org.apache.commons.complex.TestUtils.equals(TestUtils.java:390)
	at org.apache.commons.complex.TestUtils.equals(TestUtils.java:390)
	at org.apache.commons.complex.TestUtils.equals(TestUtils.java:390)
	at org.apache.commons.complex.TestUtils.equals(TestUtils.java:390)
	at org.apache.commons.complex.TestUtils.equals(TestUtils.java:390)
	at org.apache.commons.complex.TestUtils.equals(TestUtils.java:390)
	at org.apache.commons.complex.TestUtils.equals(TestUtils.java:390)
	at org.apache.commons.complex.TestUtils.equals(TestUtils.java:390)
	at org.apache.commons.complex.TestUtils.equals(TestUtils.java:390)
	at org.apache.commons.complex.TestUtils.equals(TestUtils.java:390)
	at org.apache.commons.complex.TestUtils.equals(TestUtils.java:390)
	at org.apache.commons.complex.TestUtils.equals(TestUtils.java:390)
	at org.apache.commons.complex.TestUtils.equals(TestUtils.java:390)
	at org.apache.commons.complex.TestUtils.equals(TestUtils.java:390)
	at org.apache.commons.complex.TestUtils.equals(TestUtils.java:390)
	at org.apache.commons.complex.TestUtils.equals(TestUtils.java:390)
	at org.apache.commons.complex.TestUtils.equals(TestUtils.java:390)
	at org.apache.commons.complex.TestUtils.equals(TestUtils.java:390)
	at org.apache.commons.complex.TestUtils.equals(TestUtils.java:390)
	at org.apache.commons.complex.TestUtils.equals(TestUtils.java:390)
	at org.apache.commons.complex.TestUtils.equals(TestUtils.java:390)
	at org.apache.commons.complex.TestUtils.equals(TestUtils.java:390)
	at org.apache.commons.complex.TestUtils.equals(TestUtils.java:390)
	at org.apache.commons.complex.TestUtils.equals(TestUtils.java:390)
	at org.apache.commons.complex.TestUtils.equals(TestUtils.java:390)
	at org.apache.commons.complex.TestUtils.equals(TestUtils.java:390)
	at org.apache.commons.complex.TestUtils.equals(TestUtils.java:390)
	at org.apache.commons.complex.TestUtils.equals(TestUtils.java:390)
	at org.apache.commons.complex.TestUtils.equals(TestUtils.java:390)
	at org.apache.commons.complex.TestUtils.equals(TestUtils.java:390)
	at org.apache.commons.complex.TestUtils.equals(TestUtils.java:390)
	at org.apache.commons.complex.TestUtils.equals(TestUtils.java:390)
	at org.apache.commons.complex.TestUtils.equals(TestUtils.java:390)
	at org.apache.commons.complex.TestUtils.equals(TestUtils.java:390)
	at org.apache.commons.complex.TestUtils.equals(TestUtils.java:390)
	at org.apache.commons.complex.TestUtils.equals(TestUtils.java:390)
	at org.apache.commons.complex.TestUtils.equals(TestUtils.java:390)
	at org.apache.commons.complex.TestUtils.equals(TestUtils.java:390)
	at org.apache.commons.complex.TestUtils.equals(TestUtils.java:390)
	at org.apache.commons.complex.TestUtils.equals(TestUtils.java:390)
	at org.apache.commons.complex.TestUtils.equals(TestUtils.java:390)
	at org.apache.commons.complex.TestUtils.equals(TestUtils.java:390)
	at org.apache.commons.complex.TestUtils.equals(TestUtils.java:390)
	at org.apache.commons.complex.TestUtils.equals(TestUtils.java:390)
	at org.apache.commons.complex.TestUtils.equals(TestUtils.java:390)
	at org.apache.commons.complex.TestUtils.equals(TestUtils.java:390)
	at org.apache.commons.complex.TestUtils.equals(TestUtils.java:390)
	at org.apache.commons.complex.TestUtils.equals(TestUtils.java:390)
	at org.apache.commons.complex.TestUtils.equals(TestUtils.java:390)
	at org.apache.commons.complex.TestUtils.equals(TestUtils.java:390)
	at org.apache.commons.complex.TestUtils.equals(TestUtils.java:390)
	at org.apache.commons.complex.TestUtils.equals(TestUtils.java:390)
	at org.apache.commons.complex.TestUtils.equals(TestUtils.java:390)
	at org.apache.commons.complex.TestUtils.equals(TestUtils.java:390)
	at org.apache.commons.complex.TestUtils.equals(TestUtils.java:390)
	at org.apache.commons.complex.TestUtils.equals(TestUtils.java:390)
	at org.apache.commons.complex.TestUtils.equals(TestUtils.java:390)
	at org.apache.commons.complex.TestUtils.equals(TestUtils.java:390)
	at org.apache.commons.complex.TestUtils.equals(TestUtils.java:390)
	at org.apache.commons.complex.TestUtils.equals(TestUtils.java:390)
	at org.apache.commons.complex.TestUtils.equals(TestUtils.java:390)
	at org.apache.commons.complex.TestUtils.equals(TestUtils.java:390)
	at org.apache.commons.complex.TestUtils.equals(TestUtils.java:390)
	at org.apache.commons.complex.TestUtils.equals(TestUtils.java:390)
	at org.apache.commons.complex.TestUtils.equals(TestUtils.java:390)
	at org.apache.commons.complex.TestUtils.equals(TestUtils.java:390)
	at org.apache.commons.complex.TestUtils.equals(TestUtils.java:390)
	at org.apache.commons.complex.TestUtils.equals(TestUtils.java:390)
	at org.apache.commons.complex.TestUtils.equals(TestUtils.java:390)
	at org.apache.commons.complex.TestUtils.equals(TestUtils.java:390)
	at org.apache.commons.complex.TestUtils.equals(TestUtils.java:390)
	at org.apache.commons.complex.TestUtils.equals(TestUtils.java:390)
	at org.apache.commons.complex.TestUtils.equals(TestUtils.java:390)
	at org.apache.commons.complex.TestUtils.equals(TestUtils.java:390)
	at org.apache.commons.complex.TestUtils.equals(TestUtils.java:390)
	at org.apache.commons.complex.TestUtils.equals(TestUtils.java:390)
	at org.apache.commons.complex.TestUtils.equals(TestUtils.java:390)
	at org.apache.commons.complex.TestUtils.equals(TestUtils.java:390)
	at org.apache.commons.complex.TestUtils.equals(TestUtils.java:390)
	at org.apache.commons.complex.TestUtils.equals(TestUtils.java:390)
	at org.apache.commons.complex.TestUtils.equals(TestUtils.java:390)
	at org.apache.commons.complex.TestUtils.equals(TestUtils.java:390)
	at org.apache.commons.complex.TestUtils.equals(TestUtils.java:390)
	at org.apache.commons.complex.TestUtils.equals(TestUtils.java:390)
	at org.apache.commons.complex.TestUtils.equals(TestUtils.java:390)
	at org.apache.commons.complex.TestUtils.equals(TestUtils.java:390)
	at org.apache.commons.complex.TestUtils.equals(TestUtils.java:390)
	at org.apache.commons.complex.TestUtils.equals(TestUtils.java:390)
	at org.apache.commons.complex.TestUtils.equals(TestUtils.java:390)
	at org.apache.commons.complex.TestUtils.equals(TestUtils.java:390)
	at org.apache.commons.complex.TestUtils.equals(TestUtils.java:390)
	at org.apache.commons.complex.TestUtils.equals(TestUtils.java:390)
	at org.apache.commons.complex.TestUtils.equals(TestUtils.java:390)
	at org.apache.commons.complex.TestUtils.equals(TestUtils.java:390)
	at org.apache.commons.complex.TestUtils.equals(TestUtils.java:390)
	at org.apache.commons.complex.TestUtils.equals(TestUtils.java:390)
	at org.apache.commons.complex.TestUtils.equals(TestUtils.java:390)
	at org.apache.commons.complex.TestUtils.equals(TestUtils.java:390)
	at org.apache.commons.complex.TestUtils.equals(TestUtils.java:390)
	at org.apache.commons.complex.TestUtils.equals(TestUtils.java:390)
	at org.apache.commons.complex.TestUtils.equals(TestUtils.java:390)
	at org.apache.commons.complex.TestUtils.equals(TestUtils.java:390)
	at org.apache.commons.complex.TestUtils.equals(TestUtils.java:390)
	at org.apache.commons.complex.TestUtils.equals(TestUtils.java:390)
	at org.apache.commons.complex.TestUtils.equals(TestUtils.java:390)
	at org.apache.commons.complex.TestUtils.equals(TestUtils.java:390)
	at org.apache.commons.complex.TestUtils.equals(TestUtils.java:390)
	at org.apache.commons.complex.TestUtils.equals(TestUtils.java:390)
	at org.apache.commons.complex.TestUtils.equals(TestUtils.java:390)
	at org.apache.commons.complex.TestUtils.equals(TestUtils.java:390)
	at org.apache.commons.complex.TestUtils.equals(TestUtils.java:390)
	at org.apache.commons.complex.TestUtils.equals(TestUtils.java:390)
	at org.apache.commons.complex.TestUtils.equals(TestUtils.java:390)
	at org.apache.commons.complex.TestUtils.equals(TestUtils.java:390)
	at org.apache.commons.complex.TestUtils.equals(TestUtils.java:390)
	at org.apache.commons.complex.TestUtils.equals(TestUtils.java:390)
	at org.apache.commons.complex.TestUtils.equals(TestUtils.java:390)
	at org.apache.commons.complex.TestUtils.equals(TestUtils.java:390)
	at org.apache.commons.complex.TestUtils.equals(TestUtils.java:390)
	at org.apache.commons.complex.TestUtils.equals(TestUtils.java:390)
	at org.apache.commons.complex.TestUtils.equals(TestUtils.java:390)
	at org.apache.commons.complex.TestUtils.equals(TestUtils.java:390)
	at org.apache.commons.complex.TestUtils.equals(TestUtils.java:390)
	at org.apache.commons.complex.TestUtils.equals(TestUtils.java:390)
	at org.apache.commons.complex.TestUtils.equals(TestUtils.java:390)
	at org.apache.commons.complex.TestUtils.equals(TestUtils.java:390)
	at org.apache.commons.complex.TestUtils.equals(TestUtils.java:390)
	at org.apache.commons.complex.TestUtils.equals(TestUtils.java:390)
	at org.apache.commons.complex.TestUtils.equals(TestUtils.java:390)
	at org.apache.commons.complex.TestUtils.equals(TestUtils.java:390)
	at org.apache.commons.complex.TestUtils.equals(TestUtils.java:390)
	at org.apache.commons.complex.TestUtils.equals(TestUtils.java:390)
	at org.apache.commons.complex.TestUtils.equals(TestUtils.java:390)
	at org.apache.commons.complex.TestUtils.equals(TestUtils.java:390)
	at org.apache.commons.complex.TestUtils.equals(TestUtils.java:390)
	at org.apache.commons.complex.TestUtils.equals(TestUtils.java:390)
	at org.apache.commons.complex.TestUtils.equals(TestUtils.java:390)
	at org.apache.commons.complex.TestUtils.equals(TestUtils.java:390)
	at org.apache.commons.complex.TestUtils.equals(TestUtils.java:390)
	at org.apache.commons.complex.TestUtils.equals(TestUtils.java:390)
	at org.apache.commons.complex.TestUtils.equals(TestUtils.java:390)
	at org.apache.commons.complex.TestUtils.equals(TestUtils.java:390)
	at org.apache.commons.complex.TestUtils.equals(TestUtils.java:390)
	at org.apache.commons.complex.TestUtils.equals(TestUtils.java:390)
	at org.apache.commons.complex.TestUtils.equals(TestUtils.java:390)
	at org.apache.commons.complex.TestUtils.equals(TestUtils.java:390)
	at org.apache.commons.complex.TestUtils.equals(TestUtils.java:390)
	at org.apache.commons.complex.TestUtils.equals(TestUtils.java:390)
	at org.apache.commons.complex.TestUtils.equals(TestUtils.java:390)
	at org.apache.commons.complex.TestUtils.equals(TestUtils.java:390)
	at org.apache.commons.complex.TestUtils.equals(TestUtils.java:390)
	at org.apache.commons.complex.TestUtils.equals(TestUtils.java:390)
	at org.apache.commons.complex.TestUtils.equals(TestUtils.java:390)
	at org.apache.commons.complex.TestUtils.equals(TestUtils.java:390)
	at org.apache.commons.complex.TestUtils.equals(TestUtils.java:390)
	at org.apache.commons.complex.TestUtils.equals(TestUtils.java:390)
	at org.apache.commons.complex.TestUtils.equals(TestUtils.java:390)
	at org.apache.commons.complex.TestUtils.equals(TestUtils.java:390)
	at org.apache.commons.complex.TestUtils.equals(TestUtils.java:390)
	at org.apache.commons.complex.TestUtils.equals(TestUtils.java:390)
	at org.apache.commons.complex.TestUtils.equals(TestUtils.java:390)
	at org.apache.commons.complex.TestUtils.equals(TestUtils.java:390)
	at org.apache.commons.complex.TestUtils.equals(TestUtils.java:390)
	at org.apache.commons.complex.TestUtils.equals(TestUtils.java:390)
	at org.apache.commons.complex.TestUtils.equals(TestUtils.java:390)
	at org.apache.commons.complex.TestUtils.equals(TestUtils.java:390)
	at org.apache.commons.complex.TestUtils.equals(TestUtils.java:390)
	at org.apache.commons.complex.TestUtils.equals(TestUtils.java:390)
	at org.apache.commons.complex.TestUtils.equals(TestUtils.java:390)
	at org.apache.commons.complex.TestUtils.equals(TestUtils.java:390)
	at org.apache.commons.complex.TestUtils.equals(TestUtils.java:390)
	at org.apache.commons.complex.TestUtils.equals(TestUtils.java:390)
	at org.apache.commons.complex.TestUtils.equals(TestUtils.java:390)
	at org.apache.commons.complex.TestUtils.equals(TestUtils.java:390)
	at org.apache.commons.complex.TestUtils.equals(TestUtils.java:390)
	at org.apache.commons.complex.TestUtils.equals(TestUtils.java:390)
	at org.apache.commons.complex.TestUtils.equals(TestUtils.java:390)
	at org.apache.commons.complex.TestUtils.equals(TestUtils.java:390)
	at org.apache.commons.complex.TestUtils.equals(TestUtils.java:390)
	at org.apache.commons.complex.TestUtils.equals(TestUtils.java:390)
	at org.apache.commons.complex.TestUtils.equals(TestUtils.java:390)
	at org.apache.commons.complex.TestUtils.equals(TestUtils.java:390)
	at org.apache.commons.complex.TestUtils.equals(TestUtils.java:390)
	at org.apache.commons.complex.TestUtils.equals(TestUtils.java:390)
	at org.apache.commons.complex.TestUtils.equals(TestUtils.java:390)
	at org.apache.commons.complex.TestUtils.equals(TestUtils.java:390)
	at org.apache.commons.complex.TestUtils.equals(TestUtils.java:390)
	at org.apache.commons.complex.TestUtils.equals(TestUtils.java:390)
	at org.apache.commons.complex.TestUtils.equals(TestUtils.java:390)
	at org.apache.commons.complex.TestUtils.equals(TestUtils.java:390)
	at org.apache.commons.complex.TestUtils.equals(TestUtils.java:390)
	at org.apache.commons.complex.TestUtils.equals(TestUtils.java:390)
	at org.apache.commons.complex.TestUtils.equals(TestUtils.java:390)
	at org.apache.commons.complex.TestUtils.equals(TestUtils.java:390)
	at org.apache.commons.complex.TestUtils.equals(TestUtils.java:390)
	at org.apache.commons.complex.TestUtils.equals(TestUtils.java:390)
	at org.apache.commons.complex.TestUtils.equals(TestUtils.java:390)
	at org.apache.commons.complex.TestUtils.equals(TestUtils.java:390)
	at org.apache.commons.complex.TestUtils.equals(TestUtils.java:390)
	at org.apache.commons.complex.TestUtils.equals(TestUtils.java:390)
	at org.apache.commons.complex.TestUtils.equals(TestUtils.java:390)
	at org.apache.commons.complex.TestUtils.equals(TestUtils.java:390)
	at org.apache.commons.complex.TestUtils.equals(TestUtils.java:390)
	at org.apache.commons.complex.TestUtils.equals(TestUtils.java:390)
	at org.apache.commons.complex.TestUtils.equals(TestUtils.java:390)
	at org.apache.commons.complex.TestUtils.equals(TestUtils.java:390)
	at org.apache.commons.complex.TestUtils.equals(TestUtils.java:390)
	at org.apache.commons.complex.TestUtils.equals(TestUtils.java:390)
	at org.apache.commons.complex.TestUtils.equals(TestUtils.java:390)
	at org.apache.commons.complex.TestUtils.equals(TestUtils.java:390)
	at org.apache.commons.complex.TestUtils.equals(TestUtils.java:390)
	at org.apache.commons.complex.TestUtils.equals(TestUtils.java:390)
	at org.apache.commons.complex.TestUtils.equals(TestUtils.java:390)
	at org.apache.commons.complex.TestUtils.equals(TestUtils.java:390)
	at org.apache.commons.complex.TestUtils.equals(TestUtils.java:390)
	at org.apache.commons.complex.TestUtils.equals(TestUtils.java:390)
	at org.apache.commons.complex.TestUtils.equals(TestUtils.java:390)
	at org.apache.commons.complex.TestUtils.equals(TestUtils.java:390)
	at org.apache.commons.complex.TestUtils.equals(TestUtils.java:390)
	at org.apache.commons.complex.TestUtils.equals(TestUtils.java:390)
	at org.apache.commons.complex.TestUtils.equals(TestUtils.java:390)
	at org.apache.commons.complex.TestUtils.equals(TestUtils.java:390)
	at org.apache.commons.complex.TestUtils.equals(TestUtils.java:390)
	at org.apache.commons.complex.TestUtils.equals(TestUtils.java:390)
	at org.apache.commons.complex.TestUtils.equals(TestUtils.java:390)
	at org.apache.commons.complex.TestUtils.equals(TestUtils.java:390)
	at org.apache.commons.complex.TestUtils.equals(TestUtils.java:390)
	at org.apache.commons.complex.TestUtils.equals(TestUtils.java:390)
	at org.apache.commons.complex.TestUtils.equals(TestUtils.java:390)
	at org.apache.commons.complex.TestUtils.equals(TestUtils.java:390)
	at org.apache.commons.complex.TestUtils.equals(TestUtils.java:390)
	at org.apache.commons.complex.TestUtils.equals(TestUtils.java:390)
	at org.apache.commons.complex.TestUtils.equals(TestUtils.java:390)
	at org.apache.commons.complex.TestUtils.equals(TestUtils.java:390)
	at org.apache.commons.complex.TestUtils.equals(TestUtils.java:390)
	at org.apache.commons.complex.TestUtils.equals(TestUtils.java:390)
	at org.apache.commons.complex.TestUtils.equals(TestUtils.java:390)
	at org.apache.commons.complex.TestUtils.equals(TestUtils.java:390)
	at org.apache.commons.complex.TestUtils.equals(TestUtils.java:390)
	at org.apache.commons.complex.TestUtils.equals(TestUtils.java:390)
	at org.apache.commons.complex.TestUtils.equals(TestUtils.java:390)
	at org.apache.commons.complex.TestUtils.equals(TestUtils.java:390)
	at org.apache.commons.complex.TestUtils.equals(TestUtils.java:390)
	at org.apache.commons.complex.TestUtils.equals(TestUtils.java:390)
	at org.apache.commons.complex.TestUtils.equals(TestUtils.java:390)
	at org.apache.commons.complex.TestUtils.equals(TestUtils.java:390)
	at org.apache.commons.complex.TestUtils.equals(TestUtils.java:390)
	at org.apache.commons.complex.TestUtils.equals(TestUtils.java:390)
	at org.apache.commons.complex.TestUtils.equals(TestUtils.java:390)
	at org.apache.commons.complex.TestUtils.equals(TestUtils.java:390)
	at org.apache.commons.complex.TestUtils.equals(TestUtils.java:390)
	at org.apache.commons.complex.TestUtils.equals(TestUtils.java:390)
	at org.apache.commons.complex.TestUtils.equals(TestUtils.java:390)
	at org.apache.commons.complex.TestUtils.equals(TestUtils.java:390)
	at org.apache.commons.complex.TestUtils.equals(TestUtils.java:390)
	at org.apache.commons.complex.TestUtils.equals(TestUtils.java:390)
	at org.apache.commons.complex.TestUtils.equals(TestUtils.java:390)
	at org.apache.commons.complex.TestUtils.equals(TestUtils.java:390)
	at org.apache.commons.complex.TestUtils.equals(TestUtils.java:390)
	at org.apache.commons.complex.TestUtils.equals(TestUtils.java:390)
	at org.apache.commons.complex.TestUtils.equals(TestUtils.java:390)
	at org.apache.commons.complex.TestUtils.equals(TestUtils.java:390)
	at org.apache.commons.complex.TestUtils.equals(TestUtils.java:390)
	at org.apache.commons.complex.TestUtils.equals(TestUtils.java:390)
	at org.apache.commons.complex.TestUtils.equals(TestUtils.java:390)
	at org.apache.commons.complex.TestUtils.equals(TestUtils.java:390)
	at org.apache.commons.complex.TestUtils.equals(TestUtils.java:390)
	at org.apache.commons.complex.TestUtils.equals(TestUtils.java:390)
	at org.apache.commons.complex.TestUtils.equals(TestUtils.java:390)
	at org.apache.commons.complex.TestUtils.equals(TestUtils.java:390)
	at org.apache.commons.complex.TestUtils.equals(TestUtils.java:390)
	at org.apache.commons.complex.TestUtils.equals(TestUtils.java:390)
	at org.apache.commons.complex.TestUtils.equals(TestUtils.java:390)
	at org.apache.commons.complex.TestUtils.equals(TestUtils.java:390)
	at org.apache.commons.complex.TestUtils.equals(TestUtils.java:390)
	at org.apache.commons.complex.TestUtils.equals(TestUtils.java:390)
	at org.apache.commons.complex.TestUtils.equals(TestUtils.java:390)
	at org.apache.commons.complex.TestUtils.equals(TestUtils.java:390)
	at org.apache.commons.complex.TestUtils.equals(TestUtils.java:390)
	at org.apache.commons.complex.TestUtils.equals(TestUtils.java:390)
	at org.apache.commons.complex.TestUtils.equals(TestUtils.java:390)
	at org.apache.commons.complex.TestUtils.equals(TestUtils.java:390)
	at org.apache.commons.complex.TestUtils.equals(TestUtils.java:390)
	at org.apache.commons.complex.TestUtils.equals(TestUtils.java:390)
	at org.apache.commons.complex.TestUtils.equals(TestUtils.java:390)
	at org.apache.commons.complex.TestUtils.equals(TestUtils.java:390)
	at org.apache.commons.complex.TestUtils.equals(TestUtils.java:390)
	at org.apache.commons.complex.TestUtils.equals(TestUtils.java:390)
	at org.apache.commons.complex.TestUtils.equals(TestUtils.java:390)
	at org.apache.commons.complex.TestUtils.equals(TestUtils.java:390)
	at org.apache.commons.complex.TestUtils.equals(TestUtils.java:390)
	at org.apache.commons.complex.TestUtils.equals(TestUtils.java:390)
	at org.apache.commons.complex.TestUtils.equals(TestUtils.java:390)
	at org.apache.commons.complex.TestUtils.equals(TestUtils.java:390)
	at org.apache.commons.complex.TestUtils.equals(TestUtils.java:390)
	at org.apache.commons.complex.TestUtils.equals(TestUtils.java:390)
	at org.apache.commons.complex.TestUtils.equals(TestUtils.java:390)
	at org.apache.commons.complex.TestUtils.equals(TestUtils.java:390)
	at org.apache.commons.complex.TestUtils.equals(TestUtils.java:390)
	at org.apache.commons.complex.TestUtils.equals(TestUtils.java:390)
	at org.apache.commons.complex.TestUtils.equals(TestUtils.java:390)
	at org.apache.commons.complex.TestUtils.equals(TestUtils.java:390)
	at org.apache.commons.complex.TestUtils.equals(TestUtils.java:390)
	at org.apache.commons.complex.TestUtils.equals(TestUtils.java:390)
	at org.apache.commons.complex.TestUtils.equals(TestUtils.java:390)
	at org.apache.commons.complex.TestUtils.equals(TestUtils.java:390)
	at org.apache.commons.complex.TestUtils.equals(TestUtils.java:390)
	at org.apache.commons.complex.TestUtils.equals(TestUtils.java:390)
	at org.apache.commons.complex.TestUtils.equals(TestUtils.java:390)
	at org.apache.commons.complex.TestUtils.equals(TestUtils.java:390)
	at org.apache.commons.complex.TestUtils.equals(TestUtils.java:390)
	at org.apache.commons.complex.TestUtils.equals(TestUtils.java:390)
	at org.apache.commons.complex.TestUtils.equals(TestUtils.java:390)
	at org.apache.commons.complex.TestUtils.equals(TestUtils.java:390)
	at org.apache.commons.complex.TestUtils.equals(TestUtils.java:390)
	at org.apache.commons.complex.TestUtils.equals(TestUtils.java:390)
	at org.apache.commons.complex.TestUtils.equals(TestUtils.java:390)
	at org.apache.commons.complex.TestUtils.equals(TestUtils.java:390)
	at org.apache.commons.complex.TestUtils.equals(TestUtils.java:390)
	at org.apache.commons.complex.TestUtils.equals(TestUtils.java:390)
	at org.apache.commons.complex.TestUtils.equals(TestUtils.java:390)
	at org.apache.commons.complex.TestUtils.equals(TestUtils.java:390)
	at org.apache.commons.complex.TestUtils.equals(TestUtils.java:390)
	at org.apache.commons.complex.TestUtils.equals(TestUtils.java:390)
	at org.apache.commons.complex.TestUtils.equals(TestUtils.java:390)
	at org.apache.commons.complex.TestUtils.equals(TestUtils.java:390)
	at org.apache.commons.complex.TestUtils.equals(TestUtils.java:390)
	at org.apache.commons.complex.TestUtils.equals(TestUtils.java:390)
	at org.apache.commons.complex.TestUtils.equals(TestUtils.java:390)
	at org.apache.commons.complex.TestUtils.equals(TestUtils.java:390)
	at org.apache.commons.complex.TestUtils.equals(TestUtils.java:390)
	at org.apache.commons.complex.TestUtils.equals(TestUtils.java:390)
	at org.apache.commons.complex.TestUtils.equals(TestUtils.java:390)
	at org.apache.commons.complex.TestUtils.equals(TestUtils.java:390)
	at org.apache.commons.complex.TestUtils.equals(TestUtils.java:390)
	at org.apache.commons.complex.TestUtils.equals(TestUtils.java:390)
	at org.apache.commons.complex.TestUtils.equals(TestUtils.java:390)
	at org.apache.commons.complex.TestUtils.equals(TestUtils.java:390)
	at org.apache.commons.complex.TestUtils.equals(TestUtils.java:390)
	at org.apache.commons.complex.TestUtils.equals(TestUtils.java:390)
	at org.apache.commons.complex.TestUtils.equals(TestUtils.java:390)
	at org.apache.commons.complex.TestUtils.equals(TestUtils.java:390)
	at org.apache.commons.complex.TestUtils.equals(TestUtils.java:390)
	at org.apache.commons.complex.TestUtils.equals(TestUtils.java:390)
	at org.apache.commons.complex.TestUtils.equals(TestUtils.java:390)
	at org.apache.commons.complex.TestUtils.equals(TestUtils.java:390)
	at org.apache.commons.complex.TestUtils.equals(TestUtils.java:390)
	at org.apache.commons.complex.TestUtils.equals(TestUtils.java:390)
	at org.apache.commons.complex.TestUtils.equals(TestUtils.java:390)
	at org.apache.commons.complex.TestUtils.equals(TestUtils.java:390)
	at org.apache.commons.complex.TestUtils.equals(TestUtils.java:390)
	at org.apache.commons.complex.TestUtils.equals(TestUtils.java:390)
	at org.apache.commons.complex.TestUtils.equals(TestUtils.java:390)
	at org.apache.commons.complex.TestUtils.equals(TestUtils.java:390)
	at org.apache.commons.complex.TestUtils.equals(TestUtils.java:390)
	at org.apache.commons.complex.TestUtils.equals(TestUtils.java:390)
	at org.apache.commons.complex.TestUtils.equals(TestUtils.java:390)
	at org.apache.commons.complex.TestUtils.equals(TestUtils.java:390)
	at org.apache.commons.complex.TestUtils.equals(TestUtils.java:390)
	at org.apache.commons.complex.TestUtils.equals(TestUtils.java:390)
	at org.apache.commons.complex.TestUtils.equals(TestUtils.java:390)
	at org.apache.commons.complex.TestUtils.equals(TestUtils.java:390)
	at org.apache.commons.complex.TestUtils.equals(TestUtils.java:390)
	at org.apache.commons.complex.TestUtils.equals(TestUtils.java:390)
	at org.apache.commons.complex.TestUtils.equals(TestUtils.java:390)
	at org.apache.commons.complex.TestUtils.equals(TestUtils.java:390)
	at org.apache.commons.complex.TestUtils.equals(TestUtils.java:390)
	at org.apache.commons.complex.TestUtils.equals(TestUtils.java:390)
	at org.apache.commons.complex.TestUtils.equals(TestUtils.java:390)
	at org.apache.commons.complex.TestUtils.equals(TestUtils.java:390)
	at org.apache.commons.complex.TestUtils.equals(TestUtils.java:390)
	at org.apache.commons.complex.TestUtils.equals(TestUtils.java:390)
	at org.apache.commons.complex.TestUtils.equals(TestUtils.java:390)
	at org.apache.commons.complex.TestUtils.equals(TestUtils.java:390)
	at org.apache.commons.complex.TestUtils.equals(TestUtils.java:390)
	at org.apache.commons.complex.TestUtils.equals(TestUtils.java:390)
	at org.apache.commons.complex.TestUtils.equals(TestUtils.java:390)
	at org.apache.commons.complex.TestUtils.equals(TestUtils.java:390)
	at org.apache.commons.complex.TestUtils.equals(TestUtils.java:390)
	at org.apache.commons.complex.TestUtils.equals(TestUtils.java:390)
	at org.apache.commons.complex.TestUtils.equals(TestUtils.java:390)
	at org.apache.commons.complex.TestUtils.equals(TestUtils.java:390)
	at org.apache.commons.complex.TestUtils.equals(TestUtils.java:390)
	at org.apache.commons.complex.TestUtils.equals(TestUtils.java:390)
	at org.apache.commons.complex.TestUtils.equals(TestUtils.java:390)
	at org.apache.commons.complex.TestUtils.equals(TestUtils.java:390)
	at org.apache.commons.complex.TestUtils.equals(TestUtils.java:390)
	at org.apache.commons.complex.TestUtils.equals(TestUtils.java:390)
	at org.apache.commons.complex.TestUtils.equals(TestUtils.java:390)
	at org.apache.commons.complex.TestUtils.equals(TestUtils.java:390)
	at org.apache.commons.complex.TestUtils.equals(TestUtils.java:390)
	at org.apache.commons.complex.TestUtils.equals(TestUtils.java:390)
	at org.apache.commons.complex.TestUtils.equals(TestUtils.java:390)
	at org.apache.commons.complex.TestUtils.equals(TestUtils.java:390)
	at org.apache.commons.complex.TestUtils.equals(TestUtils.java:390)
	at org.apache.commons.complex.TestUtils.equals(TestUtils.java:390)
	at org.apache.commons.complex.TestUtils.equals(TestUtils.java:390)
	at org.apache.commons.complex.TestUtils.equals(TestUtils.java:390)
	at org.apache.commons.complex.TestUtils.equals(TestUtils.java:390)
	at org.apache.commons.complex.TestUtils.equals(TestUtils.java:390)
	at org.apache.commons.complex.TestUtils.equals(TestUtils.java:390)
	at org.apache.commons.complex.TestUtils.equals(TestUtils.java:390)
	at org.apache.commons.complex.TestUtils.equals(TestUtils.java:390)
	at org.apache.commons.complex.TestUtils.equals(TestUtils.java:390)
	at org.apache.commons.complex.TestUtils.equals(TestUtils.java:390)
	at org.apache.commons.complex.TestUtils.equals(TestUtils.java:390)
	at org.apache.commons.complex.TestUtils.equals(TestUtils.java:390)
	at org.apache.commons.complex.TestUtils.equals(TestUtils.java:390)
	at org.apache.commons.complex.TestUtils.equals(TestUtils.java:390)
	at org.apache.commons.complex.TestUtils.equals(TestUtils.java:390)
	at org.apache.commons.complex.TestUtils.equals(TestUtils.java:390)
	at org.apache.commons.complex.TestUtils.equals(TestUtils.java:390)
	at org.apache.commons.complex.TestUtils.equals(TestUtils.java:390)
	at org.apache.commons.complex.TestUtils.equals(TestUtils.java:390)
	at org.apache.commons.complex.TestUtils.equals(TestUtils.java:390)
	at org.apache.commons.complex.TestUtils.equals(TestUtils.java:390)
	at org.apache.commons.complex.TestUtils.equals(TestUtils.java:390)
	at org.apache.commons.complex.TestUtils.equals(TestUtils.java:390)
	at org.apache.commons.complex.TestUtils.equals(TestUtils.java:390)
	at org.apache.commons.complex.TestUtils.equals(TestUtils.java:390)
	at org.apache.commons.complex.TestUtils.equals(TestUtils.java:390)
	at org.apache.commons.complex.TestUtils.equals(TestUtils.java:390)
	at org.apache.commons.complex.TestUtils.equals(TestUtils.java:390)
	at org.apache.commons.complex.TestUtils.equals(TestUtils.java:390)
	at org.apache.commons.complex.TestUtils.equals(TestUtils.java:390)
	at org.apache.commons.complex.TestUtils.equals(TestUtils.java:390)
	at org.apache.commons.complex.TestUtils.equals(TestUtils.java:390)
	at org.apache.commons.complex.TestUtils.equals(TestUtils.java:390)
	at org.apache.commons.complex.TestUtils.equals(TestUtils.java:390)
	at org.apache.commons.complex.TestUtils.equals(TestUtils.java:390)
	at org.apache.commons.complex.TestUtils.equals(TestUtils.java:390)
	at org.apache.commons.complex.TestUtils.equals(TestUtils.java:390)
	at org.apache.commons.complex.TestUtils.equals(TestUtils.java:390)
	at org.apache.commons.complex.TestUtils.equals(TestUtils.java:390)
	at org.apache.commons.complex.TestUtils.equals(TestUtils.java:390)
	at org.apache.commons.complex.TestUtils.equals(TestUtils.java:390)
	at org.apache.commons.complex.TestUtils.equals(TestUtils.java:390)
	at org.apache.commons.complex.TestUtils.equals(TestUtils.java:390)
	at org.apache.commons.complex.TestUtils.equals(TestUtils.java:390)
	at org.apache.commons.complex.TestUtils.equals(TestUtils.java:390)
	at org.apache.commons.complex.TestUtils.equals(TestUtils.java:390)
	at org.apache.commons.complex.TestUtils.equals(TestUtils.java:390)
	at org.apache.commons.complex.TestUtils.equals(TestUtils.java:390)
	at org.apache.commons.complex.TestUtils.equals(TestUtils.java:390)
	at org.apache.commons.complex.TestUtils.equals(TestUtils.java:390)
	at org.apache.commons.complex.TestUtils.equals(TestUtils.java:390)
	at org.apache.commons.complex.TestUtils.equals(TestUtils.java:390)
	at org.apache.commons.complex.TestUtils.equals(TestUtils.java:390)
	at org.apache.commons.complex.TestUtils.equals(TestUtils.java:390)
	at org.apache.commons.complex.TestUtils.equals(TestUtils.java:390)
	at org.apache.commons.complex.TestUtils.equals(TestUtils.java:390)
	at org.apache.commons.complex.TestUtils.equals(TestUtils.java:390)
	at org.apache.commons.complex.TestUtils.equals(TestUtils.java:390)
	at org.apache.commons.complex.TestUtils.equals(TestUtils.java:390)
	at org.apache.commons.complex.TestUtils.equals(TestUtils.java:390)
	at org.apache.commons.complex.TestUtils.equals(TestUtils.java:390)
	at org.apache.commons.complex.TestUtils.equals(TestUtils.java:390)
	at org.apache.commons.complex.TestUtils.equals(TestUtils.java:390)
	at org.apache.commons.complex.TestUtils.equals(TestUtils.java:390)
	at org.apache.commons.complex.TestUtils.equals(TestUtils.java:390)
	at org.apache.commons.complex.TestUtils.equals(TestUtils.java:390)
	at org.apache.commons.complex.TestUtils.equals(TestUtils.java:390)
	at org.apache.commons.complex.TestUtils.equals(TestUtils.java:390)
	at org.apache.commons.complex.TestUtils.equals(TestUtils.java:390)
	at org.apache.commons.complex.TestUtils.equals(TestUtils.java:390)
	at org.apache.commons.complex.TestUtils.equals(TestUtils.java:390)
	at org.apache.commons.complex.TestUtils.equals(TestUtils.java:390)
	at org.apache.commons.complex.TestUtils.equals(TestUtils.java:390)
	at org.apache.commons.complex.TestUtils.equals(TestUtils.java:390)
	at org.apache.commons.complex.TestUtils.equals(TestUtils.java:390)
	at org.apache.commons.complex.TestUtils.equals(TestUtils.java:390)
	at org.apache.commons.complex.TestUtils.equals(TestUtils.java:390)
	at org.apache.commons.complex.TestUtils.equals(TestUtils.java:390)
	at org.apache.commons.complex.TestUtils.equals(TestUtils.java:390)
	at org.apache.commons.complex.TestUtils.equals(TestUtils.java:390)
	at org.apache.commons.complex.TestUtils.equals(TestUtils.java:390)
	at org.apache.commons.complex.TestUtils.equals(TestUtils.java:390)
	at org.apache.commons.complex.TestUtils.equals(TestUtils.java:390)
	at org.apache.commons.complex.TestUtils.equals(TestUtils.java:390)
	at org.apache.commons.complex.TestUtils.equals(TestUtils.java:390)
	at org.apache.commons.complex.TestUtils.equals(TestUtils.java:390)
	at org.apache.commons.complex.TestUtils.equals(TestUtils.java:390)
	at org.apache.commons.complex.TestUtils.equals(TestUtils.java:390)
	at org.apache.commons.complex.TestUtils.equals(TestUtils.java:390)
	at org.apache.commons.complex.TestUtils.equals(TestUtils.java:390)
	at org.apache.commons.complex.TestUtils.equals(TestUtils.java:390)
	at org.apache.commons.complex.TestUtils.equals(TestUtils.java:390)
	at org.apache.commons.complex.TestUtils.equals(TestUtils.java:390)
	at org.apache.commons.complex.TestUtils.equals(TestUtils.java:390)
	at org.apache.commons.complex.TestUtils.equals(TestUtils.java:390)
	at org.apache.commons.complex.TestUtils.equals(TestUtils.java:390)
	at org.apache.commons.complex.TestUtils.equals(TestUtils.java:390)
	at org.apache.commons.complex.TestUtils.equals(TestUtils.java:390)
	at org.apache.commons.complex.TestUtils.equals(TestUtils.java:390)
	at org.apache.commons.complex.TestUtils.equals(TestUtils.java:390)
	at org.apache.commons.complex.TestUtils.equals(TestUtils.java:390)
	at org.apache.commons.complex.TestUtils.equals(TestUtils.java:390)
	at org.apache.commons.complex.TestUtils.equals(TestUtils.java:390)
	at org.apache.commons.complex.TestUtils.equals(TestUtils.java:390)
	at org.apache.commons.complex.TestUtils.equals(TestUtils.java:390)
	at org.apache.commons.complex.TestUtils.equals(TestUtils.java:390)
	at org.apache.commons.complex.TestUtils.equals(TestUtils.java:390)
	at org.apache.commons.complex.TestUtils.equals(TestUtils.java:390)
	at org.apache.commons.complex.TestUtils.equals(TestUtils.java:390)
	at org.apache.commons.complex.TestUtils.equals(TestUtils.java:390)
	at org.apache.commons.complex.TestUtils.equals(TestUtils.java:390)
	at org.apache.commons.complex.TestUtils.equals(TestUtils.java:390)
	at org.apache.commons.complex.TestUtils.equals(TestUtils.java:390)
	at org.apache.commons.complex.TestUtils.equals(TestUtils.java:390)
	at org.apache.commons.complex.TestUtils.equals(TestUtils.java:390)
	at org.apache.commons.complex.TestUtils.equals(TestUtils.java:390)
	at org.apache.commons.complex.TestUtils.equals(TestUtils.java:390)
	at org.apache.commons.complex.TestUtils.equals(TestUtils.java:390)
	at org.apache.commons.complex.TestUtils.equals(TestUtils.java:390)
	at org.apache.commons.complex.TestUtils.equals(TestUtils.java:390)
	at org.apache.commons.complex.TestUtils.equals(TestUtils.java:390)
	at org.apache.commons.complex.TestUtils.equals(TestUtils.java:390)
	at org.apache.commons.complex.TestUtils.equals(TestUtils.java:390)
	at org.apache.commons.complex.TestUtils.equals(TestUtils.java:390)
	at org.apache.commons.complex.TestUtils.equals(TestUtils.java:390)
	at org.apache.commons.complex.TestUtils.equals(TestUtils.java:390)
	at org.apache.commons.complex.TestUtils.equals(TestUtils.java:390)
	at org.apache.commons.complex.TestUtils.equals(TestUtils.java:390)
	at org.apache.commons.complex.TestUtils.equals(TestUtils.java:390)
	at org.apache.commons.complex.TestUtils.equals(TestUtils.java:390)
	at org.apache.commons.complex.TestUtils.equals(TestUtils.java:390)
	at org.apache.commons.complex.TestUtils.equals(TestUtils.java:390)
	at org.apache.commons.complex.TestUtils.equals(TestUtils.java:390)
	at org.apache.commons.complex.TestUtils.equals(TestUtils.java:390)
	at org.apache.commons.complex.TestUtils.equals(TestUtils.java:390)
	at org.apache.commons.complex.TestUtils.equals(TestUtils.java:390)
	at org.apache.commons.complex.TestUtils.equals(TestUtils.java:390)
	at org.apache.commons.complex.TestUtils.equals(TestUtils.java:390)
	at org.apache.commons.complex.TestUtils.equals(TestUtils.java:390)
	at org.apache.commons.complex.TestUtils.equals(TestUtils.java:390)
	at org.apache.commons.complex.TestUtils.equals(TestUtils.java:390)
	at org.apache.commons.complex.TestUtils.equals(TestUtils.java:390)
	at org.apache.commons.complex.TestUtils.equals(TestUtils.java:390)
	at org.apache.commons.complex.TestUtils.equals(TestUtils.java:390)
	at org.apache.commons.complex.TestUtils.equals(TestUtils.java:390)
	at org.apache.commons.complex.TestUtils.equals(TestUtils.java:390)
	at org.apache.commons.complex.TestUtils.equals(TestUtils.java:390)
	at org.apache.commons.complex.TestUtils.equals(TestUtils.java:390)
	at org.apache.commons.complex.TestUtils.equals(TestUtils.java:390)
	at org.apache.commons.complex.TestUtils.equals(TestUtils.java:390)
	at org.apache.commons.complex.TestUtils.equals(TestUtils.java:390)
	at org.apache.commons.complex.TestUtils.equals(TestUtils.java:390)
	at org.apache.commons.complex.TestUtils.equals(TestUtils.java:390)
	at org.apache.commons.complex.TestUtils.equals(TestUtils.java:390)
	at org.apache.commons.complex.TestUtils.equals(TestUtils.java:390)
	at org.apache.commons.complex.TestUtils.equals(TestUtils.java:390)
	at org.apache.commons.complex.TestUtils.equals(TestUtils.java:390)
	at org.apache.commons.complex.TestUtils.equals(TestUtils.java:390)
	at org.apache.commons.complex.TestUtils.equals(TestUtils.java:390)
	at org.apache.commons.complex.TestUtils.equals(TestUtils.java:390)
	at org.apache.commons.complex.TestUtils.equals(TestUtils.java:390)
	at org.apache.commons.complex.TestUtils.equals(TestUtils.java:390)
	at org.apache.commons.complex.TestUtils.equals(TestUtils.java:390)
	at org.apache.commons.complex.TestUtils.equals(TestUtils.java:390)
	at org.apache.commons.complex.TestUtils.equals(TestUtils.java:390)
	at org.apache.commons.complex.TestUtils.equals(TestUtils.java:390)
	at org.apache.commons.complex.TestUtils.equals(TestUtils.java:390)
	at org.apache.commons.complex.TestUtils.equals(TestUtils.java:390)
	at org.apache.commons.complex.TestUtils.equals(TestUtils.java:390)
	at org.apache.commons.complex.TestUtils.equals(TestUtils.java:390)
	at org.apache.commons.complex.TestUtils.equals(TestUtils.java:390)
	at org.apache.commons.complex.TestUtils.equals(TestUtils.java:390)
	at org.apache.commons.complex.TestUtils.equals(TestUtils.java:390)
	at org.apache.commons.complex.TestUtils.equals(TestUtils.java:390)
	at org.apache.commons.complex.TestUtils.equals(TestUtils.java:390)
	at org.apache.commons.complex.TestUtils.equals(TestUtils.java:390)
	at org.apache.commons.complex.TestUtils.equals(TestUtils.java:390)
	at org.apache.commons.complex.TestUtils.equals(TestUtils.java:390)
	at org.apache.commons.complex.TestUtils.equals(TestUtils.java:390)
	at org.apache.commons.complex.TestUtils.equals(TestUtils.java:390)
	at org.apache.commons.complex.TestUtils.equals(TestUtils.java:390)
	at org.apache.commons.complex.TestUtils.equals(TestUtils.java:390)
	at org.apache.commons.complex.TestUtils.equals(TestUtils.java:390)
	at org.apache.commons.complex.TestUtils.equals(TestUtils.java:390)
	at org.apache.commons.complex.TestUtils.equals(TestUtils.java:390)
	at org.apache.commons.complex.TestUtils.equals(TestUtils.java:390)
	at org.apache.commons.complex.TestUtils.equals(TestUtils.java:390)
	at org.apache.commons.complex.TestUtils.equals(TestUtils.java:390)
	at org.apache.commons.complex.TestUtils.equals(TestUtils.java:390)
	at org.apache.commons.complex.TestUtils.equals(TestUtils.java:390)
	at org.apache.commons.complex.TestUtils.equals(TestUtils.java:390)
	at org.apache.commons.complex.TestUtils.equals(TestUtils.java:390)
	at org.apache.commons.complex.TestUtils.equals(TestUtils.java:390)
	at org.apache.commons.complex.TestUtils.equals(TestUtils.java:390)
	at org.apache.commons.complex.TestUtils.equals(TestUtils.java:390)
	at org.apache.commons.complex.TestUtils.equals(TestUtils.java:390)
	at org.apache.commons.complex.TestUtils.equals(TestUtils.java:390)
	at org.apache.commons.complex.TestUtils.equals(TestUtils.java:390)
	at org.apache.commons.complex.TestUtils.equals(TestUtils.java:390)
	at org.apache.commons.complex.TestUtils.equals(TestUtils.java:390)
	at org.apache.commons.complex.TestUtils.equals(TestUtils.java:390)
	at org.apache.commons.complex.TestUtils.equals(TestUtils.java:390)
	at org.apache.commons.complex.TestUtils.equals(TestUtils.java:390)
	at org.apache.commons.complex.TestUtils.equals(TestUtils.java:390)
	at org.apache.commons.complex.TestUtils.equals(TestUtils.java:390)
	at org.apache.commons.complex.TestUtils.equals(TestUtils.java:390)
	at org.apache.commons.complex.TestUtils.equals(TestUtils.java:390)
	at org.apache.commons.complex.TestUtils.equals(TestUtils.java:390)
	at org.apache.commons.complex.TestUtils.equals(TestUtils.java:390)
	at org.apache.commons.complex.TestUtils.equals(TestUtils.java:390)
	at org.apache.commons.complex.TestUtils.equals(TestUtils.java:390)
	at org.apache.commons.complex.TestUtils.equals(TestUtils.java:390)
	at org.apache.commons.complex.TestUtils.equals(TestUtils.java:390)
	at org.apache.commons.complex.TestUtils.equals(TestUtils.java:390)
	at org.apache.commons.complex.TestUtils.equals(TestUtils.java:390)
	at org.apache.commons.complex.TestUtils.equals(TestUtils.java:390)
	at org.apache.commons.complex.TestUtils.equals(TestUtils.java:390)
	at org.apache.commons.complex.TestUtils.equals(TestUtils.java:390)
	at org.apache.commons.complex.TestUtils.equals(TestUtils.java:390)
	at org.apache.commons.complex.TestUtils.equals(TestUtils.java:390)
	at org.apache.commons.complex.TestUtils.equals(TestUtils.java:390)
	at org.apache.commons.complex.TestUtils.equals(TestUtils.java:390)
	at org.apache.commons.complex.TestUtils.equals(TestUtils.java:390)
	at org.apache.commons.complex.TestUtils.equals(TestUtils.java:390)
	at org.apache.commons.complex.TestUtils.equals(TestUtils.java:390)
	at org.apache.commons.complex.TestUtils.equals(TestUtils.java:390)
	at org.apache.commons.complex.TestUtils.equals(TestUtils.java:390)
	at org.apache.commons.complex.TestUtils.equals(TestUtils.java:390)
	at org.apache.commons.complex.TestUtils.equals(TestUtils.java:390)
	at org.apache.commons.complex.TestUtils.equals(TestUtils.java:390)
	at org.apache.commons.complex.TestUtils.equals(TestUtils.java:390)
	at org.apache.commons.complex.TestUtils.equals(TestUtils.java:390)
	at org.apache.commons.complex.TestUtils.equals(TestUtils.java:390)
	at org.apache.commons.complex.TestUtils.equals(TestUtils.java:390)
	at org.apache.commons.complex.TestUtils.equals(TestUtils.java:390)
	at org.apache.commons.complex.TestUtils.equals(TestUtils.java:390)
	at org.apache.commons.complex.TestUtils.equals(TestUtils.java:390)
	at org.apache.commons.complex.TestUtils.equals(TestUtils.java:390)
	at org.apache.commons.complex.TestUtils.equals(TestUtils.java:390)
	at org.apache.commons.complex.TestUtils.equals(TestUtils.java:390)
	at org.apache.commons.complex.TestUtils.equals(TestUtils.java:390)
	at org.apache.commons.complex.TestUtils.equals(TestUtils.java:390)
	at org.apache.commons.complex.TestUtils.equals(TestUtils.java:390)
	at org.apache.commons.complex.TestUtils.equals(TestUtils.java:390)
	at org.apache.commons.complex.TestUtils.equals(TestUtils.java:390)
	at org.apache.commons.complex.TestUtils.equals(TestUtils.java:390)
	at org.apache.commons.complex.TestUtils.equals(TestUtils.java:390)
	at org.apache.commons.complex.TestUtils.equals(TestUtils.java:390)
	at org.apache.commons.complex.TestUtils.equals(TestUtils.java:390)
	at org.apache.commons.complex.TestUtils.equals(TestUtils.java:390)
	at org.apache.commons.complex.TestUtils.equals(TestUtils.java:390)
	at org.apache.commons.complex.TestUtils.equals(TestUtils.java:390)
	at org.apache.commons.complex.TestUtils.equals(TestUtils.java:390)
	at org.apache.commons.complex.TestUtils.equals(TestUtils.java:390)
	at org.apache.commons.complex.TestUtils.equals(TestUtils.java:390)
	at org.apache.commons.complex.TestUtils.equals(TestUtils.java:390)
	at org.apache.commons.complex.TestUtils.equals(TestUtils.java:390)
	at org.apache.commons.complex.TestUtils.equals(TestUtils.java:390)
	at org.apache.commons.complex.TestUtils.equals(TestUtils.java:390)
	at org.apache.commons.complex.TestUtils.equals(TestUtils.java:390)
	at org.apache.commons.complex.TestUtils.equals(TestUtils.java:390)
	at org.apache.commons.complex.TestUtils.equals(TestUtils.java:390)
	at org.apache.commons.complex.TestUtils.equals(TestUtils.java:390)
	at org.apache.commons.complex.TestUtils.equals(TestUtils.java:390)
	at org.apache.commons.complex.TestUtils.equals(TestUtils.java:390)
	at org.apache.commons.complex.TestUtils.equals(TestUtils.java:390)
	at org.apache.commons.complex.TestUtils.equals(TestUtils.java:390)
	at org.apache.commons.complex.TestUtils.equals(TestUtils.java:390)
	at org.apache.commons.complex.TestUtils.equals(TestUtils.java:390)
	at org.apache.commons.complex.TestUtils.equals(TestUtils.java:390)
	at org.apache.commons.complex.TestUtils.equals(TestUtils.java:390)
	at org.apache.commons.complex.TestUtils.equals(TestUtils.java:390)
	at org.apache.commons.complex.TestUtils.equals(TestUtils.java:390)
	at org.apache.commons.complex.TestUtils.equals(TestUtils.java:390)
	at org.apache.commons.complex.TestUtils.equals(TestUtils.java:390)
	at org.apache.commons.complex.TestUtils.equals(TestUtils.java:390)
	at org.apache.commons.complex.TestUtils.equals(TestUtils.java:390)
	at org.apache.commons.complex.TestUtils.equals(TestUtils.java:390)
	at org.apache.commons.complex.TestUtils.equals(TestUtils.java:390)
	at org.apache.commons.complex.TestUtils.equals(TestUtils.java:390)
	at org.apache.commons.complex.TestUtils.equals(TestUtils.java:390)
	at org.apache.commons.complex.TestUtils.equals(TestUtils.java:390)
	at org.apache.commons.complex.TestUtils.equals(TestUtils.java:390)
	at org.apache.commons.complex.TestUtils.equals(TestUtils.java:390)
	at org.apache.commons.complex.TestUtils.equals(TestUtils.java:390)
	at org.apache.commons.complex.TestUtils.equals(TestUtils.java:390)
	at org.apache.commons.complex.TestUtils.equals(TestUtils.java:390)
	at org.apache.commons.complex.TestUtils.equals(TestUtils.java:390)
	at org.apache.commons.complex.TestUtils.equals(TestUtils.java:390)
	at org.apache.commons.complex.TestUtils.equals(TestUtils.java:390)
	at org.apache.commons.complex.TestUtils.equals(TestUtils.java:390)
	at org.apache.commons.complex.TestUtils.equals(TestUtils.java:390)
	at org.apache.commons.complex.TestUtils.equals(TestUtils.java:390)
	at org.apache.commons.complex.TestUtils.equals(TestUtils.java:390)
	at org.apache.commons.complex.TestUtils.equals(TestUtils.java:390)
	at org.apache.commons.complex.TestUtils.equals(TestUtils.java:390)
	at org.apache.commons.complex.TestUtils.equals(TestUtils.java:390)
	at org.apache.commons.complex.TestUtils.equals(TestUtils.java:390)
	at org.apache.commons.complex.TestUtils.equals(TestUtils.java:390)
	at org.apache.commons.complex.TestUtils.equals(TestUtils.java:390)
	at org.apache.commons.complex.TestUtils.equals(TestUtils.java:390)
	at org.apache.commons.complex.TestUtils.equals(TestUtils.java:390)
	at org.apache.commons.complex.TestUtils.equals(TestUtils.java:390)
	at org.apache.commons.complex.TestUtils.equals(TestUtils.java:390)
	at org.apache.commons.complex.TestUtils.equals(TestUtils.java:390)
	at org.apache.commons.complex.TestUtils.equals(TestUtils.java:390)
	at org.apache.commons.complex.TestUtils.equals(TestUtils.java:390)
	at org.apache.commons.complex.TestUtils.equals(TestUtils.java:390)
	at org.apache.commons.complex.TestUtils.equals(TestUtils.java:390)
	at org.apache.commons.complex.TestUtils.equals(TestUtils.java:390)
	at org.apache.commons.complex.TestUtils.equals(TestUtils.java:390)
	at org.apache.commons.complex.TestUtils.equals(TestUtils.java:390)
	at org.apache.commons.complex.TestUtils.equals(TestUtils.java:390)
	at org.apache.commons.complex.TestUtils.equals(TestUtils.java:390)
	at org.apache.commons.complex.TestUtils.equals(TestUtils.java:390)
	at org.apache.commons.complex.TestUtils.equals(TestUtils.java:390)
	at org.apache.commons.complex.TestUtils.equals(TestUtils.java:390)
	at org.apache.commons.complex.TestUtils.equals(TestUtils.java:390)
	at org.apache.commons.complex.TestUtils.equals(TestUtils.java:390)
	at org.apache.commons.complex.TestUtils.equals(TestUtils.java:390)
	at org.apache.commons.complex.TestUtils.equals(TestUtils.java:390)
	at org.apache.commons.complex.TestUtils.equals(TestUtils.java:390)
	at org.apache.commons.complex.TestUtils.equals(TestUtils.java:390)
	at org.apache.commons.complex.TestUtils.equals(TestUtils.java:390)
	at org.apache.commons.complex.TestUtils.equals(TestUtils.java:390)
	at org.apache.commons.complex.TestUtils.equals(TestUtils.java:390)
	at org.apache.commons.complex.TestUtils.equals(TestUtils.java:390)
	at org.apache.commons.complex.TestUtils.equals(TestUtils.java:390)
	at org.apache.commons.complex.TestUtils.equals(TestUtils.java:390)
	at org.apache.commons.complex.TestUtils.equals(TestUtils.java:390)
	at org.apache.commons.complex.TestUtils.equals(TestUtils.java:390)
	at org.apache.commons.complex.TestUtils.equals(TestUtils.java:390)
	at org.apache.commons.complex.TestUtils.equals(TestUtils.java:390)
	at org.apache.commons.complex.TestUtils.equals(TestUtils.java:390)
	at org.apache.commons.complex.TestUtils.equals(TestUtils.java:390)
	at org.apache.commons.complex.TestUtils.equals(TestUtils.java:390)
	at org.apache.commons.complex.TestUtils.equals(TestUtils.java:390)
	at org.apache.commons.complex.TestUtils.equals(TestUtils.java:390)
	at org.apache.commons.complex.TestUtils.equals(TestUtils.java:390)
	at org.apache.commons.complex.TestUtils.equals(TestUtils.java:390)
	at org.apache.commons.complex.TestUtils.equals(TestUtils.java:390)
	at org.apache.commons.complex.TestUtils.equals(TestUtils.java:390)
	at org.apache.commons.complex.TestUtils.equals(TestUtils.java:390)
	at org.apache.commons.complex.TestUtils.equals(TestUtils.java:390)
	at org.apache.commons.complex.TestUtils.equals(TestUtils.java:390)
	at org.apache.commons.complex.TestUtils.equals(TestUtils.java:390)
	at org.apache.commons.complex.TestUtils.equals(TestUtils.java:390)
	at org.apache.commons.complex.TestUtils.equals(TestUtils.java:390)
	at org.apache.commons.complex.TestUtils.equals(TestUtils.java:390)
	at org.apache.commons.complex.TestUtils.equals(TestUtils.java:390)
	at org.apache.commons.complex.TestUtils.equals(TestUtils.java:390)
	at org.apache.commons.complex.TestUtils.equals(TestUtils.java:390)
	at org.apache.commons.complex.TestUtils.equals(TestUtils.java:390)
	at org.apache.commons.complex.TestUtils.equals(TestUtils.java:390)
	at org.apache.commons.complex.TestUtils.equals(TestUtils.java:390)
	at org.apache.commons.complex.TestUtils.equals(TestUtils.java:390)
	at org.apache.commons.complex.TestUtils.equals(TestUtils.java:390)
	at org.apache.commons.complex.TestUtils.equals(TestUtils.java:390)
	at org.apache.commons.complex.TestUtils.equals(TestUtils.java:390)
	at org.apache.commons.complex.TestUtils.equals(TestUtils.java:390)
	at org.apache.commons.complex.TestUtils.equals(TestUtils.java:390)
	at org.apache.commons.complex.TestUtils.equals(TestUtils.java:390)
	at org.apache.commons.complex.TestUtils.equals(TestUtils.java:390)
	at org.apache.commons.complex.TestUtils.equals(TestUtils.java:390)
	at org.apache.commons.complex.TestUtils.equals(TestUtils.java:390)
	at org.apache.commons.complex.TestUtils.equals(TestUtils.java:390)
	at org.apache.commons.complex.TestUtils.equals(TestUtils.java:390)
	at org.apache.commons.complex.TestUtils.equals(TestUtils.java:390)
	at org.apache.commons.complex.TestUtils.equals(TestUtils.java:390)
	at org.apache.commons.complex.TestUtils.equals(TestUtils.java:390)
	at org.apache.commons.complex.TestUtils.equals(TestUtils.java:390)
	at org.apache.commons.complex.TestUtils.equals(TestUtils.java:390)
	at org.apache.commons.complex.TestUtils.equals(TestUtils.java:390)
	at org.apache.commons.complex.TestUtils.equals(TestUtils.java:390)
	at org.apache.commons.complex.TestUtils.equals(TestUtils.java:390)
	at org.apache.commons.complex.TestUtils.equals(TestUtils.java:390)
	at org.apache.commons.complex.TestUtils.equals(TestUtils.java:390)
	at org.apache.commons.complex.TestUtils.equals(TestUtils.java:390)
	at org.apache.commons.complex.TestUtils.equals(TestUtils.java:390)
	at org.apache.commons.complex.TestUtils.equals(TestUtils.java:390)
	at org.apache.commons.complex.TestUtils.equals(TestUtils.java:390)
	at org.apache.commons.complex.TestUtils.equals(TestUtils.java:390)
	at org.apache.commons.complex.TestUtils.equals(TestUtils.java:390)
	at org.apache.commons.complex.TestUtils.equals(TestUtils.java:390)
	at org.apache.commons.complex.TestUtils.equals(TestUtils.java:390)
	at org.apache.commons.complex.TestUtils.equals(TestUtils.java:390)
	at org.apache.commons.complex.TestUtils.equals(TestUtils.java:390)
	at org.apache.commons.complex.TestUtils.equals(TestUtils.java:390)
	at org.apache.commons.complex.TestUtils.equals(TestUtils.java:390)
	at org.apache.commons.complex.TestUtils.equals(TestUtils.java:390)
	at org.apache.commons.complex.TestUtils.equals(TestUtils.java:390)
	at org.apache.commons.complex.TestUtils.equals(TestUtils.java:390)
	at org.apache.commons.complex.TestUtils.equals(TestUtils.java:390)
	at org.apache.commons.complex.TestUtils.equals(TestUtils.java:390)
	at org.apache.commons.complex.TestUtils.equals(TestUtils.java:390)
	at org.apache.commons.complex.TestUtils.equals(TestUtils.java:390)
	at org.apache.commons.complex.TestUtils.equals(TestUtils.java:390)
	at org.apache.commons.complex.TestUtils.equals(TestUtils.java:390)
	at org.apache.commons.complex.TestUtils.equals(TestUtils.java:390)
	at org.apache.commons.complex.TestUtils.equals(TestUtils.java:390)
	at org.apache.commons.complex.TestUtils.equals(TestUtils.java:390)
	at org.apache.commons.complex.TestUtils.equals(TestUtils.java:390)
	at org.apache.commons.complex.TestUtils.equals(TestUtils.java:390)
	at org.apache.commons.complex.TestUtils.equals(TestUtils.java:390)
	at org.apache.commons.complex.TestUtils.equals(TestUtils.java:390)
	at org.apache.commons.complex.TestUtils.equals(TestUtils.java:390)
	at org.apache.commons.complex.TestUtils.equals(TestUtils.java:390)
	at org.apache.commons.complex.TestUtils.equals(TestUtils.java:390)
	at org.apache.commons.complex.TestUtils.equals(TestUtils.java:390)
	at org.apache.commons.complex.TestUtils.equals(TestUtils.java:390)
	at org.apache.commons.complex.TestUtils.equals(TestUtils.java:390)
	at org.apache.commons.complex.TestUtils.equals(TestUtils.java:390)
	at org.apache.commons.complex.TestUtils.equals(TestUtils.java:390)
	at org.apache.commons.complex.TestUtils.equals(TestUtils.java:390)
	at org.apache.commons.complex.TestUtils.equals(TestUtils.java:390)
	at org.apache.commons.complex.TestUtils.equals(TestUtils.java:390)
	at org.apache.commons.complex.TestUtils.equals(TestUtils.java:390)
	at org.apache.commons.complex.TestUtils.equals(TestUtils.java:390)
	at org.apache.commons.complex.TestUtils.equals(TestUtils.java:390)
	at org.apache.commons.complex.TestUtils.equals(TestUtils.java:390)
	at org.apache.commons.complex.TestUtils.equals(TestUtils.java:390)
	at org.apache.commons.complex.TestUtils.equals(TestUtils.java:390)
	at org.apache.commons.complex.TestUtils.equals(TestUtils.java:390)
</error>
  </testcase>
  <testcase name="testExtractionMethods" classname="org.apache.commons.complex.ComplexUtilsTest" time="0.004">
    <error type="java.lang.StackOverflowError:">java.lang.StackOverflowError: null
	at org.apache.commons.complex.TestUtils.equals(TestUtils.java)
	at org.apache.commons.complex.TestUtils.equals(TestUtils.java:390)
	at org.apache.commons.complex.TestUtils.equals(TestUtils.java:390)
	at org.apache.commons.complex.TestUtils.equals(TestUtils.java:390)
	at org.apache.commons.complex.TestUtils.equals(TestUtils.java:390)
	at org.apache.commons.complex.TestUtils.equals(TestUtils.java:390)
	at org.apache.commons.complex.TestUtils.equals(TestUtils.java:390)
	at org.apache.commons.complex.TestUtils.equals(TestUtils.java:390)
	at org.apache.commons.complex.TestUtils.equals(TestUtils.java:390)
	at org.apache.commons.complex.TestUtils.equals(TestUtils.java:390)
	at org.apache.commons.complex.TestUtils.equals(TestUtils.java:390)
	at org.apache.commons.complex.TestUtils.equals(TestUtils.java:390)
	at org.apache.commons.complex.TestUtils.equals(TestUtils.java:390)
	at org.apache.commons.complex.TestUtils.equals(TestUtils.java:390)
	at org.apache.commons.complex.TestUtils.equals(TestUtils.java:390)
	at org.apache.commons.complex.TestUtils.equals(TestUtils.java:390)
	at org.apache.commons.complex.TestUtils.equals(TestUtils.java:390)
	at org.apache.commons.complex.TestUtils.equals(TestUtils.java:390)
	at org.apache.commons.complex.TestUtils.equals(TestUtils.java:390)
	at org.apache.commons.complex.TestUtils.equals(TestUtils.java:390)
	at org.apache.commons.complex.TestUtils.equals(TestUtils.java:390)
	at org.apache.commons.complex.TestUtils.equals(TestUtils.java:390)
	at org.apache.commons.complex.TestUtils.equals(TestUtils.java:390)
	at org.apache.commons.complex.TestUtils.equals(TestUtils.java:390)
	at org.apache.commons.complex.TestUtils.equals(TestUtils.java:390)
	at org.apache.commons.complex.TestUtils.equals(TestUtils.java:390)
	at org.apache.commons.complex.TestUtils.equals(TestUtils.java:390)
	at org.apache.commons.complex.TestUtils.equals(TestUtils.java:390)
	at org.apache.commons.complex.TestUtils.equals(TestUtils.java:390)
	at org.apache.commons.complex.TestUtils.equals(TestUtils.java:390)
	at org.apache.commons.complex.TestUtils.equals(TestUtils.java:390)
	at org.apache.commons.complex.TestUtils.equals(TestUtils.java:390)
	at org.apache.commons.complex.TestUtils.equals(TestUtils.java:390)
	at org.apache.commons.complex.TestUtils.equals(TestUtils.java:390)
	at org.apache.commons.complex.TestUtils.equals(TestUtils.java:390)
	at org.apache.commons.complex.TestUtils.equals(TestUtils.java:390)
	at org.apache.commons.complex.TestUtils.equals(TestUtils.java:390)
	at org.apache.commons.complex.TestUtils.equals(TestUtils.java:390)
	at org.apache.commons.complex.TestUtils.equals(TestUtils.java:390)
	at org.apache.commons.complex.TestUtils.equals(TestUtils.java:390)
	at org.apache.commons.complex.TestUtils.equals(TestUtils.java:390)
	at org.apache.commons.complex.TestUtils.equals(TestUtils.java:390)
	at org.apache.commons.complex.TestUtils.equals(TestUtils.java:390)
	at org.apache.commons.complex.TestUtils.equals(TestUtils.java:390)
	at org.apache.commons.complex.TestUtils.equals(TestUtils.java:390)
	at org.apache.commons.complex.TestUtils.equals(TestUtils.java:390)
	at org.apache.commons.complex.TestUtils.equals(TestUtils.java:390)
	at org.apache.commons.complex.TestUtils.equals(TestUtils.java:390)
	at org.apache.commons.complex.TestUtils.equals(TestUtils.java:390)
	at org.apache.commons.complex.TestUtils.equals(TestUtils.java:390)
	at org.apache.commons.complex.TestUtils.equals(TestUtils.java:390)
	at org.apache.commons.complex.TestUtils.equals(TestUtils.java:390)
	at org.apache.commons.complex.TestUtils.equals(TestUtils.java:390)
	at org.apache.commons.complex.TestUtils.equals(TestUtils.java:390)
	at org.apache.commons.complex.TestUtils.equals(TestUtils.java:390)
	at org.apache.commons.complex.TestUtils.equals(TestUtils.java:390)
	at org.apache.commons.complex.TestUtils.equals(TestUtils.java:390)
	at org.apache.commons.complex.TestUtils.equals(TestUtils.java:390)
	at org.apache.commons.complex.TestUtils.equals(TestUtils.java:390)
	at org.apache.commons.complex.TestUtils.equals(TestUtils.java:390)
	at org.apache.commons.complex.TestUtils.equals(TestUtils.java:390)
	at org.apache.commons.complex.TestUtils.equals(TestUtils.java:390)
	at org.apache.commons.complex.TestUtils.equals(TestUtils.java:390)
	at org.apache.commons.complex.TestUtils.equals(TestUtils.java:390)
	at org.apache.commons.complex.TestUtils.equals(TestUtils.java:390)
	at org.apache.commons.complex.TestUtils.equals(TestUtils.java:390)
	at org.apache.commons.complex.TestUtils.equals(TestUtils.java:390)
	at org.apache.commons.complex.TestUtils.equals(TestUtils.java:390)
	at org.apache.commons.complex.TestUtils.equals(TestUtils.java:390)
	at org.apache.commons.complex.TestUtils.equals(TestUtils.java:390)
	at org.apache.commons.complex.TestUtils.equals(TestUtils.java:390)
	at org.apache.commons.complex.TestUtils.equals(TestUtils.java:390)
	at org.apache.commons.complex.TestUtils.equals(TestUtils.java:390)
	at org.apache.commons.complex.TestUtils.equals(TestUtils.java:390)
	at org.apache.commons.complex.TestUtils.equals(TestUtils.java:390)
	at org.apache.commons.complex.TestUtils.equals(TestUtils.java:390)
	at org.apache.commons.complex.TestUtils.equals(TestUtils.java:390)
	at org.apache.commons.complex.TestUtils.equals(TestUtils.java:390)
	at org.apache.commons.complex.TestUtils.equals(TestUtils.java:390)
	at org.apache.commons.complex.TestUtils.equals(TestUtils.java:390)
	at org.apache.commons.complex.TestUtils.equals(TestUtils.java:390)
	at org.apache.commons.complex.TestUtils.equals(TestUtils.java:390)
	at org.apache.commons.complex.TestUtils.equals(TestUtils.java:390)
	at org.apache.commons.complex.TestUtils.equals(TestUtils.java:390)
	at org.apache.commons.complex.TestUtils.equals(TestUtils.java:390)
	at org.apache.commons.complex.TestUtils.equals(TestUtils.java:390)
	at org.apache.commons.complex.TestUtils.equals(TestUtils.java:390)
	at org.apache.commons.complex.TestUtils.equals(TestUtils.java:390)
	at org.apache.commons.complex.TestUtils.equals(TestUtils.java:390)
	at org.apache.commons.complex.TestUtils.equals(TestUtils.java:390)
	at org.apache.commons.complex.TestUtils.equals(TestUtils.java:390)
	at org.apache.commons.complex.TestUtils.equals(TestUtils.java:390)
	at org.apache.commons.complex.TestUtils.equals(TestUtils.java:390)
	at org.apache.commons.complex.TestUtils.equals(TestUtils.java:390)
	at org.apache.commons.complex.TestUtils.equals(TestUtils.java:390)
	at org.apache.commons.complex.TestUtils.equals(TestUtils.java:390)
	at org.apache.commons.complex.TestUtils.equals(TestUtils.java:390)
	at org.apache.commons.complex.TestUtils.equals(TestUtils.java:390)
	at org.apache.commons.complex.TestUtils.equals(TestUtils.java:390)
	at org.apache.commons.complex.TestUtils.equals(TestUtils.java:390)
	at org.apache.commons.complex.TestUtils.equals(TestUtils.java:390)
	at org.apache.commons.complex.TestUtils.equals(TestUtils.java:390)
	at org.apache.commons.complex.TestUtils.equals(TestUtils.java:390)
	at org.apache.commons.complex.TestUtils.equals(TestUtils.java:390)
	at org.apache.commons.complex.TestUtils.equals(TestUtils.java:390)
	at org.apache.commons.complex.TestUtils.equals(TestUtils.java:390)
	at org.apache.commons.complex.TestUtils.equals(TestUtils.java:390)
	at org.apache.commons.complex.TestUtils.equals(TestUtils.java:390)
	at org.apache.commons.complex.TestUtils.equals(TestUtils.java:390)
	at org.apache.commons.complex.TestUtils.equals(TestUtils.java:390)
	at org.apache.commons.complex.TestUtils.equals(TestUtils.java:390)
	at org.apache.commons.complex.TestUtils.equals(TestUtils.java:390)
	at org.apache.commons.complex.TestUtils.equals(TestUtils.java:390)
	at org.apache.commons.complex.TestUtils.equals(TestUtils.java:390)
	at org.apache.commons.complex.TestUtils.equals(TestUtils.java:390)
	at org.apache.commons.complex.TestUtils.equals(TestUtils.java:390)
	at org.apache.commons.complex.TestUtils.equals(TestUtils.java:390)
	at org.apache.commons.complex.TestUtils.equals(TestUtils.java:390)
	at org.apache.commons.complex.TestUtils.equals(TestUtils.java:390)
	at org.apache.commons.complex.TestUtils.equals(TestUtils.java:390)
	at org.apache.commons.complex.TestUtils.equals(TestUtils.java:390)
	at org.apache.commons.complex.TestUtils.equals(TestUtils.java:390)
	at org.apache.commons.complex.TestUtils.equals(TestUtils.java:390)
	at org.apache.commons.complex.TestUtils.equals(TestUtils.java:390)
	at org.apache.commons.complex.TestUtils.equals(TestUtils.java:390)
	at org.apache.commons.complex.TestUtils.equals(TestUtils.java:390)
	at org.apache.commons.complex.TestUtils.equals(TestUtils.java:390)
	at org.apache.commons.complex.TestUtils.equals(TestUtils.java:390)
	at org.apache.commons.complex.TestUtils.equals(TestUtils.java:390)
	at org.apache.commons.complex.TestUtils.equals(TestUtils.java:390)
	at org.apache.commons.complex.TestUtils.equals(TestUtils.java:390)
	at org.apache.commons.complex.TestUtils.equals(TestUtils.java:390)
	at org.apache.commons.complex.TestUtils.equals(TestUtils.java:390)
	at org.apache.commons.complex.TestUtils.equals(TestUtils.java:390)
	at org.apache.commons.complex.TestUtils.equals(TestUtils.java:390)
	at org.apache.commons.complex.TestUtils.equals(TestUtils.java:390)
	at org.apache.commons.complex.TestUtils.equals(TestUtils.java:390)
	at org.apache.commons.complex.TestUtils.equals(TestUtils.java:390)
	at org.apache.commons.complex.TestUtils.equals(TestUtils.java:390)
	at org.apache.commons.complex.TestUtils.equals(TestUtils.java:390)
	at org.apache.commons.complex.TestUtils.equals(TestUtils.java:390)
	at org.apache.commons.complex.TestUtils.equals(TestUtils.java:390)
	at org.apache.commons.complex.TestUtils.equals(TestUtils.java:390)
[...]
	at org.apache.commons.complex.TestUtils.equals(TestUtils.java:390)
	at org.apache.commons.complex.TestUtils.equals(TestUtils.java:390)
	at org.apache.commons.complex.TestUtils.equals(TestUtils.java:390)
	at org.apache.commons.complex.TestUtils.equals(TestUtils.java:390)
	at org.apache.commons.complex.TestUtils.equals(TestUtils.java:390)
	at org.apache.commons.complex.TestUtils.equals(TestUtils.java:390)
	at org.apache.commons.complex.TestUtils.equals(TestUtils.java:390)
	at org.apache.commons.complex.TestUtils.equals(TestUtils.java:390)
	at org.apache.commons.complex.TestUtils.equals(TestUtils.java:390)
	at org.apache.commons.complex.TestUtils.equals(TestUtils.java:390)
	at org.apache.commons.complex.TestUtils.equals(TestUtils.java:390)
	at org.apache.commons.complex.TestUtils.equals(TestUtils.java:390)
	at org.apache.commons.complex.TestUtils.equals(TestUtils.java:390)
	at org.apache.commons.complex.TestUtils.equals(TestUtils.java:390)
	at org.apache.commons.complex.TestUtils.equals(TestUtils.java:390)
	at org.apache.commons.complex.TestUtils.equals(TestUtils.java:390)
	at org.apache.commons.complex.TestUtils.equals(TestUtils.java:390)
	at org.apache.commons.complex.TestUtils.equals(TestUtils.java:390)
	at org.apache.commons.complex.TestUtils.equals(TestUtils.java:390)
	at org.apache.commons.complex.TestUtils.equals(TestUtils.java:390)
	at org.apache.commons.complex.TestUtils.equals(TestUtils.java:390)
	at org.apache.commons.complex.TestUtils.equals(TestUtils.java:390)
	at org.apache.commons.complex.TestUtils.equals(TestUtils.java:390)
	at org.apache.commons.complex.TestUtils.equals(TestUtils.java:390)
	at org.apache.commons.complex.TestUtils.equals(TestUtils.java:390)
	at org.apache.commons.complex.TestUtils.equals(TestUtils.java:390)
	at org.apache.commons.complex.TestUtils.equals(TestUtils.java:390)
	at org.apache.commons.complex.TestUtils.equals(TestUtils.java:390)
	at org.apache.commons.complex.TestUtils.equals(TestUtils.java:390)
	at org.apache.commons.complex.TestUtils.equals(TestUtils.java:390)
	at org.apache.commons.complex.TestUtils.equals(TestUtils.java:390)
	at org.apache.commons.complex.TestUtils.equals(TestUtils.java:390)
	at org.apache.commons.complex.TestUtils.equals(TestUtils.java:390)
	at org.apache.commons.complex.TestUtils.equals(TestUtils.java:390)
	at org.apache.commons.complex.TestUtils.equals(TestUtils.java:390)
	at org.apache.commons.complex.TestUtils.equals(TestUtils.java:390)
	at org.apache.commons.complex.TestUtils.equals(TestUtils.java:390)
	at org.apache.commons.complex.TestUtils.equals(TestUtils.java:390)
	at org.apache.commons.complex.TestUtils.equals(TestUtils.java:390)
	at org.apache.commons.complex.TestUtils.equals(TestUtils.java:390)
	at org.apache.commons.complex.TestUtils.equals(TestUtils.java:390)
	at org.apache.commons.complex.TestUtils.equals(TestUtils.java:390)
	at org.apache.commons.complex.TestUtils.equals(TestUtils.java:390)
	at org.apache.commons.complex.TestUtils.equals(TestUtils.java:390)
	at org.apache.commons.complex.TestUtils.equals(TestUtils.java:390)
	at org.apache.commons.complex.TestUtils.equals(TestUtils.java:390)
	at org.apache.commons.complex.TestUtils.equals(TestUtils.java:390)
	at org.apache.commons.complex.TestUtils.equals(TestUtils.java:390)
	at org.apache.commons.complex.TestUtils.equals(TestUtils.java:390)
	at org.apache.commons.complex.TestUtils.equals(TestUtils.java:390)
	at org.apache.commons.complex.TestUtils.equals(TestUtils.java:390)
	at org.apache.commons.complex.TestUtils.equals(TestUtils.java:390)
	at org.apache.commons.complex.TestUtils.equals(TestUtils.java:390)
	at org.apache.commons.complex.TestUtils.equals(TestUtils.java:390)
	at org.apache.commons.complex.TestUtils.equals(TestUtils.java:390)
	at org.apache.commons.complex.TestUtils.equals(TestUtils.java:390)
	at org.apache.commons.complex.TestUtils.equals(TestUtils.java:390)
	at org.apache.commons.complex.TestUtils.equals(TestUtils.java:390)
	at org.apache.commons.complex.TestUtils.equals(TestUtils.java:390)
	at org.apache.commons.complex.TestUtils.equals(TestUtils.java:390)
	at org.apache.commons.complex.TestUtils.equals(TestUtils.java:390)
	at org.apache.commons.complex.TestUtils.equals(TestUtils.java:390)
	at org.apache.commons.complex.TestUtils.equals(TestUtils.java:390)
	at org.apache.commons.complex.TestUtils.equals(TestUtils.java:390)
	at org.apache.commons.complex.TestUtils.equals(TestUtils.java:390)
	at org.apache.commons.complex.TestUtils.equals(TestUtils.java:390)
	at org.apache.commons.complex.TestUtils.equals(TestUtils.java:390)
	at org.apache.commons.complex.TestUtils.equals(TestUtils.java:390)
	at org.apache.commons.complex.TestUtils.equals(TestUtils.java:390)
	at org.apache.commons.complex.TestUtils.equals(TestUtils.java:390)
	at org.apache.commons.complex.TestUtils.equals(TestUtils.java:390)
	at org.apache.commons.complex.TestUtils.equals(TestUtils.java:390)
	at org.apache.commons.complex.TestUtils.equals(TestUtils.java:390)
	at org.apache.commons.complex.TestUtils.equals(TestUtils.java:390)
	at org.apache.commons.complex.TestUtils.equals(TestUtils.java:390)
	at org.apache.commons.complex.TestUtils.equals(TestUtils.java:390)
	at org.apache.commons.complex.TestUtils.equals(TestUtils.java:390)
	at org.apache.commons.complex.TestUtils.equals(TestUtils.java:390)
	at org.apache.commons.complex.TestUtils.equals(TestUtils.java:390)
	at org.apache.commons.complex.TestUtils.equals(TestUtils.java:390)
	at org.apache.commons.complex.TestUtils.equals(TestUtils.java:390)
	at org.apache.commons.complex.TestUtils.equals(TestUtils.java:390)
	at org.apache.commons.complex.TestUtils.equals(TestUtils.java:390)
	at org.apache.commons.complex.TestUtils.equals(TestUtils.java:390)
	at org.apache.commons.complex.TestUtils.equals(TestUtils.java:390)
	at org.apache.commons.complex.TestUtils.equals(TestUtils.java:390)
	at org.apache.commons.complex.TestUtils.equals(TestUtils.java:390)
	at org.apache.commons.complex.TestUtils.equals(TestUtils.java:390)
	at org.apache.commons.complex.TestUtils.equals(TestUtils.java:390)
	at org.apache.commons.complex.TestUtils.equals(TestUtils.java:390)
	at org.apache.commons.complex.TestUtils.equals(TestUtils.java:390)
	at org.apache.commons.complex.TestUtils.equals(TestUtils.java:390)
	at org.apache.commons.complex.TestUtils.equals(TestUtils.java:390)
	at org.apache.commons.complex.TestUtils.equals(TestUtils.java:390)
	at org.apache.commons.complex.TestUtils.equals(TestUtils.java:390)
	at org.apache.commons.complex.TestUtils.equals(TestUtils.java:390)
	at org.apache.commons.complex.TestUtils.equals(TestUtils.java:390)
	at org.apache.commons.complex.TestUtils.equals(TestUtils.java:390)
	at org.apache.commons.complex.TestUtils.equals(TestUtils.java:390)
	at org.apache.commons.complex.TestUtils.equals(TestUtils.java:390)
	at org.apache.commons.complex.TestUtils.equals(TestUtils.java:390)
	at org.apache.commons.complex.TestUtils.equals(TestUtils.java:390)
	at org.apache.commons.complex.TestUtils.equals(TestUtils.java:390)
	at org.apache.commons.complex.TestUtils.equals(TestUtils.java:390)
	at org.apache.commons.complex.TestUtils.equals(TestUtils.java:390)
	at org.apache.commons.complex.TestUtils.equals(TestUtils.java:390)
	at org.apache.commons.complex.TestUtils.equals(TestUtils.java:390)
	at org.apache.commons.complex.TestUtils.equals(TestUtils.java:390)
	at org.apache.commons.complex.TestUtils.equals(TestUtils.java:390)
	at org.apache.commons.complex.TestUtils.equals(TestUtils.java:390)
	at org.apache.commons.complex.TestUtils.equals(TestUtils.java:390)
	at org.apache.commons.complex.TestUtils.equals(TestUtils.java:390)
	at org.apache.commons.complex.TestUtils.equals(TestUtils.java:390)
	at org.apache.commons.complex.TestUtils.equals(TestUtils.java:390)
	at org.apache.commons.complex.TestUtils.equals(TestUtils.java:390)
	at org.apache.commons.complex.TestUtils.equals(TestUtils.java:390)
	at org.apache.commons.complex.TestUtils.equals(TestUtils.java:390)
	at org.apache.commons.complex.TestUtils.equals(TestUtils.java:390)
	at org.apache.commons.complex.TestUtils.equals(TestUtils.java:390)
	at org.apache.commons.complex.TestUtils.equals(TestUtils.java:390)
	at org.apache.commons.complex.TestUtils.equals(TestUtils.java:390)
	at org.apache.commons.complex.TestUtils.equals(TestUtils.java:390)
	at org.apache.commons.complex.TestUtils.equals(TestUtils.java:390)
	at org.apache.commons.complex.TestUtils.equals(TestUtils.java:390)
	at org.apache.commons.complex.TestUtils.equals(TestUtils.java:390)
	at org.apache.commons.complex.TestUtils.equals(TestUtils.java:390)
	at org.apache.commons.complex.TestUtils.equals(TestUtils.java:390)
	at org.apache.commons.complex.TestUtils.equals(TestUtils.java:390)
	at org.apache.commons.complex.TestUtils.equals(TestUtils.java:390)
	at org.apache.commons.complex.TestUtils.equals(TestUtils.java:390)
	at org.apache.commons.complex.TestUtils.equals(TestUtils.java:390)
	at org.apache.commons.complex.TestUtils.equals(TestUtils.java:390)
	at org.apache.commons.complex.TestUtils.equals(TestUtils.java:390)
	at org.apache.commons.complex.TestUtils.equals(TestUtils.java:390)
	at org.apache.commons.complex.TestUtils.equals(TestUtils.java:390)
	at org.apache.commons.complex.TestUtils.equals(TestUtils.java:390)
	at org.apache.commons.complex.TestUtils.equals(TestUtils.java:390)
	at org.apache.commons.complex.TestUtils.equals(TestUtils.java:390)
	at org.apache.commons.complex.TestUtils.equals(TestUtils.java:390)
	at org.apache.commons.complex.TestUtils.equals(TestUtils.java:390)
	at org.apache.commons.complex.TestUtils.equals(TestUtils.java:390)
	at org.apache.commons.complex.TestUtils.equals(TestUtils.java:390)
	at org.apache.commons.complex.TestUtils.equals(TestUtils.java:390)
	at org.apache.commons.complex.TestUtils.equals(TestUtils.java:390)
	at org.apache.commons.complex.TestUtils.equals(TestUtils.java:390)
	at org.apache.commons.complex.TestUtils.equals(TestUtils.java:390)
	at org.apache.commons.complex.TestUtils.equals(TestUtils.java:390)
	at org.apache.commons.complex.TestUtils.equals(TestUtils.java:390)
	at org.apache.commons.complex.TestUtils.equals(TestUtils.java:390)
	at org.apache.commons.complex.TestUtils.equals(TestUtils.java:390)
	at org.apache.commons.complex.TestUtils.equals(TestUtils.java:390)
	at org.apache.commons.complex.TestUtils.equals(TestUtils.java:390)
	at org.apache.commons.complex.TestUtils.equals(TestUtils.java:390)
	at org.apache.commons.complex.TestUtils.equals(TestUtils.java:390)
	at org.apache.commons.complex.TestUtils.equals(TestUtils.java:390)
	at org.apache.commons.complex.TestUtils.equals(TestUtils.java:390)
	at org.apache.commons.complex.TestUtils.equals(TestUtils.java:390)
	at org.apache.commons.complex.TestUtils.equals(TestUtils.java:390)
	at org.apache.commons.complex.TestUtils.equals(TestUtils.java:390)
	at org.apache.commons.complex.TestUtils.equals(TestUtils.java:390)
	at org.apache.commons.complex.TestUtils.equals(TestUtils.java:390)
	at org.apache.commons.complex.TestUtils.equals(TestUtils.java:390)
	at org.apache.commons.complex.TestUtils.equals(TestUtils.java:390)
	at org.apache.commons.complex.TestUtils.equals(TestUtils.java:390)
	at org.apache.commons.complex.TestUtils.equals(TestUtils.java:390)
	at org.apache.commons.complex.TestUtils.equals(TestUtils.java:390)
	at org.apache.commons.complex.TestUtils.equals(TestUtils.java:390)
	at org.apache.commons.complex.TestUtils.equals(TestUtils.java:390)
	at org.apache.commons.complex.TestUtils.equals(TestUtils.java:390)
	at org.apache.commons.complex.TestUtils.equals(TestUtils.java:390)
	at org.apache.commons.complex.TestUtils.equals(TestUtils.java:390)
	at org.apache.commons.complex.TestUtils.equals(TestUtils.java:390)
	at org.apache.commons.complex.TestUtils.equals(TestUtils.java:390)
	at org.apache.commons.complex.TestUtils.equals(TestUtils.java:390)
	at org.apache.commons.complex.TestUtils.equals(TestUtils.java:390)
	at org.apache.commons.complex.TestUtils.equals(TestUtils.java:390)
	at org.apache.commons.complex.TestUtils.equals(TestUtils.java:390)
	at org.apache.commons.complex.TestUtils.equals(TestUtils.java:390)
	at org.apache.commons.complex.TestUtils.equals(TestUtils.java:390)
	at org.apache.commons.complex.TestUtils.equals(TestUtils.java:390)
	at org.apache.commons.complex.TestUtils.equals(TestUtils.java:390)
	at org.apache.commons.complex.TestUtils.equals(TestUtils.java:390)
	at org.apache.commons.complex.TestUtils.equals(TestUtils.java:390)
	at org.apache.commons.complex.TestUtils.equals(TestUtils.java:390)
	at org.apache.commons.complex.TestUtils.equals(TestUtils.java:390)
	at org.apache.commons.complex.TestUtils.equals(TestUtils.java:390)
	at org.apache.commons.complex.TestUtils.equals(TestUtils.java:390)
	at org.apache.commons.complex.TestUtils.equals(TestUtils.java:390)
	at org.apache.commons.complex.TestUtils.equals(TestUtils.java:390)
	at org.apache.commons.complex.TestUtils.equals(TestUtils.java:390)
	at org.apache.commons.complex.TestUtils.equals(TestUtils.java:390)
	at org.apache.commons.complex.TestUtils.equals(TestUtils.java:390)
	at org.apache.commons.complex.TestUtils.equals(TestUtils.java:390)
	at org.apache.commons.complex.TestUtils.equals(TestUtils.java:390)
	at org.apache.commons.complex.TestUtils.equals(TestUtils.java:390)
	at org.apache.commons.complex.TestUtils.equals(TestUtils.java:390)
	at org.apache.commons.complex.TestUtils.equals(TestUtils.java:390)
	at org.apache.commons.complex.TestUtils.equals(TestUtils.java:390)
	at org.apache.commons.complex.TestUtils.equals(TestUtils.java:390)
	at org.apache.commons.complex.TestUtils.equals(TestUtils.java:390)
	at org.apache.commons.complex.TestUtils.equals(TestUtils.java:390)
	at org.apache.commons.complex.TestUtils.equals(TestUtils.java:390)
	at org.apache.commons.complex.TestUtils.equals(TestUtils.java:390)
	at org.apache.commons.complex.TestUtils.equals(TestUtils.java:390)
	at org.apache.commons.complex.TestUtils.equals(TestUtils.java:390)
	at org.apache.commons.complex.TestUtils.equals(TestUtils.java:390)
	at org.apache.commons.complex.TestUtils.equals(TestUtils.java:390)
	at org.apache.commons.complex.TestUtils.equals(TestUtils.java:390)
	at org.apache.commons.complex.TestUtils.equals(TestUtils.java:390)
	at org.apache.commons.complex.TestUtils.equals(TestUtils.java:390)
	at org.apache.commons.complex.TestUtils.equals(TestUtils.java:390)
	at org.apache.commons.complex.TestUtils.equals(TestUtils.java:390)
	at org.apache.commons.complex.TestUtils.equals(TestUtils.java:390)
	at org.apache.commons.complex.TestUtils.equals(TestUtils.java:390)
	at org.apache.commons.complex.TestUtils.equals(TestUtils.java:390)
	at org.apache.commons.complex.TestUtils.equals(TestUtils.java:390)
	at org.apache.commons.complex.TestUtils.equals(TestUtils.java:390)
	at org.apache.commons.complex.TestUtils.equals(TestUtils.java:390)
	at org.apache.commons.complex.TestUtils.equals(TestUtils.java:390)
	at org.apache.commons.complex.TestUtils.equals(TestUtils.java:390)
	at org.apache.commons.complex.TestUtils.equals(TestUtils.java:390)
	at org.apache.commons.complex.TestUtils.equals(TestUtils.java:390)
	at org.apache.commons.complex.TestUtils.equals(TestUtils.java:390)
	at org.apache.commons.complex.TestUtils.equals(TestUtils.java:390)
	at org.apache.commons.complex.TestUtils.equals(TestUtils.java:390)
	at org.apache.commons.complex.TestUtils.equals(TestUtils.java:390)
	at org.apache.commons.complex.TestUtils.equals(TestUtils.java:390)
	at org.apache.commons.complex.TestUtils.equals(TestUtils.java:390)
	at org.apache.commons.complex.TestUtils.equals(TestUtils.java:390)
	at org.apache.commons.complex.TestUtils.equals(TestUtils.java:390)
	at org.apache.commons.complex.TestUtils.equals(TestUtils.java:390)
	at org.apache.commons.complex.TestUtils.equals(TestUtils.java:390)
	at org.apache.commons.complex.TestUtils.equals(TestUtils.java:390)
	at org.apache.commons.complex.TestUtils.equals(TestUtils.java:390)
	at org.apache.commons.complex.TestUtils.equals(TestUtils.java:390)
	at org.apache.commons.complex.TestUtils.equals(TestUtils.java:390)
	at org.apache.commons.complex.TestUtils.equals(TestUtils.java:390)
	at org.apache.commons.complex.TestUtils.equals(TestUtils.java:390)
	at org.apache.commons.complex.TestUtils.equals(TestUtils.java:390)
	at org.apache.commons.complex.TestUtils.equals(TestUtils.java:390)
	at org.apache.commons.complex.TestUtils.equals(TestUtils.java:390)
	at org.apache.commons.complex.TestUtils.equals(TestUtils.java:390)
	at org.apache.commons.complex.TestUtils.equals(TestUtils.java:390)
	at org.apache.commons.complex.TestUtils.equals(TestUtils.java:390)
	at org.apache.commons.complex.TestUtils.equals(TestUtils.java:390)
	at org.apache.commons.complex.TestUtils.equals(TestUtils.java:390)
	at org.apache.commons.complex.TestUtils.equals(TestUtils.java:390)
	at org.apache.commons.complex.TestUtils.equals(TestUtils.java:390)
	at org.apache.commons.complex.TestUtils.equals(TestUtils.java:390)
	at org.apache.commons.complex.TestUtils.equals(TestUtils.java:390)
	at org.apache.commons.complex.TestUtils.equals(TestUtils.java:390)
	at org.apache.commons.complex.TestUtils.equals(TestUtils.java:390)
	at org.apache.commons.complex.TestUtils.equals(TestUtils.java:390)
	at org.apache.commons.complex.TestUtils.equals(TestUtils.java:390)
	at org.apache.commons.complex.TestUtils.equals(TestUtils.java:390)
	at org.apache.commons.complex.TestUtils.equals(TestUtils.java:390)
	at org.apache.commons.complex.TestUtils.equals(TestUtils.java:390)
	at org.apache.commons.complex.TestUtils.equals(TestUtils.java:390)
	at org.apache.commons.complex.TestUtils.equals(TestUtils.java:390)
	at org.apache.commons.complex.TestUtils.equals(TestUtils.java:390)
	at org.apache.commons.complex.TestUtils.equals(TestUtils.java:390)
	at org.apache.commons.complex.TestUtils.equals(TestUtils.java:390)
	at org.apache.commons.complex.TestUtils.equals(TestUtils.java:390)
	at org.apache.commons.complex.TestUtils.equals(TestUtils.java:390)
	at org.apache.commons.complex.TestUtils.equals(TestUtils.java:390)
	at org.apache.commons.complex.TestUtils.equals(TestUtils.java:390)
	at org.apache.commons.complex.TestUtils.equals(TestUtils.java:390)
	at org.apache.commons.complex.TestUtils.equals(TestUtils.java:390)
	at org.apache.commons.complex.TestUtils.equals(TestUtils.java:390)
	at org.apache.commons.complex.TestUtils.equals(TestUtils.java:390)
	at org.apache.commons.complex.TestUtils.equals(TestUtils.java:390)
	at org.apache.commons.complex.TestUtils.equals(TestUtils.java:390)
	at org.apache.commons.complex.TestUtils.equals(TestUtils.java:390)
	at org.apache.commons.complex.TestUtils.equals(TestUtils.java:390)
	at org.apache.commons.complex.TestUtils.equals(TestUtils.java:390)
	at org.apache.commons.complex.TestUtils.equals(TestUtils.java:390)
	at org.apache.commons.complex.TestUtils.equals(TestUtils.java:390)
	at org.apache.commons.complex.TestUtils.equals(TestUtils.java:390)
	at org.apache.commons.complex.TestUtils.equals(TestUtils.java:390)
	at org.apache.commons.complex.TestUtils.equals(TestUtils.java:390)
	at org.apache.commons.complex.TestUtils.equals(TestUtils.java:390)
	at org.apache.commons.complex.TestUtils.equals(TestUtils.java:390)
	at org.apache.commons.complex.TestUtils.equals(TestUtils.java:390)
	at org.apache.commons.complex.TestUtils.equals(TestUtils.java:390)
	at org.apache.commons.complex.TestUtils.equals(TestUtils.java:390)
	at org.apache.commons.complex.TestUtils.equals(TestUtils.java:390)
	at org.apache.commons.complex.TestUtils.equals(TestUtils.java:390)
	at org.apache.commons.complex.TestUtils.equals(TestUtils.java:390)
	at org.apache.commons.complex.TestUtils.equals(TestUtils.java:390)
	at org.apache.commons.complex.TestUtils.equals(TestUtils.java:390)
	at org.apache.commons.complex.TestUtils.equals(TestUtils.java:390)
	at org.apache.commons.complex.TestUtils.equals(TestUtils.java:390)
	at org.apache.commons.complex.TestUtils.equals(TestUtils.java:390)
</error>
  </testcase>
</testsuite>